{"C:\\Users\\decla\\GitHub\\professional_planner\\server\\app.js":{"path":"C:\\Users\\decla\\GitHub\\professional_planner\\server\\app.js","statementMap":{"0":{"start":{"line":1,"column":14},"end":{"line":1,"column":32}},"1":{"start":{"line":2,"column":11},"end":{"line":2,"column":26}},"2":{"start":{"line":3,"column":19},"end":{"line":3,"column":43}},"3":{"start":{"line":4,"column":13},"end":{"line":4,"column":30}},"4":{"start":{"line":5,"column":11},"end":{"line":5,"column":26}},"5":{"start":{"line":7,"column":18},"end":{"line":7,"column":43}},"6":{"start":{"line":8,"column":17},"end":{"line":8,"column":44}},"7":{"start":{"line":9,"column":14},"end":{"line":9,"column":40}},"8":{"start":{"line":11,"column":10},"end":{"line":11,"column":19}},"9":{"start":{"line":13,"column":0},"end":{"line":13,"column":16}},"10":{"start":{"line":14,"column":0},"end":{"line":14,"column":23}},"11":{"start":{"line":15,"column":0},"end":{"line":15,"column":24}},"12":{"start":{"line":16,"column":0},"end":{"line":16,"column":49}},"13":{"start":{"line":17,"column":0},"end":{"line":17,"column":24}},"14":{"start":{"line":19,"column":0},"end":{"line":19,"column":49}},"15":{"start":{"line":20,"column":0},"end":{"line":20,"column":42}},"16":{"start":{"line":21,"column":0},"end":{"line":21,"column":46}},"17":{"start":{"line":22,"column":0},"end":{"line":22,"column":31}},"18":{"start":{"line":24,"column":0},"end":{"line":24,"column":49}},"19":{"start":{"line":26,"column":0},"end":{"line":26,"column":26}},"20":{"start":{"line":27,"column":0},"end":{"line":27,"column":28}},"21":{"start":{"line":29,"column":0},"end":{"line":29,"column":21}}},"fnMap":{},"branchMap":{},"s":{"0":1,"1":1,"2":1,"3":1,"4":1,"5":1,"6":1,"7":1,"8":1,"9":1,"10":1,"11":1,"12":1,"13":1,"14":1,"15":1,"16":1,"17":1,"18":1,"19":1,"20":1,"21":1},"f":{},"b":{},"_coverageSchema":"1a1c01bbd47fc00a2c39e90264f33305004495a9","hash":"f51d87b303e82a2edc3f9b789e530fab386d9b88","contentHash":"6dd9c3f31a334a2ca81aca612e763120a8d04f266d571305427cb47d78a00a65"},"C:\\Users\\decla\\GitHub\\professional_planner\\server\\routes\\index.js":{"path":"C:\\Users\\decla\\GitHub\\professional_planner\\server\\routes\\index.js","statementMap":{"0":{"start":{"line":1,"column":14},"end":{"line":1,"column":32}},"1":{"start":{"line":2,"column":13},"end":{"line":2,"column":29}},"2":{"start":{"line":5,"column":0},"end":{"line":7,"column":3}},"3":{"start":{"line":6,"column":1},"end":{"line":6,"column":43}},"4":{"start":{"line":9,"column":0},"end":{"line":9,"column":24}}},"fnMap":{"0":{"name":"(anonymous_0)","decl":{"start":{"line":5,"column":16},"end":{"line":5,"column":17}},"loc":{"start":{"line":5,"column":36},"end":{"line":7,"column":1}},"line":5}},"branchMap":{},"s":{"0":1,"1":1,"2":1,"3":0,"4":1},"f":{"0":0},"b":{},"_coverageSchema":"1a1c01bbd47fc00a2c39e90264f33305004495a9","hash":"629c30c439a2d706bed99c50691d0e2678665370","contentHash":"5db8d6fdd7122e9632310fcb114fb44c0803af0219d875ffae8a4d3eb30a9dec"},"C:\\Users\\decla\\GitHub\\professional_planner\\server\\routes\\api\\api.js":{"path":"C:\\Users\\decla\\GitHub\\professional_planner\\server\\routes\\api\\api.js","statementMap":{"0":{"start":{"line":1,"column":14},"end":{"line":1,"column":32}},"1":{"start":{"line":2,"column":13},"end":{"line":2,"column":29}},"2":{"start":{"line":4,"column":20},"end":{"line":4,"column":42}},"3":{"start":{"line":5,"column":21},"end":{"line":5,"column":45}},"4":{"start":{"line":6,"column":22},"end":{"line":6,"column":48}},"5":{"start":{"line":7,"column":25},"end":{"line":7,"column":57}},"6":{"start":{"line":8,"column":22},"end":{"line":8,"column":48}},"7":{"start":{"line":9,"column":27},"end":{"line":9,"column":63}},"8":{"start":{"line":10,"column":25},"end":{"line":10,"column":57}},"9":{"start":{"line":11,"column":18},"end":{"line":11,"column":40}},"10":{"start":{"line":13,"column":0},"end":{"line":13,"column":33}},"11":{"start":{"line":14,"column":0},"end":{"line":14,"column":35}},"12":{"start":{"line":15,"column":0},"end":{"line":15,"column":37}},"13":{"start":{"line":16,"column":0},"end":{"line":16,"column":43}},"14":{"start":{"line":17,"column":0},"end":{"line":17,"column":37}},"15":{"start":{"line":18,"column":0},"end":{"line":18,"column":47}},"16":{"start":{"line":19,"column":0},"end":{"line":19,"column":43}},"17":{"start":{"line":21,"column":0},"end":{"line":21,"column":24}}},"fnMap":{},"branchMap":{},"s":{"0":1,"1":1,"2":1,"3":1,"4":1,"5":1,"6":1,"7":1,"8":1,"9":1,"10":1,"11":1,"12":1,"13":1,"14":1,"15":1,"16":1,"17":1},"f":{},"b":{},"_coverageSchema":"1a1c01bbd47fc00a2c39e90264f33305004495a9","hash":"c837d891f28df78765abaee9879108fa6be93b6a","contentHash":"0ce27f99b86095701c5606eda4d2d2a72b9a778c643512449bbf2dad03c46cd3"},"C:\\Users\\decla\\GitHub\\professional_planner\\server\\routes\\api\\user\\user.js":{"path":"C:\\Users\\decla\\GitHub\\professional_planner\\server\\routes\\api\\user\\user.js","statementMap":{"0":{"start":{"line":1,"column":16},"end":{"line":1,"column":34}},"1":{"start":{"line":2,"column":15},"end":{"line":2,"column":31}},"2":{"start":{"line":4,"column":14},"end":{"line":4,"column":43}},"3":{"start":{"line":5,"column":17},"end":{"line":5,"column":49}},"4":{"start":{"line":6,"column":15},"end":{"line":6,"column":32}},"5":{"start":{"line":7,"column":15},"end":{"line":7,"column":32}},"6":{"start":{"line":8,"column":16},"end":{"line":8,"column":45}},"7":{"start":{"line":18,"column":0},"end":{"line":69,"column":3}},"8":{"start":{"line":19,"column":2},"end":{"line":68,"column":3}},"9":{"start":{"line":20,"column":13},"end":{"line":20,"column":24}},"10":{"start":{"line":23,"column":16},"end":{"line":23,"column":32}},"11":{"start":{"line":25,"column":4},"end":{"line":63,"column":5}},"12":{"start":{"line":26,"column":6},"end":{"line":32,"column":8}},"13":{"start":{"line":34,"column":16},"end":{"line":34,"column":53}},"14":{"start":{"line":35,"column":14},"end":{"line":35,"column":21}},"15":{"start":{"line":37,"column":6},"end":{"line":62,"column":10}},"16":{"start":{"line":39,"column":10},"end":{"line":39,"column":24}},"17":{"start":{"line":40,"column":10},"end":{"line":40,"column":26}},"18":{"start":{"line":44,"column":12},"end":{"line":56,"column":13}},"19":{"start":{"line":45,"column":14},"end":{"line":50,"column":16}},"20":{"start":{"line":52,"column":22},"end":{"line":52,"column":68}},"21":{"start":{"line":53,"column":14},"end":{"line":53,"column":36}},"22":{"start":{"line":55,"column":14},"end":{"line":55,"column":33}},"23":{"start":{"line":59,"column":12},"end":{"line":59,"column":29}},"24":{"start":{"line":60,"column":12},"end":{"line":60,"column":43}},"25":{"start":{"line":65,"column":4},"end":{"line":67,"column":6}},"26":{"start":{"line":79,"column":0},"end":{"line":135,"column":3}},"27":{"start":{"line":80,"column":2},"end":{"line":134,"column":3}},"28":{"start":{"line":81,"column":13},"end":{"line":81,"column":24}},"29":{"start":{"line":82,"column":17},"end":{"line":82,"column":30}},"30":{"start":{"line":84,"column":21},"end":{"line":84,"column":35}},"31":{"start":{"line":86,"column":4},"end":{"line":128,"column":5}},"32":{"start":{"line":87,"column":6},"end":{"line":87,"column":78}},"33":{"start":{"line":89,"column":17},"end":{"line":89,"column":55}},"34":{"start":{"line":91,"column":16},"end":{"line":91,"column":70}},"35":{"start":{"line":92,"column":14},"end":{"line":92,"column":32}},"36":{"start":{"line":94,"column":6},"end":{"line":127,"column":10}},"37":{"start":{"line":96,"column":10},"end":{"line":96,"column":26}},"38":{"start":{"line":99,"column":21},"end":{"line":99,"column":68}},"39":{"start":{"line":100,"column":21},"end":{"line":100,"column":67}},"40":{"start":{"line":102,"column":21},"end":{"line":105,"column":7}},"41":{"start":{"line":107,"column":10},"end":{"line":112,"column":12}},"42":{"start":{"line":115,"column":10},"end":{"line":115,"column":30}},"43":{"start":{"line":119,"column":12},"end":{"line":122,"column":14}},"44":{"start":{"line":125,"column":12},"end":{"line":125,"column":43}},"45":{"start":{"line":130,"column":4},"end":{"line":133,"column":6}},"46":{"start":{"line":146,"column":0},"end":{"line":193,"column":3}},"47":{"start":{"line":147,"column":2},"end":{"line":192,"column":3}},"48":{"start":{"line":148,"column":13},"end":{"line":148,"column":24}},"49":{"start":{"line":149,"column":17},"end":{"line":149,"column":19}},"50":{"start":{"line":151,"column":15},"end":{"line":151,"column":28}},"51":{"start":{"line":152,"column":19},"end":{"line":152,"column":36}},"52":{"start":{"line":154,"column":4},"end":{"line":183,"column":5}},"53":{"start":{"line":155,"column":6},"end":{"line":161,"column":8}},"54":{"start":{"line":163,"column":6},"end":{"line":182,"column":10}},"55":{"start":{"line":165,"column":20},"end":{"line":165,"column":76}},"56":{"start":{"line":166,"column":18},"end":{"line":166,"column":32}},"57":{"start":{"line":168,"column":10},"end":{"line":168,"column":40}},"58":{"start":{"line":171,"column":10},"end":{"line":171,"column":26}},"59":{"start":{"line":175,"column":12},"end":{"line":177,"column":14}},"60":{"start":{"line":180,"column":12},"end":{"line":180,"column":43}},"61":{"start":{"line":185,"column":4},"end":{"line":191,"column":6}},"62":{"start":{"line":202,"column":0},"end":{"line":219,"column":3}},"63":{"start":{"line":203,"column":2},"end":{"line":218,"column":3}},"64":{"start":{"line":204,"column":4},"end":{"line":209,"column":7}},"65":{"start":{"line":205,"column":6},"end":{"line":208,"column":7}},"66":{"start":{"line":205,"column":15},"end":{"line":205,"column":46}},"67":{"start":{"line":207,"column":8},"end":{"line":207,"column":80}},"68":{"start":{"line":211,"column":4},"end":{"line":217,"column":6}},"69":{"start":{"line":229,"column":0},"end":{"line":282,"column":3}},"70":{"start":{"line":230,"column":2},"end":{"line":281,"column":3}},"71":{"start":{"line":231,"column":13},"end":{"line":231,"column":24}},"72":{"start":{"line":233,"column":19},"end":{"line":233,"column":36}},"73":{"start":{"line":234,"column":24},"end":{"line":234,"column":46}},"74":{"start":{"line":235,"column":18},"end":{"line":235,"column":37}},"75":{"start":{"line":237,"column":4},"end":{"line":272,"column":5}},"76":{"start":{"line":238,"column":6},"end":{"line":244,"column":8}},"77":{"start":{"line":247,"column":8},"end":{"line":247,"column":90}},"78":{"start":{"line":248,"column":14},"end":{"line":248,"column":48}},"79":{"start":{"line":250,"column":6},"end":{"line":271,"column":10}},"80":{"start":{"line":252,"column":10},"end":{"line":252,"column":19}},"81":{"start":{"line":256,"column":12},"end":{"line":258,"column":14}},"82":{"start":{"line":261,"column":12},"end":{"line":261,"column":70}},"83":{"start":{"line":262,"column":12},"end":{"line":262,"column":37}},"84":{"start":{"line":263,"column":12},"end":{"line":269,"column":14}},"85":{"start":{"line":274,"column":4},"end":{"line":280,"column":6}},"86":{"start":{"line":295,"column":0},"end":{"line":355,"column":3}},"87":{"start":{"line":296,"column":2},"end":{"line":354,"column":3}},"88":{"start":{"line":297,"column":13},"end":{"line":297,"column":24}},"89":{"start":{"line":300,"column":15},"end":{"line":300,"column":28}},"90":{"start":{"line":301,"column":16},"end":{"line":301,"column":30}},"91":{"start":{"line":302,"column":19},"end":{"line":302,"column":36}},"92":{"start":{"line":303,"column":15},"end":{"line":303,"column":28}},"93":{"start":{"line":304,"column":13},"end":{"line":304,"column":32}},"94":{"start":{"line":305,"column":17},"end":{"line":305,"column":19}},"95":{"start":{"line":307,"column":4},"end":{"line":348,"column":5}},"96":{"start":{"line":314,"column":14},"end":{"line":318,"column":7}},"97":{"start":{"line":319,"column":6},"end":{"line":319,"column":30}},"98":{"start":{"line":321,"column":6},"end":{"line":347,"column":10}},"99":{"start":{"line":324,"column":12},"end":{"line":324,"column":87}},"100":{"start":{"line":325,"column":18},"end":{"line":325,"column":47}},"101":{"start":{"line":327,"column":10},"end":{"line":327,"column":40}},"102":{"start":{"line":330,"column":10},"end":{"line":330,"column":19}},"103":{"start":{"line":334,"column":12},"end":{"line":336,"column":14}},"104":{"start":{"line":339,"column":12},"end":{"line":345,"column":14}},"105":{"start":{"line":350,"column":4},"end":{"line":353,"column":6}},"106":{"start":{"line":365,"column":0},"end":{"line":440,"column":3}},"107":{"start":{"line":366,"column":2},"end":{"line":439,"column":3}},"108":{"start":{"line":367,"column":13},"end":{"line":367,"column":24}},"109":{"start":{"line":370,"column":16},"end":{"line":370,"column":30}},"110":{"start":{"line":371,"column":19},"end":{"line":371,"column":36}},"111":{"start":{"line":373,"column":4},"end":{"line":428,"column":5}},"112":{"start":{"line":374,"column":6},"end":{"line":378,"column":13}},"113":{"start":{"line":380,"column":16},"end":{"line":380,"column":53}},"114":{"start":{"line":381,"column":14},"end":{"line":381,"column":21}},"115":{"start":{"line":383,"column":6},"end":{"line":427,"column":11}},"116":{"start":{"line":385,"column":10},"end":{"line":385,"column":25}},"117":{"start":{"line":386,"column":10},"end":{"line":386,"column":19}},"118":{"start":{"line":389,"column":10},"end":{"line":426,"column":11}},"119":{"start":{"line":390,"column":12},"end":{"line":393,"column":14}},"120":{"start":{"line":395,"column":23},"end":{"line":395,"column":30}},"121":{"start":{"line":397,"column":12},"end":{"line":425,"column":15}},"122":{"start":{"line":398,"column":14},"end":{"line":405,"column":18}},"123":{"start":{"line":399,"column":16},"end":{"line":405,"column":18}},"124":{"start":{"line":406,"column":14},"end":{"line":424,"column":18}},"125":{"start":{"line":407,"column":16},"end":{"line":414,"column":18}},"126":{"start":{"line":416,"column":24},"end":{"line":417,"column":23}},"127":{"start":{"line":418,"column":16},"end":{"line":418,"column":38}},"128":{"start":{"line":419,"column":16},"end":{"line":419,"column":35}},"129":{"start":{"line":421,"column":16},"end":{"line":424,"column":18}},"130":{"start":{"line":430,"column":4},"end":{"line":430,"column":58}},"131":{"start":{"line":431,"column":4},"end":{"line":431,"column":29}},"132":{"start":{"line":432,"column":4},"end":{"line":438,"column":6}},"133":{"start":{"line":452,"column":0},"end":{"line":526,"column":3}},"134":{"start":{"line":453,"column":2},"end":{"line":525,"column":3}},"135":{"start":{"line":454,"column":13},"end":{"line":454,"column":24}},"136":{"start":{"line":457,"column":15},"end":{"line":457,"column":28}},"137":{"start":{"line":458,"column":16},"end":{"line":458,"column":30}},"138":{"start":{"line":459,"column":19},"end":{"line":459,"column":36}},"139":{"start":{"line":460,"column":15},"end":{"line":460,"column":28}},"140":{"start":{"line":463,"column":17},"end":{"line":463,"column":19}},"141":{"start":{"line":465,"column":4},"end":{"line":514,"column":5}},"142":{"start":{"line":466,"column":14},"end":{"line":470,"column":7}},"143":{"start":{"line":471,"column":6},"end":{"line":471,"column":30}},"144":{"start":{"line":473,"column":16},"end":{"line":473,"column":53}},"145":{"start":{"line":474,"column":14},"end":{"line":474,"column":21}},"146":{"start":{"line":476,"column":6},"end":{"line":513,"column":10}},"147":{"start":{"line":478,"column":10},"end":{"line":478,"column":24}},"148":{"start":{"line":480,"column":10},"end":{"line":480,"column":49}},"149":{"start":{"line":483,"column":10},"end":{"line":491,"column":11}},"150":{"start":{"line":484,"column":12},"end":{"line":484,"column":73}},"151":{"start":{"line":487,"column":14},"end":{"line":487,"column":83}},"152":{"start":{"line":488,"column":20},"end":{"line":488,"column":45}},"153":{"start":{"line":490,"column":12},"end":{"line":490,"column":42}},"154":{"start":{"line":494,"column":10},"end":{"line":494,"column":19}},"155":{"start":{"line":498,"column":12},"end":{"line":500,"column":14}},"156":{"start":{"line":503,"column":12},"end":{"line":503,"column":56}},"157":{"start":{"line":504,"column":12},"end":{"line":504,"column":37}},"158":{"start":{"line":505,"column":12},"end":{"line":511,"column":14}},"159":{"start":{"line":516,"column":4},"end":{"line":516,"column":60}},"160":{"start":{"line":517,"column":4},"end":{"line":517,"column":29}},"161":{"start":{"line":518,"column":4},"end":{"line":524,"column":6}},"162":{"start":{"line":535,"column":0},"end":{"line":578,"column":3}},"163":{"start":{"line":536,"column":2},"end":{"line":577,"column":3}},"164":{"start":{"line":537,"column":13},"end":{"line":537,"column":24}},"165":{"start":{"line":538,"column":18},"end":{"line":538,"column":34}},"166":{"start":{"line":540,"column":4},"end":{"line":571,"column":5}},"167":{"start":{"line":541,"column":14},"end":{"line":545,"column":7}},"168":{"start":{"line":546,"column":6},"end":{"line":546,"column":30}},"169":{"start":{"line":548,"column":16},"end":{"line":548,"column":48}},"170":{"start":{"line":549,"column":14},"end":{"line":549,"column":23}},"171":{"start":{"line":551,"column":6},"end":{"line":570,"column":10}},"172":{"start":{"line":553,"column":10},"end":{"line":553,"column":19}},"173":{"start":{"line":557,"column":12},"end":{"line":559,"column":14}},"174":{"start":{"line":562,"column":12},"end":{"line":568,"column":14}},"175":{"start":{"line":573,"column":4},"end":{"line":576,"column":6}},"176":{"start":{"line":587,"column":0},"end":{"line":603,"column":3}},"177":{"start":{"line":588,"column":2},"end":{"line":602,"column":3}},"178":{"start":{"line":589,"column":4},"end":{"line":599,"column":5}},"179":{"start":{"line":590,"column":14},"end":{"line":594,"column":7}},"180":{"start":{"line":596,"column":6},"end":{"line":596,"column":30}},"181":{"start":{"line":598,"column":6},"end":{"line":598,"column":62}},"182":{"start":{"line":601,"column":4},"end":{"line":601,"column":77}},"183":{"start":{"line":612,"column":0},"end":{"line":672,"column":3}},"184":{"start":{"line":613,"column":2},"end":{"line":671,"column":3}},"185":{"start":{"line":614,"column":13},"end":{"line":614,"column":24}},"186":{"start":{"line":617,"column":15},"end":{"line":617,"column":31}},"187":{"start":{"line":619,"column":4},"end":{"line":662,"column":5}},"188":{"start":{"line":620,"column":14},"end":{"line":624,"column":7}},"189":{"start":{"line":626,"column":6},"end":{"line":626,"column":30}},"190":{"start":{"line":629,"column":8},"end":{"line":629,"column":165}},"191":{"start":{"line":630,"column":14},"end":{"line":630,"column":23}},"192":{"start":{"line":632,"column":6},"end":{"line":661,"column":10}},"193":{"start":{"line":634,"column":10},"end":{"line":634,"column":24}},"194":{"start":{"line":635,"column":10},"end":{"line":635,"column":26}},"195":{"start":{"line":639,"column":30},"end":{"line":639,"column":32}},"196":{"start":{"line":640,"column":12},"end":{"line":646,"column":13}},"197":{"start":{"line":641,"column":14},"end":{"line":645,"column":17}},"198":{"start":{"line":648,"column":20},"end":{"line":648,"column":72}},"199":{"start":{"line":649,"column":12},"end":{"line":649,"column":60}},"200":{"start":{"line":651,"column":12},"end":{"line":651,"column":31}},"201":{"start":{"line":654,"column":20},"end":{"line":658,"column":13}},"202":{"start":{"line":659,"column":12},"end":{"line":659,"column":36}},"203":{"start":{"line":664,"column":4},"end":{"line":670,"column":6}},"204":{"start":{"line":675,"column":2},"end":{"line":675,"column":57}},"205":{"start":{"line":679,"column":2},"end":{"line":687,"column":5}},"206":{"start":{"line":680,"column":4},"end":{"line":686,"column":7}},"207":{"start":{"line":681,"column":6},"end":{"line":681,"column":34}},"208":{"start":{"line":681,"column":15},"end":{"line":681,"column":34}},"209":{"start":{"line":682,"column":6},"end":{"line":685,"column":9}},"210":{"start":{"line":683,"column":8},"end":{"line":684,"column":34}},"211":{"start":{"line":683,"column":17},"end":{"line":683,"column":36}},"212":{"start":{"line":684,"column":13},"end":{"line":684,"column":34}},"213":{"start":{"line":690,"column":0},"end":{"line":690,"column":24}}},"fnMap":{"0":{"name":"(anonymous_0)","decl":{"start":{"line":18,"column":28},"end":{"line":18,"column":29}},"loc":{"start":{"line":18,"column":42},"end":{"line":69,"column":1}},"line":18},"1":{"name":"(anonymous_1)","decl":{"start":{"line":38,"column":14},"end":{"line":38,"column":15}},"loc":{"start":{"line":38,"column":26},"end":{"line":41,"column":9}},"line":38},"2":{"name":"(anonymous_2)","decl":{"start":{"line":43,"column":10},"end":{"line":43,"column":11}},"loc":{"start":{"line":43,"column":16},"end":{"line":57,"column":11}},"line":43},"3":{"name":"(anonymous_3)","decl":{"start":{"line":58,"column":10},"end":{"line":58,"column":11}},"loc":{"start":{"line":58,"column":19},"end":{"line":61,"column":11}},"line":58},"4":{"name":"(anonymous_4)","decl":{"start":{"line":79,"column":32},"end":{"line":79,"column":33}},"loc":{"start":{"line":79,"column":46},"end":{"line":135,"column":1}},"line":79},"5":{"name":"(anonymous_5)","decl":{"start":{"line":95,"column":14},"end":{"line":95,"column":15}},"loc":{"start":{"line":95,"column":20},"end":{"line":97,"column":9}},"line":95},"6":{"name":"(anonymous_6)","decl":{"start":{"line":98,"column":14},"end":{"line":98,"column":15}},"loc":{"start":{"line":98,"column":20},"end":{"line":113,"column":9}},"line":98},"7":{"name":"(anonymous_7)","decl":{"start":{"line":114,"column":14},"end":{"line":114,"column":15}},"loc":{"start":{"line":114,"column":20},"end":{"line":116,"column":9}},"line":114},"8":{"name":"(anonymous_8)","decl":{"start":{"line":118,"column":10},"end":{"line":118,"column":11}},"loc":{"start":{"line":118,"column":16},"end":{"line":123,"column":11}},"line":118},"9":{"name":"(anonymous_9)","decl":{"start":{"line":124,"column":10},"end":{"line":124,"column":11}},"loc":{"start":{"line":124,"column":19},"end":{"line":126,"column":11}},"line":124},"10":{"name":"(anonymous_10)","decl":{"start":{"line":146,"column":39},"end":{"line":146,"column":40}},"loc":{"start":{"line":146,"column":53},"end":{"line":193,"column":1}},"line":146},"11":{"name":"(anonymous_11)","decl":{"start":{"line":164,"column":14},"end":{"line":164,"column":15}},"loc":{"start":{"line":164,"column":26},"end":{"line":169,"column":9}},"line":164},"12":{"name":"(anonymous_12)","decl":{"start":{"line":170,"column":14},"end":{"line":170,"column":15}},"loc":{"start":{"line":170,"column":20},"end":{"line":172,"column":9}},"line":170},"13":{"name":"(anonymous_13)","decl":{"start":{"line":174,"column":10},"end":{"line":174,"column":11}},"loc":{"start":{"line":174,"column":16},"end":{"line":178,"column":11}},"line":174},"14":{"name":"(anonymous_14)","decl":{"start":{"line":179,"column":10},"end":{"line":179,"column":11}},"loc":{"start":{"line":179,"column":19},"end":{"line":181,"column":11}},"line":179},"15":{"name":"(anonymous_15)","decl":{"start":{"line":202,"column":23},"end":{"line":202,"column":24}},"loc":{"start":{"line":202,"column":37},"end":{"line":219,"column":1}},"line":202},"16":{"name":"(anonymous_16)","decl":{"start":{"line":204,"column":24},"end":{"line":204,"column":25}},"loc":{"start":{"line":204,"column":33},"end":{"line":209,"column":5}},"line":204},"17":{"name":"(anonymous_17)","decl":{"start":{"line":229,"column":34},"end":{"line":229,"column":35}},"loc":{"start":{"line":229,"column":48},"end":{"line":282,"column":1}},"line":229},"18":{"name":"(anonymous_18)","decl":{"start":{"line":251,"column":14},"end":{"line":251,"column":15}},"loc":{"start":{"line":251,"column":20},"end":{"line":253,"column":9}},"line":251},"19":{"name":"(anonymous_19)","decl":{"start":{"line":255,"column":10},"end":{"line":255,"column":11}},"loc":{"start":{"line":255,"column":16},"end":{"line":259,"column":11}},"line":255},"20":{"name":"(anonymous_20)","decl":{"start":{"line":260,"column":10},"end":{"line":260,"column":11}},"loc":{"start":{"line":260,"column":19},"end":{"line":270,"column":11}},"line":260},"21":{"name":"(anonymous_21)","decl":{"start":{"line":295,"column":28},"end":{"line":295,"column":29}},"loc":{"start":{"line":295,"column":42},"end":{"line":355,"column":1}},"line":295},"22":{"name":"(anonymous_22)","decl":{"start":{"line":322,"column":14},"end":{"line":322,"column":15}},"loc":{"start":{"line":322,"column":24},"end":{"line":328,"column":9}},"line":322},"23":{"name":"(anonymous_23)","decl":{"start":{"line":329,"column":14},"end":{"line":329,"column":15}},"loc":{"start":{"line":329,"column":20},"end":{"line":331,"column":9}},"line":329},"24":{"name":"(anonymous_24)","decl":{"start":{"line":333,"column":10},"end":{"line":333,"column":11}},"loc":{"start":{"line":333,"column":16},"end":{"line":337,"column":11}},"line":333},"25":{"name":"(anonymous_25)","decl":{"start":{"line":338,"column":10},"end":{"line":338,"column":11}},"loc":{"start":{"line":338,"column":19},"end":{"line":346,"column":11}},"line":338},"26":{"name":"(anonymous_26)","decl":{"start":{"line":365,"column":22},"end":{"line":365,"column":23}},"loc":{"start":{"line":365,"column":36},"end":{"line":440,"column":1}},"line":365},"27":{"name":"(anonymous_27)","decl":{"start":{"line":384,"column":14},"end":{"line":384,"column":15}},"loc":{"start":{"line":384,"column":27},"end":{"line":387,"column":9}},"line":384},"28":{"name":"(anonymous_28)","decl":{"start":{"line":388,"column":14},"end":{"line":388,"column":15}},"loc":{"start":{"line":388,"column":20},"end":{"line":427,"column":9}},"line":388},"29":{"name":"(anonymous_29)","decl":{"start":{"line":397,"column":52},"end":{"line":397,"column":53}},"loc":{"start":{"line":397,"column":67},"end":{"line":425,"column":13}},"line":397},"30":{"name":"(anonymous_30)","decl":{"start":{"line":452,"column":28},"end":{"line":452,"column":29}},"loc":{"start":{"line":452,"column":42},"end":{"line":526,"column":1}},"line":452},"31":{"name":"(anonymous_31)","decl":{"start":{"line":477,"column":14},"end":{"line":477,"column":15}},"loc":{"start":{"line":477,"column":26},"end":{"line":481,"column":9}},"line":477},"32":{"name":"(anonymous_32)","decl":{"start":{"line":482,"column":14},"end":{"line":482,"column":15}},"loc":{"start":{"line":482,"column":24},"end":{"line":492,"column":9}},"line":482},"33":{"name":"(anonymous_33)","decl":{"start":{"line":493,"column":14},"end":{"line":493,"column":15}},"loc":{"start":{"line":493,"column":20},"end":{"line":495,"column":9}},"line":493},"34":{"name":"(anonymous_34)","decl":{"start":{"line":497,"column":10},"end":{"line":497,"column":11}},"loc":{"start":{"line":497,"column":16},"end":{"line":501,"column":11}},"line":497},"35":{"name":"(anonymous_35)","decl":{"start":{"line":502,"column":10},"end":{"line":502,"column":11}},"loc":{"start":{"line":502,"column":19},"end":{"line":512,"column":11}},"line":502},"36":{"name":"(anonymous_36)","decl":{"start":{"line":535,"column":23},"end":{"line":535,"column":24}},"loc":{"start":{"line":535,"column":37},"end":{"line":578,"column":1}},"line":535},"37":{"name":"(anonymous_37)","decl":{"start":{"line":552,"column":14},"end":{"line":552,"column":15}},"loc":{"start":{"line":552,"column":20},"end":{"line":554,"column":9}},"line":552},"38":{"name":"(anonymous_38)","decl":{"start":{"line":556,"column":10},"end":{"line":556,"column":11}},"loc":{"start":{"line":556,"column":16},"end":{"line":560,"column":11}},"line":556},"39":{"name":"(anonymous_39)","decl":{"start":{"line":561,"column":10},"end":{"line":561,"column":11}},"loc":{"start":{"line":561,"column":19},"end":{"line":569,"column":11}},"line":561},"40":{"name":"(anonymous_40)","decl":{"start":{"line":587,"column":24},"end":{"line":587,"column":25}},"loc":{"start":{"line":587,"column":38},"end":{"line":603,"column":1}},"line":587},"41":{"name":"(anonymous_41)","decl":{"start":{"line":612,"column":23},"end":{"line":612,"column":24}},"loc":{"start":{"line":612,"column":37},"end":{"line":672,"column":1}},"line":612},"42":{"name":"(anonymous_42)","decl":{"start":{"line":633,"column":14},"end":{"line":633,"column":15}},"loc":{"start":{"line":633,"column":26},"end":{"line":636,"column":9}},"line":633},"43":{"name":"(anonymous_43)","decl":{"start":{"line":638,"column":10},"end":{"line":638,"column":11}},"loc":{"start":{"line":638,"column":16},"end":{"line":652,"column":11}},"line":638},"44":{"name":"(anonymous_44)","decl":{"start":{"line":653,"column":10},"end":{"line":653,"column":11}},"loc":{"start":{"line":653,"column":19},"end":{"line":660,"column":11}},"line":653},"45":{"name":"isEmpty","decl":{"start":{"line":674,"column":9},"end":{"line":674,"column":16}},"loc":{"start":{"line":674,"column":22},"end":{"line":676,"column":1}},"line":674},"46":{"name":"generate_hash","decl":{"start":{"line":678,"column":9},"end":{"line":678,"column":22}},"loc":{"start":{"line":678,"column":41},"end":{"line":688,"column":1}},"line":678},"47":{"name":"(anonymous_47)","decl":{"start":{"line":679,"column":21},"end":{"line":679,"column":22}},"loc":{"start":{"line":679,"column":42},"end":{"line":687,"column":3}},"line":679},"48":{"name":"(anonymous_48)","decl":{"start":{"line":680,"column":27},"end":{"line":680,"column":28}},"loc":{"start":{"line":680,"column":42},"end":{"line":686,"column":5}},"line":680},"49":{"name":"(anonymous_49)","decl":{"start":{"line":682,"column":34},"end":{"line":682,"column":35}},"loc":{"start":{"line":682,"column":49},"end":{"line":685,"column":7}},"line":682}},"branchMap":{"0":{"loc":{"start":{"line":25,"column":4},"end":{"line":63,"column":5}},"type":"if","locations":[{"start":{"line":25,"column":4},"end":{"line":63,"column":5}},{"start":{"line":25,"column":4},"end":{"line":63,"column":5}}],"line":25},"1":{"loc":{"start":{"line":44,"column":12},"end":{"line":56,"column":13}},"type":"if","locations":[{"start":{"line":44,"column":12},"end":{"line":56,"column":13}},{"start":{"line":44,"column":12},"end":{"line":56,"column":13}}],"line":44},"2":{"loc":{"start":{"line":86,"column":4},"end":{"line":128,"column":5}},"type":"if","locations":[{"start":{"line":86,"column":4},"end":{"line":128,"column":5}},{"start":{"line":86,"column":4},"end":{"line":128,"column":5}}],"line":86},"3":{"loc":{"start":{"line":154,"column":4},"end":{"line":183,"column":5}},"type":"if","locations":[{"start":{"line":154,"column":4},"end":{"line":183,"column":5}},{"start":{"line":154,"column":4},"end":{"line":183,"column":5}}],"line":154},"4":{"loc":{"start":{"line":154,"column":8},"end":{"line":154,"column":42}},"type":"binary-expr","locations":[{"start":{"line":154,"column":8},"end":{"line":154,"column":21}},{"start":{"line":154,"column":25},"end":{"line":154,"column":42}}],"line":154},"5":{"loc":{"start":{"line":205,"column":6},"end":{"line":208,"column":7}},"type":"if","locations":[{"start":{"line":205,"column":6},"end":{"line":208,"column":7}},{"start":{"line":205,"column":6},"end":{"line":208,"column":7}}],"line":205},"6":{"loc":{"start":{"line":237,"column":4},"end":{"line":272,"column":5}},"type":"if","locations":[{"start":{"line":237,"column":4},"end":{"line":272,"column":5}},{"start":{"line":237,"column":4},"end":{"line":272,"column":5}}],"line":237},"7":{"loc":{"start":{"line":237,"column":8},"end":{"line":237,"column":71}},"type":"binary-expr","locations":[{"start":{"line":237,"column":8},"end":{"line":237,"column":25}},{"start":{"line":237,"column":29},"end":{"line":237,"column":45}},{"start":{"line":237,"column":49},"end":{"line":237,"column":71}}],"line":237},"8":{"loc":{"start":{"line":307,"column":4},"end":{"line":348,"column":5}},"type":"if","locations":[{"start":{"line":307,"column":4},"end":{"line":348,"column":5}},{"start":{"line":307,"column":4},"end":{"line":348,"column":5}}],"line":307},"9":{"loc":{"start":{"line":308,"column":6},"end":{"line":312,"column":17}},"type":"binary-expr","locations":[{"start":{"line":308,"column":6},"end":{"line":308,"column":19}},{"start":{"line":309,"column":6},"end":{"line":309,"column":20}},{"start":{"line":310,"column":6},"end":{"line":310,"column":23}},{"start":{"line":311,"column":6},"end":{"line":311,"column":19}},{"start":{"line":312,"column":6},"end":{"line":312,"column":17}}],"line":308},"10":{"loc":{"start":{"line":373,"column":4},"end":{"line":428,"column":5}},"type":"if","locations":[{"start":{"line":373,"column":4},"end":{"line":428,"column":5}},{"start":{"line":373,"column":4},"end":{"line":428,"column":5}}],"line":373},"11":{"loc":{"start":{"line":373,"column":8},"end":{"line":373,"column":43}},"type":"binary-expr","locations":[{"start":{"line":373,"column":8},"end":{"line":373,"column":25}},{"start":{"line":373,"column":29},"end":{"line":373,"column":43}}],"line":373},"12":{"loc":{"start":{"line":389,"column":10},"end":{"line":426,"column":11}},"type":"if","locations":[{"start":{"line":389,"column":10},"end":{"line":426,"column":11}},{"start":{"line":389,"column":10},"end":{"line":426,"column":11}}],"line":389},"13":{"loc":{"start":{"line":398,"column":14},"end":{"line":405,"column":18}},"type":"if","locations":[{"start":{"line":398,"column":14},"end":{"line":405,"column":18}},{"start":{"line":398,"column":14},"end":{"line":405,"column":18}}],"line":398},"14":{"loc":{"start":{"line":406,"column":14},"end":{"line":424,"column":18}},"type":"if","locations":[{"start":{"line":406,"column":14},"end":{"line":424,"column":18}},{"start":{"line":406,"column":14},"end":{"line":424,"column":18}}],"line":406},"15":{"loc":{"start":{"line":465,"column":4},"end":{"line":514,"column":5}},"type":"if","locations":[{"start":{"line":465,"column":4},"end":{"line":514,"column":5}},{"start":{"line":465,"column":4},"end":{"line":514,"column":5}}],"line":465},"16":{"loc":{"start":{"line":465,"column":8},"end":{"line":465,"column":43}},"type":"binary-expr","locations":[{"start":{"line":465,"column":8},"end":{"line":465,"column":22}},{"start":{"line":465,"column":26},"end":{"line":465,"column":43}}],"line":465},"17":{"loc":{"start":{"line":483,"column":10},"end":{"line":491,"column":11}},"type":"if","locations":[{"start":{"line":483,"column":10},"end":{"line":491,"column":11}},{"start":{"line":483,"column":10},"end":{"line":491,"column":11}}],"line":483},"18":{"loc":{"start":{"line":540,"column":4},"end":{"line":571,"column":5}},"type":"if","locations":[{"start":{"line":540,"column":4},"end":{"line":571,"column":5}},{"start":{"line":540,"column":4},"end":{"line":571,"column":5}}],"line":540},"19":{"loc":{"start":{"line":589,"column":4},"end":{"line":599,"column":5}},"type":"if","locations":[{"start":{"line":589,"column":4},"end":{"line":599,"column":5}},{"start":{"line":589,"column":4},"end":{"line":599,"column":5}}],"line":589},"20":{"loc":{"start":{"line":619,"column":4},"end":{"line":662,"column":5}},"type":"if","locations":[{"start":{"line":619,"column":4},"end":{"line":662,"column":5}},{"start":{"line":619,"column":4},"end":{"line":662,"column":5}}],"line":619},"21":{"loc":{"start":{"line":675,"column":9},"end":{"line":675,"column":56}},"type":"binary-expr","locations":[{"start":{"line":675,"column":9},"end":{"line":675,"column":26}},{"start":{"line":675,"column":30},"end":{"line":675,"column":42}},{"start":{"line":675,"column":46},"end":{"line":675,"column":56}}],"line":675},"22":{"loc":{"start":{"line":681,"column":6},"end":{"line":681,"column":34}},"type":"if","locations":[{"start":{"line":681,"column":6},"end":{"line":681,"column":34}},{"start":{"line":681,"column":6},"end":{"line":681,"column":34}}],"line":681},"23":{"loc":{"start":{"line":683,"column":8},"end":{"line":684,"column":34}},"type":"if","locations":[{"start":{"line":683,"column":8},"end":{"line":684,"column":34}},{"start":{"line":683,"column":8},"end":{"line":684,"column":34}}],"line":683}},"s":{"0":1,"1":1,"2":1,"3":1,"4":1,"5":1,"6":1,"7":1,"8":0,"9":0,"10":0,"11":0,"12":0,"13":0,"14":0,"15":0,"16":0,"17":0,"18":0,"19":0,"20":0,"21":0,"22":0,"23":0,"24":0,"25":0,"26":1,"27":0,"28":0,"29":0,"30":0,"31":0,"32":0,"33":0,"34":0,"35":0,"36":0,"37":0,"38":0,"39":0,"40":0,"41":0,"42":0,"43":0,"44":0,"45":0,"46":1,"47":0,"48":0,"49":0,"50":0,"51":0,"52":0,"53":0,"54":0,"55":0,"56":0,"57":0,"58":0,"59":0,"60":0,"61":0,"62":1,"63":0,"64":0,"65":0,"66":0,"67":0,"68":0,"69":1,"70":0,"71":0,"72":0,"73":0,"74":0,"75":0,"76":0,"77":0,"78":0,"79":0,"80":0,"81":0,"82":0,"83":0,"84":0,"85":0,"86":1,"87":0,"88":0,"89":0,"90":0,"91":0,"92":0,"93":0,"94":0,"95":0,"96":0,"97":0,"98":0,"99":0,"100":0,"101":0,"102":0,"103":0,"104":0,"105":0,"106":1,"107":0,"108":0,"109":0,"110":0,"111":0,"112":0,"113":0,"114":0,"115":0,"116":0,"117":0,"118":0,"119":0,"120":0,"121":0,"122":0,"123":0,"124":0,"125":0,"126":0,"127":0,"128":0,"129":0,"130":0,"131":0,"132":0,"133":1,"134":0,"135":0,"136":0,"137":0,"138":0,"139":0,"140":0,"141":0,"142":0,"143":0,"144":0,"145":0,"146":0,"147":0,"148":0,"149":0,"150":0,"151":0,"152":0,"153":0,"154":0,"155":0,"156":0,"157":0,"158":0,"159":0,"160":0,"161":0,"162":1,"163":0,"164":0,"165":0,"166":0,"167":0,"168":0,"169":0,"170":0,"171":0,"172":0,"173":0,"174":0,"175":0,"176":1,"177":0,"178":0,"179":0,"180":0,"181":0,"182":0,"183":1,"184":0,"185":0,"186":0,"187":0,"188":0,"189":0,"190":0,"191":0,"192":0,"193":0,"194":0,"195":0,"196":0,"197":0,"198":0,"199":0,"200":0,"201":0,"202":0,"203":0,"204":0,"205":0,"206":0,"207":0,"208":0,"209":0,"210":0,"211":0,"212":0,"213":1},"f":{"0":0,"1":0,"2":0,"3":0,"4":0,"5":0,"6":0,"7":0,"8":0,"9":0,"10":0,"11":0,"12":0,"13":0,"14":0,"15":0,"16":0,"17":0,"18":0,"19":0,"20":0,"21":0,"22":0,"23":0,"24":0,"25":0,"26":0,"27":0,"28":0,"29":0,"30":0,"31":0,"32":0,"33":0,"34":0,"35":0,"36":0,"37":0,"38":0,"39":0,"40":0,"41":0,"42":0,"43":0,"44":0,"45":0,"46":0,"47":0,"48":0,"49":0},"b":{"0":[0,0],"1":[0,0],"2":[0,0],"3":[0,0],"4":[0,0],"5":[0,0],"6":[0,0],"7":[0,0,0],"8":[0,0],"9":[0,0,0,0,0],"10":[0,0],"11":[0,0],"12":[0,0],"13":[0,0],"14":[0,0],"15":[0,0],"16":[0,0],"17":[0,0],"18":[0,0],"19":[0,0],"20":[0,0],"21":[0,0,0],"22":[0,0],"23":[0,0]},"_coverageSchema":"1a1c01bbd47fc00a2c39e90264f33305004495a9","hash":"de6e1732850eb8282e69b40f666f7f8c11367756","contentHash":"2ad00f461f9bad28a5867940a7b851cfaa0c1effb44d4d905dfccee2179a3637"},"C:\\Users\\decla\\GitHub\\professional_planner\\server\\routes\\global\\query.js":{"path":"C:\\Users\\decla\\GitHub\\professional_planner\\server\\routes\\global\\query.js","statementMap":{"0":{"start":{"line":2,"column":14},"end":{"line":2,"column":30}},"1":{"start":{"line":6,"column":4},"end":{"line":12,"column":7}},"2":{"start":{"line":16,"column":4},"end":{"line":16,"column":52}},"3":{"start":{"line":17,"column":4},"end":{"line":17,"column":21}},"4":{"start":{"line":18,"column":4},"end":{"line":18,"column":19}},"5":{"start":{"line":19,"column":4},"end":{"line":39,"column":7}},"6":{"start":{"line":20,"column":6},"end":{"line":38,"column":7}},"7":{"start":{"line":21,"column":8},"end":{"line":28,"column":11}},"8":{"start":{"line":22,"column":10},"end":{"line":27,"column":11}},"9":{"start":{"line":23,"column":12},"end":{"line":23,"column":37}},"10":{"start":{"line":24,"column":12},"end":{"line":24,"column":24}},"11":{"start":{"line":26,"column":12},"end":{"line":26,"column":26}},"12":{"start":{"line":30,"column":8},"end":{"line":37,"column":11}},"13":{"start":{"line":31,"column":10},"end":{"line":36,"column":11}},"14":{"start":{"line":32,"column":12},"end":{"line":32,"column":37}},"15":{"start":{"line":33,"column":12},"end":{"line":33,"column":24}},"16":{"start":{"line":35,"column":12},"end":{"line":35,"column":26}},"17":{"start":{"line":43,"column":4},"end":{"line":48,"column":7}},"18":{"start":{"line":44,"column":6},"end":{"line":47,"column":9}},"19":{"start":{"line":45,"column":8},"end":{"line":46,"column":23}},"20":{"start":{"line":45,"column":17},"end":{"line":45,"column":29}},"21":{"start":{"line":46,"column":13},"end":{"line":46,"column":23}},"22":{"start":{"line":52,"column":0},"end":{"line":52,"column":20}}},"fnMap":{"0":{"name":"(anonymous_0)","decl":{"start":{"line":5,"column":2},"end":{"line":5,"column":3}},"loc":{"start":{"line":5,"column":16},"end":{"line":13,"column":3}},"line":5},"1":{"name":"(anonymous_1)","decl":{"start":{"line":15,"column":2},"end":{"line":15,"column":3}},"loc":{"start":{"line":15,"column":23},"end":{"line":40,"column":3}},"line":15},"2":{"name":"(anonymous_2)","decl":{"start":{"line":19,"column":23},"end":{"line":19,"column":24}},"loc":{"start":{"line":19,"column":44},"end":{"line":39,"column":5}},"line":19},"3":{"name":"(anonymous_3)","decl":{"start":{"line":21,"column":32},"end":{"line":21,"column":33}},"loc":{"start":{"line":21,"column":41},"end":{"line":28,"column":9}},"line":21},"4":{"name":"(anonymous_4)","decl":{"start":{"line":30,"column":32},"end":{"line":30,"column":33}},"loc":{"start":{"line":30,"column":47},"end":{"line":37,"column":9}},"line":30},"5":{"name":"(anonymous_5)","decl":{"start":{"line":42,"column":2},"end":{"line":42,"column":3}},"loc":{"start":{"line":42,"column":8},"end":{"line":49,"column":3}},"line":42},"6":{"name":"(anonymous_6)","decl":{"start":{"line":43,"column":23},"end":{"line":43,"column":24}},"loc":{"start":{"line":43,"column":44},"end":{"line":48,"column":5}},"line":43},"7":{"name":"(anonymous_7)","decl":{"start":{"line":44,"column":20},"end":{"line":44,"column":21}},"loc":{"start":{"line":44,"column":29},"end":{"line":47,"column":7}},"line":44}},"branchMap":{"0":{"loc":{"start":{"line":20,"column":6},"end":{"line":38,"column":7}},"type":"if","locations":[{"start":{"line":20,"column":6},"end":{"line":38,"column":7}},{"start":{"line":20,"column":6},"end":{"line":38,"column":7}}],"line":20},"1":{"loc":{"start":{"line":22,"column":10},"end":{"line":27,"column":11}},"type":"if","locations":[{"start":{"line":22,"column":10},"end":{"line":27,"column":11}},{"start":{"line":22,"column":10},"end":{"line":27,"column":11}}],"line":22},"2":{"loc":{"start":{"line":31,"column":10},"end":{"line":36,"column":11}},"type":"if","locations":[{"start":{"line":31,"column":10},"end":{"line":36,"column":11}},{"start":{"line":31,"column":10},"end":{"line":36,"column":11}}],"line":31},"3":{"loc":{"start":{"line":45,"column":8},"end":{"line":46,"column":23}},"type":"if","locations":[{"start":{"line":45,"column":8},"end":{"line":46,"column":23}},{"start":{"line":45,"column":8},"end":{"line":46,"column":23}}],"line":45}},"s":{"0":1,"1":0,"2":0,"3":0,"4":0,"5":0,"6":0,"7":0,"8":0,"9":0,"10":0,"11":0,"12":0,"13":0,"14":0,"15":0,"16":0,"17":0,"18":0,"19":0,"20":0,"21":0,"22":1},"f":{"0":0,"1":0,"2":0,"3":0,"4":0,"5":0,"6":0,"7":0},"b":{"0":[0,0],"1":[0,0],"2":[0,0],"3":[0,0]},"_coverageSchema":"1a1c01bbd47fc00a2c39e90264f33305004495a9","hash":"d3fbe82a4938bf3086b81745ba746e221e66d2b8","contentHash":"3fa158edabd5d2961f37612890048be874f59189ea8f58ebc0374f5b29bcff89"},"C:\\Users\\decla\\GitHub\\professional_planner\\server\\routes\\global\\response.js":{"path":"C:\\Users\\decla\\GitHub\\professional_planner\\server\\routes\\global\\response.js","statementMap":{"0":{"start":{"line":4,"column":4},"end":{"line":10,"column":6}},"1":{"start":{"line":14,"column":0},"end":{"line":14,"column":26}}},"fnMap":{"0":{"name":"(anonymous_0)","decl":{"start":{"line":3,"column":2},"end":{"line":3,"column":3}},"loc":{"start":{"line":3,"column":51},"end":{"line":11,"column":3}},"line":3}},"branchMap":{"0":{"loc":{"start":{"line":3,"column":23},"end":{"line":3,"column":35}},"type":"default-arg","locations":[{"start":{"line":3,"column":31},"end":{"line":3,"column":35}}],"line":3},"1":{"loc":{"start":{"line":3,"column":37},"end":{"line":3,"column":49}},"type":"default-arg","locations":[{"start":{"line":3,"column":45},"end":{"line":3,"column":49}}],"line":3}},"s":{"0":0,"1":1},"f":{"0":0},"b":{"0":[0],"1":[0]},"_coverageSchema":"1a1c01bbd47fc00a2c39e90264f33305004495a9","hash":"e8f22975633f00cb4e448115f7fc952a11b20209","contentHash":"c07fe7461f1b061c2487ff108347f71e6416679b092825fe1abce8fc4092a711"},"C:\\Users\\decla\\GitHub\\professional_planner\\server\\routes\\global\\email.js":{"path":"C:\\Users\\decla\\GitHub\\professional_planner\\server\\routes\\global\\email.js","statementMap":{"0":{"start":{"line":1,"column":17},"end":{"line":1,"column":38}},"1":{"start":{"line":5,"column":4},"end":{"line":22,"column":5}},"2":{"start":{"line":6,"column":6},"end":{"line":14,"column":9}},"3":{"start":{"line":16,"column":6},"end":{"line":21,"column":9}},"4":{"start":{"line":26,"column":4},"end":{"line":38,"column":7}},"5":{"start":{"line":27,"column":6},"end":{"line":27,"column":38}},"6":{"start":{"line":29,"column":18},"end":{"line":29,"column":70}},"7":{"start":{"line":30,"column":6},"end":{"line":30,"column":25}},"8":{"start":{"line":32,"column":6},"end":{"line":37,"column":9}},"9":{"start":{"line":33,"column":8},"end":{"line":36,"column":32}},"10":{"start":{"line":34,"column":10},"end":{"line":34,"column":35}},"11":{"start":{"line":35,"column":10},"end":{"line":35,"column":22}},"12":{"start":{"line":36,"column":15},"end":{"line":36,"column":32}},"13":{"start":{"line":42,"column":4},"end":{"line":49,"column":7}},"14":{"start":{"line":43,"column":6},"end":{"line":48,"column":7}},"15":{"start":{"line":44,"column":8},"end":{"line":44,"column":29}},"16":{"start":{"line":45,"column":8},"end":{"line":45,"column":18}},"17":{"start":{"line":47,"column":8},"end":{"line":47,"column":20}},"18":{"start":{"line":53,"column":0},"end":{"line":53,"column":23}}},"fnMap":{"0":{"name":"(anonymous_0)","decl":{"start":{"line":4,"column":2},"end":{"line":4,"column":3}},"loc":{"start":{"line":4,"column":22},"end":{"line":23,"column":3}},"line":4},"1":{"name":"(anonymous_1)","decl":{"start":{"line":25,"column":2},"end":{"line":25,"column":3}},"loc":{"start":{"line":25,"column":38},"end":{"line":39,"column":3}},"line":25},"2":{"name":"(anonymous_2)","decl":{"start":{"line":26,"column":23},"end":{"line":26,"column":24}},"loc":{"start":{"line":26,"column":44},"end":{"line":38,"column":5}},"line":26},"3":{"name":"(anonymous_3)","decl":{"start":{"line":32,"column":35},"end":{"line":32,"column":36}},"loc":{"start":{"line":32,"column":53},"end":{"line":37,"column":7}},"line":32},"4":{"name":"(anonymous_4)","decl":{"start":{"line":41,"column":2},"end":{"line":41,"column":3}},"loc":{"start":{"line":41,"column":8},"end":{"line":50,"column":3}},"line":41},"5":{"name":"(anonymous_5)","decl":{"start":{"line":42,"column":23},"end":{"line":42,"column":24}},"loc":{"start":{"line":42,"column":44},"end":{"line":49,"column":5}},"line":42}},"branchMap":{"0":{"loc":{"start":{"line":5,"column":4},"end":{"line":22,"column":5}},"type":"if","locations":[{"start":{"line":5,"column":4},"end":{"line":22,"column":5}},{"start":{"line":5,"column":4},"end":{"line":22,"column":5}}],"line":5},"1":{"loc":{"start":{"line":5,"column":8},"end":{"line":5,"column":47}},"type":"binary-expr","locations":[{"start":{"line":5,"column":8},"end":{"line":5,"column":28}},{"start":{"line":5,"column":32},"end":{"line":5,"column":47}}],"line":5},"2":{"loc":{"start":{"line":33,"column":8},"end":{"line":36,"column":32}},"type":"if","locations":[{"start":{"line":33,"column":8},"end":{"line":36,"column":32}},{"start":{"line":33,"column":8},"end":{"line":36,"column":32}}],"line":33}},"s":{"0":1,"1":0,"2":0,"3":0,"4":0,"5":0,"6":0,"7":0,"8":0,"9":0,"10":0,"11":0,"12":0,"13":0,"14":0,"15":0,"16":0,"17":0,"18":1},"f":{"0":0,"1":0,"2":0,"3":0,"4":0,"5":0},"b":{"0":[0,0],"1":[0,0],"2":[0,0]},"_coverageSchema":"1a1c01bbd47fc00a2c39e90264f33305004495a9","hash":"132f0d47288b69df9248087f648abb2d6de17dc8","contentHash":"b2673279e7225148cabe2d496396496c8ff1c0e905e08eb77495a4d9d060f41a"},"C:\\Users\\decla\\GitHub\\professional_planner\\server\\routes\\api\\roles\\roles.js":{"path":"C:\\Users\\decla\\GitHub\\professional_planner\\server\\routes\\api\\roles\\roles.js","statementMap":{"0":{"start":{"line":1,"column":16},"end":{"line":1,"column":34}},"1":{"start":{"line":2,"column":15},"end":{"line":2,"column":31}},"2":{"start":{"line":4,"column":14},"end":{"line":4,"column":43}},"3":{"start":{"line":5,"column":17},"end":{"line":5,"column":49}},"4":{"start":{"line":14,"column":0},"end":{"line":57,"column":3}},"5":{"start":{"line":15,"column":1},"end":{"line":56,"column":2}},"6":{"start":{"line":16,"column":11},"end":{"line":16,"column":22}},"7":{"start":{"line":17,"column":16},"end":{"line":17,"column":32}},"8":{"start":{"line":19,"column":2},"end":{"line":50,"column":3}},"9":{"start":{"line":20,"column":11},"end":{"line":24,"column":4}},"10":{"start":{"line":25,"column":3},"end":{"line":25,"column":27}},"11":{"start":{"line":27,"column":13},"end":{"line":27,"column":50}},"12":{"start":{"line":28,"column":11},"end":{"line":28,"column":20}},"13":{"start":{"line":30,"column":3},"end":{"line":49,"column":6}},"14":{"start":{"line":32,"column":5},"end":{"line":32,"column":14}},"15":{"start":{"line":36,"column":6},"end":{"line":38,"column":8}},"16":{"start":{"line":41,"column":6},"end":{"line":47,"column":8}},"17":{"start":{"line":52,"column":2},"end":{"line":55,"column":4}},"18":{"start":{"line":67,"column":0},"end":{"line":113,"column":3}},"19":{"start":{"line":68,"column":1},"end":{"line":112,"column":2}},"20":{"start":{"line":69,"column":11},"end":{"line":69,"column":22}},"21":{"start":{"line":71,"column":13},"end":{"line":71,"column":26}},"22":{"start":{"line":72,"column":20},"end":{"line":72,"column":40}},"23":{"start":{"line":74,"column":2},"end":{"line":106,"column":3}},"24":{"start":{"line":75,"column":3},"end":{"line":81,"column":5}},"25":{"start":{"line":83,"column":13},"end":{"line":83,"column":71}},"26":{"start":{"line":84,"column":11},"end":{"line":84,"column":30}},"27":{"start":{"line":86,"column":3},"end":{"line":105,"column":6}},"28":{"start":{"line":88,"column":5},"end":{"line":88,"column":21}},"29":{"start":{"line":92,"column":6},"end":{"line":94,"column":8}},"30":{"start":{"line":97,"column":6},"end":{"line":103,"column":8}},"31":{"start":{"line":108,"column":2},"end":{"line":111,"column":4}},"32":{"start":{"line":122,"column":0},"end":{"line":163,"column":3}},"33":{"start":{"line":123,"column":1},"end":{"line":162,"column":2}},"34":{"start":{"line":124,"column":11},"end":{"line":124,"column":22}},"35":{"start":{"line":127,"column":12},"end":{"line":127,"column":38}},"36":{"start":{"line":128,"column":10},"end":{"line":128,"column":12}},"37":{"start":{"line":130,"column":2},"end":{"line":153,"column":5}},"38":{"start":{"line":132,"column":4},"end":{"line":132,"column":18}},"39":{"start":{"line":133,"column":4},"end":{"line":133,"column":20}},"40":{"start":{"line":137,"column":13},"end":{"line":139,"column":11}},"41":{"start":{"line":140,"column":5},"end":{"line":140,"column":25}},"42":{"start":{"line":142,"column":5},"end":{"line":142,"column":24}},"43":{"start":{"line":145,"column":5},"end":{"line":151,"column":7}},"44":{"start":{"line":155,"column":2},"end":{"line":161,"column":4}},"45":{"start":{"line":166,"column":1},"end":{"line":166,"column":56}},"46":{"start":{"line":169,"column":0},"end":{"line":169,"column":24}}},"fnMap":{"0":{"name":"(anonymous_0)","decl":{"start":{"line":14,"column":23},"end":{"line":14,"column":24}},"loc":{"start":{"line":14,"column":37},"end":{"line":57,"column":1}},"line":14},"1":{"name":"(anonymous_1)","decl":{"start":{"line":31,"column":10},"end":{"line":31,"column":11}},"loc":{"start":{"line":31,"column":16},"end":{"line":33,"column":5}},"line":31},"2":{"name":"(anonymous_2)","decl":{"start":{"line":35,"column":5},"end":{"line":35,"column":6}},"loc":{"start":{"line":35,"column":11},"end":{"line":39,"column":6}},"line":35},"3":{"name":"(anonymous_3)","decl":{"start":{"line":40,"column":5},"end":{"line":40,"column":6}},"loc":{"start":{"line":40,"column":14},"end":{"line":48,"column":6}},"line":40},"4":{"name":"(anonymous_4)","decl":{"start":{"line":67,"column":23},"end":{"line":67,"column":24}},"loc":{"start":{"line":67,"column":37},"end":{"line":113,"column":1}},"line":67},"5":{"name":"(anonymous_5)","decl":{"start":{"line":87,"column":10},"end":{"line":87,"column":11}},"loc":{"start":{"line":87,"column":16},"end":{"line":89,"column":5}},"line":87},"6":{"name":"(anonymous_6)","decl":{"start":{"line":91,"column":5},"end":{"line":91,"column":6}},"loc":{"start":{"line":91,"column":11},"end":{"line":95,"column":6}},"line":91},"7":{"name":"(anonymous_7)","decl":{"start":{"line":96,"column":5},"end":{"line":96,"column":6}},"loc":{"start":{"line":96,"column":14},"end":{"line":104,"column":6}},"line":96},"8":{"name":"(anonymous_8)","decl":{"start":{"line":122,"column":16},"end":{"line":122,"column":17}},"loc":{"start":{"line":122,"column":30},"end":{"line":163,"column":1}},"line":122},"9":{"name":"(anonymous_9)","decl":{"start":{"line":131,"column":9},"end":{"line":131,"column":10}},"loc":{"start":{"line":131,"column":21},"end":{"line":134,"column":4}},"line":131},"10":{"name":"(anonymous_10)","decl":{"start":{"line":136,"column":4},"end":{"line":136,"column":5}},"loc":{"start":{"line":136,"column":10},"end":{"line":143,"column":5}},"line":136},"11":{"name":"(anonymous_11)","decl":{"start":{"line":144,"column":4},"end":{"line":144,"column":5}},"loc":{"start":{"line":144,"column":13},"end":{"line":152,"column":5}},"line":144},"12":{"name":"isEmpty","decl":{"start":{"line":165,"column":9},"end":{"line":165,"column":16}},"loc":{"start":{"line":165,"column":22},"end":{"line":167,"column":1}},"line":165}},"branchMap":{"0":{"loc":{"start":{"line":19,"column":2},"end":{"line":50,"column":3}},"type":"if","locations":[{"start":{"line":19,"column":2},"end":{"line":50,"column":3}},{"start":{"line":19,"column":2},"end":{"line":50,"column":3}}],"line":19},"1":{"loc":{"start":{"line":74,"column":2},"end":{"line":106,"column":3}},"type":"if","locations":[{"start":{"line":74,"column":2},"end":{"line":106,"column":3}},{"start":{"line":74,"column":2},"end":{"line":106,"column":3}}],"line":74},"2":{"loc":{"start":{"line":166,"column":8},"end":{"line":166,"column":55}},"type":"binary-expr","locations":[{"start":{"line":166,"column":8},"end":{"line":166,"column":25}},{"start":{"line":166,"column":29},"end":{"line":166,"column":41}},{"start":{"line":166,"column":45},"end":{"line":166,"column":55}}],"line":166}},"s":{"0":1,"1":1,"2":1,"3":1,"4":1,"5":0,"6":0,"7":0,"8":0,"9":0,"10":0,"11":0,"12":0,"13":0,"14":0,"15":0,"16":0,"17":0,"18":1,"19":0,"20":0,"21":0,"22":0,"23":0,"24":0,"25":0,"26":0,"27":0,"28":0,"29":0,"30":0,"31":0,"32":1,"33":0,"34":0,"35":0,"36":0,"37":0,"38":0,"39":0,"40":0,"41":0,"42":0,"43":0,"44":0,"45":0,"46":1},"f":{"0":0,"1":0,"2":0,"3":0,"4":0,"5":0,"6":0,"7":0,"8":0,"9":0,"10":0,"11":0,"12":0},"b":{"0":[0,0],"1":[0,0],"2":[0,0,0]},"_coverageSchema":"1a1c01bbd47fc00a2c39e90264f33305004495a9","hash":"443d191e8f61d56b6c32f91b67f3cacd3838cbeb","contentHash":"f3183f7037aac75670581bfc6874c6944e3b07f1fb6bdcbac2d85ea1709979a3"},"C:\\Users\\decla\\GitHub\\professional_planner\\server\\routes\\api\\events\\events.js":{"path":"C:\\Users\\decla\\GitHub\\professional_planner\\server\\routes\\api\\events\\events.js","statementMap":{"0":{"start":{"line":1,"column":16},"end":{"line":1,"column":34}},"1":{"start":{"line":2,"column":15},"end":{"line":2,"column":31}},"2":{"start":{"line":4,"column":19},"end":{"line":4,"column":45}},"3":{"start":{"line":5,"column":0},"end":{"line":5,"column":36}},"4":{"start":{"line":7,"column":14},"end":{"line":7,"column":43}},"5":{"start":{"line":8,"column":17},"end":{"line":8,"column":49}},"6":{"start":{"line":17,"column":0},"end":{"line":62,"column":3}},"7":{"start":{"line":18,"column":1},"end":{"line":61,"column":2}},"8":{"start":{"line":19,"column":11},"end":{"line":19,"column":22}},"9":{"start":{"line":21,"column":17},"end":{"line":21,"column":34}},"10":{"start":{"line":23,"column":2},"end":{"line":55,"column":3}},"11":{"start":{"line":24,"column":3},"end":{"line":30,"column":5}},"12":{"start":{"line":32,"column":13},"end":{"line":32,"column":46}},"13":{"start":{"line":33,"column":11},"end":{"line":33,"column":21}},"14":{"start":{"line":35,"column":3},"end":{"line":54,"column":6}},"15":{"start":{"line":37,"column":5},"end":{"line":37,"column":21}},"16":{"start":{"line":41,"column":6},"end":{"line":43,"column":8}},"17":{"start":{"line":46,"column":6},"end":{"line":52,"column":8}},"18":{"start":{"line":57,"column":2},"end":{"line":60,"column":4}},"19":{"start":{"line":78,"column":0},"end":{"line":139,"column":3}},"20":{"start":{"line":79,"column":1},"end":{"line":138,"column":2}},"21":{"start":{"line":80,"column":11},"end":{"line":80,"column":22}},"22":{"start":{"line":82,"column":13},"end":{"line":82,"column":26}},"23":{"start":{"line":83,"column":20},"end":{"line":83,"column":40}},"24":{"start":{"line":84,"column":17},"end":{"line":84,"column":34}},"25":{"start":{"line":85,"column":17},"end":{"line":85,"column":34}},"26":{"start":{"line":86,"column":20},"end":{"line":86,"column":40}},"27":{"start":{"line":87,"column":13},"end":{"line":87,"column":26}},"28":{"start":{"line":88,"column":13},"end":{"line":88,"column":26}},"29":{"start":{"line":90,"column":2},"end":{"line":129,"column":3}},"30":{"start":{"line":97,"column":3},"end":{"line":103,"column":5}},"31":{"start":{"line":106,"column":4},"end":{"line":106,"column":118}},"32":{"start":{"line":107,"column":11},"end":{"line":107,"column":75}},"33":{"start":{"line":109,"column":3},"end":{"line":128,"column":6}},"34":{"start":{"line":111,"column":5},"end":{"line":111,"column":21}},"35":{"start":{"line":115,"column":6},"end":{"line":117,"column":8}},"36":{"start":{"line":120,"column":6},"end":{"line":126,"column":8}},"37":{"start":{"line":131,"column":2},"end":{"line":137,"column":4}},"38":{"start":{"line":148,"column":0},"end":{"line":189,"column":3}},"39":{"start":{"line":149,"column":1},"end":{"line":188,"column":2}},"40":{"start":{"line":150,"column":11},"end":{"line":150,"column":22}},"41":{"start":{"line":154,"column":3},"end":{"line":154,"column":274}},"42":{"start":{"line":155,"column":10},"end":{"line":155,"column":12}},"43":{"start":{"line":157,"column":2},"end":{"line":179,"column":5}},"44":{"start":{"line":159,"column":4},"end":{"line":159,"column":18}},"45":{"start":{"line":160,"column":4},"end":{"line":160,"column":20}},"46":{"start":{"line":164,"column":13},"end":{"line":166,"column":11}},"47":{"start":{"line":167,"column":5},"end":{"line":167,"column":26}},"48":{"start":{"line":168,"column":5},"end":{"line":168,"column":24}},"49":{"start":{"line":171,"column":5},"end":{"line":177,"column":7}},"50":{"start":{"line":181,"column":2},"end":{"line":187,"column":4}},"51":{"start":{"line":198,"column":0},"end":{"line":247,"column":3}},"52":{"start":{"line":199,"column":1},"end":{"line":246,"column":2}},"53":{"start":{"line":200,"column":11},"end":{"line":200,"column":22}},"54":{"start":{"line":203,"column":17},"end":{"line":203,"column":30}},"55":{"start":{"line":205,"column":2},"end":{"line":239,"column":3}},"56":{"start":{"line":206,"column":3},"end":{"line":212,"column":5}},"57":{"start":{"line":215,"column":4},"end":{"line":215,"column":290}},"58":{"start":{"line":216,"column":11},"end":{"line":216,"column":21}},"59":{"start":{"line":218,"column":3},"end":{"line":238,"column":6}},"60":{"start":{"line":220,"column":5},"end":{"line":220,"column":20}},"61":{"start":{"line":221,"column":5},"end":{"line":221,"column":21}},"62":{"start":{"line":225,"column":14},"end":{"line":227,"column":12}},"63":{"start":{"line":228,"column":6},"end":{"line":228,"column":27}},"64":{"start":{"line":229,"column":6},"end":{"line":229,"column":25}},"65":{"start":{"line":232,"column":6},"end":{"line":236,"column":13}},"66":{"start":{"line":241,"column":2},"end":{"line":245,"column":9}},"67":{"start":{"line":256,"column":0},"end":{"line":306,"column":3}},"68":{"start":{"line":257,"column":1},"end":{"line":305,"column":2}},"69":{"start":{"line":258,"column":11},"end":{"line":258,"column":22}},"70":{"start":{"line":261,"column":11},"end":{"line":261,"column":24}},"71":{"start":{"line":263,"column":2},"end":{"line":296,"column":3}},"72":{"start":{"line":264,"column":3},"end":{"line":267,"column":5}},"73":{"start":{"line":270,"column":4},"end":{"line":270,"column":336}},"74":{"start":{"line":271,"column":11},"end":{"line":271,"column":15}},"75":{"start":{"line":273,"column":3},"end":{"line":295,"column":6}},"76":{"start":{"line":275,"column":5},"end":{"line":275,"column":20}},"77":{"start":{"line":276,"column":5},"end":{"line":276,"column":21}},"78":{"start":{"line":280,"column":14},"end":{"line":282,"column":12}},"79":{"start":{"line":283,"column":6},"end":{"line":283,"column":27}},"80":{"start":{"line":284,"column":6},"end":{"line":284,"column":25}},"81":{"start":{"line":287,"column":6},"end":{"line":293,"column":8}},"82":{"start":{"line":298,"column":2},"end":{"line":304,"column":4}},"83":{"start":{"line":315,"column":0},"end":{"line":384,"column":3}},"84":{"start":{"line":316,"column":1},"end":{"line":383,"column":2}},"85":{"start":{"line":317,"column":11},"end":{"line":317,"column":22}},"86":{"start":{"line":320,"column":11},"end":{"line":320,"column":24}},"87":{"start":{"line":322,"column":2},"end":{"line":374,"column":3}},"88":{"start":{"line":323,"column":3},"end":{"line":329,"column":5}},"89":{"start":{"line":332,"column":4},"end":{"line":332,"column":298}},"90":{"start":{"line":333,"column":11},"end":{"line":333,"column":15}},"91":{"start":{"line":335,"column":3},"end":{"line":373,"column":6}},"92":{"start":{"line":337,"column":5},"end":{"line":337,"column":20}},"93":{"start":{"line":338,"column":5},"end":{"line":338,"column":21}},"94":{"start":{"line":358,"column":14},"end":{"line":360,"column":12}},"95":{"start":{"line":361,"column":6},"end":{"line":361,"column":27}},"96":{"start":{"line":362,"column":6},"end":{"line":362,"column":25}},"97":{"start":{"line":365,"column":6},"end":{"line":371,"column":8}},"98":{"start":{"line":376,"column":2},"end":{"line":382,"column":4}},"99":{"start":{"line":387,"column":1},"end":{"line":387,"column":56}},"100":{"start":{"line":390,"column":0},"end":{"line":390,"column":24}}},"fnMap":{"0":{"name":"(anonymous_0)","decl":{"start":{"line":17,"column":23},"end":{"line":17,"column":24}},"loc":{"start":{"line":17,"column":37},"end":{"line":62,"column":1}},"line":17},"1":{"name":"(anonymous_1)","decl":{"start":{"line":36,"column":10},"end":{"line":36,"column":11}},"loc":{"start":{"line":36,"column":16},"end":{"line":38,"column":5}},"line":36},"2":{"name":"(anonymous_2)","decl":{"start":{"line":40,"column":5},"end":{"line":40,"column":6}},"loc":{"start":{"line":40,"column":11},"end":{"line":44,"column":6}},"line":40},"3":{"name":"(anonymous_3)","decl":{"start":{"line":45,"column":5},"end":{"line":45,"column":6}},"loc":{"start":{"line":45,"column":14},"end":{"line":53,"column":6}},"line":45},"4":{"name":"(anonymous_4)","decl":{"start":{"line":78,"column":23},"end":{"line":78,"column":24}},"loc":{"start":{"line":78,"column":37},"end":{"line":139,"column":1}},"line":78},"5":{"name":"(anonymous_5)","decl":{"start":{"line":110,"column":10},"end":{"line":110,"column":11}},"loc":{"start":{"line":110,"column":16},"end":{"line":112,"column":5}},"line":110},"6":{"name":"(anonymous_6)","decl":{"start":{"line":114,"column":5},"end":{"line":114,"column":6}},"loc":{"start":{"line":114,"column":11},"end":{"line":118,"column":6}},"line":114},"7":{"name":"(anonymous_7)","decl":{"start":{"line":119,"column":5},"end":{"line":119,"column":6}},"loc":{"start":{"line":119,"column":14},"end":{"line":127,"column":6}},"line":119},"8":{"name":"(anonymous_8)","decl":{"start":{"line":148,"column":16},"end":{"line":148,"column":17}},"loc":{"start":{"line":148,"column":30},"end":{"line":189,"column":1}},"line":148},"9":{"name":"(anonymous_9)","decl":{"start":{"line":158,"column":9},"end":{"line":158,"column":10}},"loc":{"start":{"line":158,"column":21},"end":{"line":161,"column":4}},"line":158},"10":{"name":"(anonymous_10)","decl":{"start":{"line":163,"column":4},"end":{"line":163,"column":5}},"loc":{"start":{"line":163,"column":10},"end":{"line":169,"column":5}},"line":163},"11":{"name":"(anonymous_11)","decl":{"start":{"line":170,"column":4},"end":{"line":170,"column":5}},"loc":{"start":{"line":170,"column":13},"end":{"line":178,"column":5}},"line":170},"12":{"name":"(anonymous_12)","decl":{"start":{"line":198,"column":19},"end":{"line":198,"column":20}},"loc":{"start":{"line":198,"column":33},"end":{"line":247,"column":1}},"line":198},"13":{"name":"(anonymous_13)","decl":{"start":{"line":219,"column":10},"end":{"line":219,"column":11}},"loc":{"start":{"line":219,"column":23},"end":{"line":222,"column":5}},"line":219},"14":{"name":"(anonymous_14)","decl":{"start":{"line":224,"column":5},"end":{"line":224,"column":6}},"loc":{"start":{"line":224,"column":11},"end":{"line":230,"column":6}},"line":224},"15":{"name":"(anonymous_15)","decl":{"start":{"line":231,"column":5},"end":{"line":231,"column":6}},"loc":{"start":{"line":231,"column":14},"end":{"line":237,"column":6}},"line":231},"16":{"name":"(anonymous_16)","decl":{"start":{"line":256,"column":24},"end":{"line":256,"column":25}},"loc":{"start":{"line":256,"column":38},"end":{"line":306,"column":1}},"line":256},"17":{"name":"(anonymous_17)","decl":{"start":{"line":274,"column":10},"end":{"line":274,"column":11}},"loc":{"start":{"line":274,"column":23},"end":{"line":277,"column":5}},"line":274},"18":{"name":"(anonymous_18)","decl":{"start":{"line":279,"column":5},"end":{"line":279,"column":6}},"loc":{"start":{"line":279,"column":11},"end":{"line":285,"column":6}},"line":279},"19":{"name":"(anonymous_19)","decl":{"start":{"line":286,"column":5},"end":{"line":286,"column":6}},"loc":{"start":{"line":286,"column":14},"end":{"line":294,"column":6}},"line":286},"20":{"name":"(anonymous_20)","decl":{"start":{"line":315,"column":28},"end":{"line":315,"column":29}},"loc":{"start":{"line":315,"column":42},"end":{"line":384,"column":1}},"line":315},"21":{"name":"(anonymous_21)","decl":{"start":{"line":336,"column":10},"end":{"line":336,"column":11}},"loc":{"start":{"line":336,"column":23},"end":{"line":339,"column":5}},"line":336},"22":{"name":"(anonymous_22)","decl":{"start":{"line":341,"column":5},"end":{"line":341,"column":6}},"loc":{"start":{"line":341,"column":11},"end":{"line":363,"column":6}},"line":341},"23":{"name":"(anonymous_23)","decl":{"start":{"line":364,"column":5},"end":{"line":364,"column":6}},"loc":{"start":{"line":364,"column":14},"end":{"line":372,"column":6}},"line":364},"24":{"name":"isEmpty","decl":{"start":{"line":386,"column":9},"end":{"line":386,"column":16}},"loc":{"start":{"line":386,"column":22},"end":{"line":388,"column":1}},"line":386}},"branchMap":{"0":{"loc":{"start":{"line":23,"column":2},"end":{"line":55,"column":3}},"type":"if","locations":[{"start":{"line":23,"column":2},"end":{"line":55,"column":3}},{"start":{"line":23,"column":2},"end":{"line":55,"column":3}}],"line":23},"1":{"loc":{"start":{"line":90,"column":2},"end":{"line":129,"column":3}},"type":"if","locations":[{"start":{"line":90,"column":2},"end":{"line":129,"column":3}},{"start":{"line":90,"column":2},"end":{"line":129,"column":3}}],"line":90},"2":{"loc":{"start":{"line":91,"column":3},"end":{"line":95,"column":16}},"type":"binary-expr","locations":[{"start":{"line":91,"column":3},"end":{"line":91,"column":16}},{"start":{"line":92,"column":3},"end":{"line":92,"column":20}},{"start":{"line":93,"column":3},"end":{"line":93,"column":20}},{"start":{"line":94,"column":3},"end":{"line":94,"column":23}},{"start":{"line":95,"column":3},"end":{"line":95,"column":16}}],"line":91},"3":{"loc":{"start":{"line":205,"column":2},"end":{"line":239,"column":3}},"type":"if","locations":[{"start":{"line":205,"column":2},"end":{"line":239,"column":3}},{"start":{"line":205,"column":2},"end":{"line":239,"column":3}}],"line":205},"4":{"loc":{"start":{"line":263,"column":2},"end":{"line":296,"column":3}},"type":"if","locations":[{"start":{"line":263,"column":2},"end":{"line":296,"column":3}},{"start":{"line":263,"column":2},"end":{"line":296,"column":3}}],"line":263},"5":{"loc":{"start":{"line":322,"column":2},"end":{"line":374,"column":3}},"type":"if","locations":[{"start":{"line":322,"column":2},"end":{"line":374,"column":3}},{"start":{"line":322,"column":2},"end":{"line":374,"column":3}}],"line":322},"6":{"loc":{"start":{"line":387,"column":8},"end":{"line":387,"column":55}},"type":"binary-expr","locations":[{"start":{"line":387,"column":8},"end":{"line":387,"column":18}},{"start":{"line":387,"column":22},"end":{"line":387,"column":39}},{"start":{"line":387,"column":43},"end":{"line":387,"column":55}}],"line":387}},"s":{"0":1,"1":1,"2":1,"3":1,"4":1,"5":1,"6":1,"7":0,"8":0,"9":0,"10":0,"11":0,"12":0,"13":0,"14":0,"15":0,"16":0,"17":0,"18":0,"19":1,"20":0,"21":0,"22":0,"23":0,"24":0,"25":0,"26":0,"27":0,"28":0,"29":0,"30":0,"31":0,"32":0,"33":0,"34":0,"35":0,"36":0,"37":0,"38":1,"39":0,"40":0,"41":0,"42":0,"43":0,"44":0,"45":0,"46":0,"47":0,"48":0,"49":0,"50":0,"51":1,"52":0,"53":0,"54":0,"55":0,"56":0,"57":0,"58":0,"59":0,"60":0,"61":0,"62":0,"63":0,"64":0,"65":0,"66":0,"67":1,"68":0,"69":0,"70":0,"71":0,"72":0,"73":0,"74":0,"75":0,"76":0,"77":0,"78":0,"79":0,"80":0,"81":0,"82":0,"83":1,"84":0,"85":0,"86":0,"87":0,"88":0,"89":0,"90":0,"91":0,"92":0,"93":0,"94":0,"95":0,"96":0,"97":0,"98":0,"99":0,"100":1},"f":{"0":0,"1":0,"2":0,"3":0,"4":0,"5":0,"6":0,"7":0,"8":0,"9":0,"10":0,"11":0,"12":0,"13":0,"14":0,"15":0,"16":0,"17":0,"18":0,"19":0,"20":0,"21":0,"22":0,"23":0,"24":0},"b":{"0":[0,0],"1":[0,0],"2":[0,0,0,0,0],"3":[0,0],"4":[0,0],"5":[0,0],"6":[0,0,0]},"_coverageSchema":"1a1c01bbd47fc00a2c39e90264f33305004495a9","hash":"9aa6fcd35dfe90556881e9fa801d675f661dc4a1","contentHash":"4a07770d95b9e5e09963fdff342b4d47de0a47b4e6c70efd1c46c372ef8730dc"},"C:\\Users\\decla\\GitHub\\professional_planner\\server\\routes\\api\\events\\guests\\guests.js":{"path":"C:\\Users\\decla\\GitHub\\professional_planner\\server\\routes\\api\\events\\guests\\guests.js","statementMap":{"0":{"start":{"line":1,"column":16},"end":{"line":1,"column":34}},"1":{"start":{"line":2,"column":15},"end":{"line":2,"column":31}},"2":{"start":{"line":4,"column":14},"end":{"line":4,"column":46}},"3":{"start":{"line":5,"column":17},"end":{"line":5,"column":52}},"4":{"start":{"line":7,"column":0},"end":{"line":57,"column":3}},"5":{"start":{"line":8,"column":2},"end":{"line":56,"column":3}},"6":{"start":{"line":9,"column":13},"end":{"line":9,"column":24}},"7":{"start":{"line":11,"column":18},"end":{"line":11,"column":34}},"8":{"start":{"line":12,"column":19},"end":{"line":12,"column":36}},"9":{"start":{"line":13,"column":22},"end":{"line":13,"column":42}},"10":{"start":{"line":15,"column":4},"end":{"line":47,"column":5}},"11":{"start":{"line":16,"column":6},"end":{"line":22,"column":8}},"12":{"start":{"line":24,"column":16},"end":{"line":24,"column":70}},"13":{"start":{"line":25,"column":14},"end":{"line":25,"column":33}},"14":{"start":{"line":27,"column":6},"end":{"line":46,"column":10}},"15":{"start":{"line":29,"column":10},"end":{"line":29,"column":26}},"16":{"start":{"line":33,"column":12},"end":{"line":35,"column":14}},"17":{"start":{"line":38,"column":12},"end":{"line":44,"column":14}},"18":{"start":{"line":49,"column":4},"end":{"line":55,"column":6}},"19":{"start":{"line":59,"column":0},"end":{"line":108,"column":3}},"20":{"start":{"line":60,"column":2},"end":{"line":107,"column":3}},"21":{"start":{"line":61,"column":13},"end":{"line":61,"column":24}},"22":{"start":{"line":63,"column":18},"end":{"line":63,"column":34}},"23":{"start":{"line":64,"column":19},"end":{"line":64,"column":36}},"24":{"start":{"line":66,"column":4},"end":{"line":98,"column":5}},"25":{"start":{"line":67,"column":6},"end":{"line":73,"column":8}},"26":{"start":{"line":75,"column":16},"end":{"line":75,"column":71}},"27":{"start":{"line":76,"column":14},"end":{"line":76,"column":33}},"28":{"start":{"line":78,"column":6},"end":{"line":97,"column":10}},"29":{"start":{"line":80,"column":10},"end":{"line":80,"column":26}},"30":{"start":{"line":84,"column":12},"end":{"line":86,"column":14}},"31":{"start":{"line":89,"column":12},"end":{"line":95,"column":14}},"32":{"start":{"line":100,"column":4},"end":{"line":106,"column":6}},"33":{"start":{"line":110,"column":0},"end":{"line":163,"column":3}},"34":{"start":{"line":111,"column":2},"end":{"line":162,"column":3}},"35":{"start":{"line":112,"column":13},"end":{"line":112,"column":24}},"36":{"start":{"line":115,"column":13},"end":{"line":115,"column":26}},"37":{"start":{"line":117,"column":4},"end":{"line":153,"column":5}},"38":{"start":{"line":118,"column":6},"end":{"line":124,"column":8}},"39":{"start":{"line":126,"column":16},"end":{"line":126,"column":57}},"40":{"start":{"line":127,"column":14},"end":{"line":127,"column":18}},"41":{"start":{"line":129,"column":6},"end":{"line":152,"column":10}},"42":{"start":{"line":131,"column":10},"end":{"line":131,"column":25}},"43":{"start":{"line":132,"column":10},"end":{"line":132,"column":26}},"44":{"start":{"line":136,"column":20},"end":{"line":138,"column":18}},"45":{"start":{"line":139,"column":12},"end":{"line":139,"column":33}},"46":{"start":{"line":141,"column":12},"end":{"line":141,"column":31}},"47":{"start":{"line":144,"column":12},"end":{"line":150,"column":14}},"48":{"start":{"line":155,"column":4},"end":{"line":161,"column":6}},"49":{"start":{"line":172,"column":0},"end":{"line":225,"column":3}},"50":{"start":{"line":173,"column":2},"end":{"line":224,"column":3}},"51":{"start":{"line":174,"column":13},"end":{"line":174,"column":24}},"52":{"start":{"line":177,"column":13},"end":{"line":177,"column":26}},"53":{"start":{"line":179,"column":4},"end":{"line":215,"column":5}},"54":{"start":{"line":180,"column":6},"end":{"line":186,"column":8}},"55":{"start":{"line":188,"column":16},"end":{"line":188,"column":56}},"56":{"start":{"line":189,"column":14},"end":{"line":189,"column":18}},"57":{"start":{"line":191,"column":6},"end":{"line":214,"column":10}},"58":{"start":{"line":193,"column":10},"end":{"line":193,"column":25}},"59":{"start":{"line":194,"column":10},"end":{"line":194,"column":26}},"60":{"start":{"line":198,"column":20},"end":{"line":200,"column":18}},"61":{"start":{"line":201,"column":12},"end":{"line":201,"column":33}},"62":{"start":{"line":203,"column":12},"end":{"line":203,"column":31}},"63":{"start":{"line":206,"column":12},"end":{"line":212,"column":14}},"64":{"start":{"line":217,"column":4},"end":{"line":223,"column":6}},"65":{"start":{"line":227,"column":0},"end":{"line":266,"column":3}},"66":{"start":{"line":228,"column":2},"end":{"line":265,"column":3}},"67":{"start":{"line":229,"column":13},"end":{"line":229,"column":24}},"68":{"start":{"line":232,"column":14},"end":{"line":232,"column":36}},"69":{"start":{"line":233,"column":12},"end":{"line":233,"column":14}},"70":{"start":{"line":235,"column":4},"end":{"line":256,"column":8}},"71":{"start":{"line":237,"column":8},"end":{"line":237,"column":23}},"72":{"start":{"line":238,"column":8},"end":{"line":238,"column":24}},"73":{"start":{"line":242,"column":18},"end":{"line":242,"column":70}},"74":{"start":{"line":243,"column":10},"end":{"line":243,"column":31}},"75":{"start":{"line":245,"column":10},"end":{"line":245,"column":29}},"76":{"start":{"line":248,"column":10},"end":{"line":254,"column":12}},"77":{"start":{"line":258,"column":4},"end":{"line":264,"column":6}},"78":{"start":{"line":269,"column":2},"end":{"line":269,"column":57}},"79":{"start":{"line":272,"column":0},"end":{"line":272,"column":24}}},"fnMap":{"0":{"name":"(anonymous_0)","decl":{"start":{"line":7,"column":20},"end":{"line":7,"column":21}},"loc":{"start":{"line":7,"column":34},"end":{"line":57,"column":1}},"line":7},"1":{"name":"(anonymous_1)","decl":{"start":{"line":28,"column":14},"end":{"line":28,"column":15}},"loc":{"start":{"line":28,"column":20},"end":{"line":30,"column":9}},"line":28},"2":{"name":"(anonymous_2)","decl":{"start":{"line":32,"column":10},"end":{"line":32,"column":11}},"loc":{"start":{"line":32,"column":16},"end":{"line":36,"column":11}},"line":32},"3":{"name":"(anonymous_3)","decl":{"start":{"line":37,"column":10},"end":{"line":37,"column":11}},"loc":{"start":{"line":37,"column":19},"end":{"line":45,"column":11}},"line":37},"4":{"name":"(anonymous_4)","decl":{"start":{"line":59,"column":23},"end":{"line":59,"column":24}},"loc":{"start":{"line":59,"column":37},"end":{"line":108,"column":1}},"line":59},"5":{"name":"(anonymous_5)","decl":{"start":{"line":79,"column":14},"end":{"line":79,"column":15}},"loc":{"start":{"line":79,"column":20},"end":{"line":81,"column":9}},"line":79},"6":{"name":"(anonymous_6)","decl":{"start":{"line":83,"column":10},"end":{"line":83,"column":11}},"loc":{"start":{"line":83,"column":16},"end":{"line":87,"column":11}},"line":83},"7":{"name":"(anonymous_7)","decl":{"start":{"line":88,"column":10},"end":{"line":88,"column":11}},"loc":{"start":{"line":88,"column":19},"end":{"line":96,"column":11}},"line":88},"8":{"name":"(anonymous_8)","decl":{"start":{"line":110,"column":19},"end":{"line":110,"column":20}},"loc":{"start":{"line":110,"column":33},"end":{"line":163,"column":1}},"line":110},"9":{"name":"(anonymous_9)","decl":{"start":{"line":130,"column":14},"end":{"line":130,"column":15}},"loc":{"start":{"line":130,"column":27},"end":{"line":133,"column":9}},"line":130},"10":{"name":"(anonymous_10)","decl":{"start":{"line":135,"column":10},"end":{"line":135,"column":11}},"loc":{"start":{"line":135,"column":16},"end":{"line":142,"column":11}},"line":135},"11":{"name":"(anonymous_11)","decl":{"start":{"line":143,"column":10},"end":{"line":143,"column":11}},"loc":{"start":{"line":143,"column":19},"end":{"line":151,"column":11}},"line":143},"12":{"name":"(anonymous_12)","decl":{"start":{"line":172,"column":24},"end":{"line":172,"column":25}},"loc":{"start":{"line":172,"column":38},"end":{"line":225,"column":1}},"line":172},"13":{"name":"(anonymous_13)","decl":{"start":{"line":192,"column":14},"end":{"line":192,"column":15}},"loc":{"start":{"line":192,"column":27},"end":{"line":195,"column":9}},"line":192},"14":{"name":"(anonymous_14)","decl":{"start":{"line":197,"column":10},"end":{"line":197,"column":11}},"loc":{"start":{"line":197,"column":16},"end":{"line":204,"column":11}},"line":197},"15":{"name":"(anonymous_15)","decl":{"start":{"line":205,"column":10},"end":{"line":205,"column":11}},"loc":{"start":{"line":205,"column":19},"end":{"line":213,"column":11}},"line":205},"16":{"name":"(anonymous_16)","decl":{"start":{"line":227,"column":16},"end":{"line":227,"column":17}},"loc":{"start":{"line":227,"column":30},"end":{"line":266,"column":1}},"line":227},"17":{"name":"(anonymous_17)","decl":{"start":{"line":236,"column":12},"end":{"line":236,"column":13}},"loc":{"start":{"line":236,"column":25},"end":{"line":239,"column":7}},"line":236},"18":{"name":"(anonymous_18)","decl":{"start":{"line":241,"column":8},"end":{"line":241,"column":9}},"loc":{"start":{"line":241,"column":14},"end":{"line":246,"column":9}},"line":241},"19":{"name":"(anonymous_19)","decl":{"start":{"line":247,"column":8},"end":{"line":247,"column":9}},"loc":{"start":{"line":247,"column":17},"end":{"line":255,"column":9}},"line":247},"20":{"name":"isEmpty","decl":{"start":{"line":268,"column":9},"end":{"line":268,"column":16}},"loc":{"start":{"line":268,"column":22},"end":{"line":270,"column":1}},"line":268}},"branchMap":{"0":{"loc":{"start":{"line":15,"column":4},"end":{"line":47,"column":5}},"type":"if","locations":[{"start":{"line":15,"column":4},"end":{"line":47,"column":5}},{"start":{"line":15,"column":4},"end":{"line":47,"column":5}}],"line":15},"1":{"loc":{"start":{"line":15,"column":8},"end":{"line":15,"column":45}},"type":"binary-expr","locations":[{"start":{"line":15,"column":8},"end":{"line":15,"column":24}},{"start":{"line":15,"column":28},"end":{"line":15,"column":45}}],"line":15},"2":{"loc":{"start":{"line":66,"column":4},"end":{"line":98,"column":5}},"type":"if","locations":[{"start":{"line":66,"column":4},"end":{"line":98,"column":5}},{"start":{"line":66,"column":4},"end":{"line":98,"column":5}}],"line":66},"3":{"loc":{"start":{"line":66,"column":8},"end":{"line":66,"column":45}},"type":"binary-expr","locations":[{"start":{"line":66,"column":8},"end":{"line":66,"column":24}},{"start":{"line":66,"column":28},"end":{"line":66,"column":45}}],"line":66},"4":{"loc":{"start":{"line":117,"colum
[...]
olumn":26}},{"start":{"line":245,"column":30},"end":{"line":245,"column":47}}],"line":245},"6":{"loc":{"start":{"line":293,"column":8},"end":{"line":293,"column":55}},"type":"binary-expr","locations":[{"start":{"line":293,"column":8},"end":{"line":293,"column":25}},{"start":{"line":293,"column":29},"end":{"line":293,"column":41}},{"start":{"line":293,"column":45},"end":{"line":293,"column":55}}],"line":293}},"s":{"0":1,"1":1,"2":1,"3":1,"4":1,"5":0,"6":0,"7":0,"8":0,"9":0,"10":0,"11":0,"12":0,"13":0,"14":0,"15":0,"16":0,"17":1,"18":0,"19":0,"20":0,"21":0,"22":0,"23":0,"24":0,"25":0,"26":0,"27":0,"28":0,"29":0,"30":0,"31":1,"32":0,"33":0,"34":0,"35":0,"36":0,"37":0,"38":0,"39":0,"40":0,"41":0,"42":0,"43":0,"44":0,"45":0,"46":1,"47":0,"48":0,"49":0,"50":0,"51":0,"52":0,"53":0,"54":0,"55":0,"56":0,"57":0,"58":0,"59":0,"60":0,"61":0,"62":0,"63":1,"64":0,"65":0,"66":0,"67":0,"68":0,"69":0,"70":0,"71":0,"72":0,"73":0,"74":0,"75":0,"76":0,"77":0,"78":1},"f":{"0":0,"1":0,"2":0,"3":0,"4":0,"5":0,"6":0,"7":0,"8":0,"9":0,"10":0,"11":0,"12":0,"13":0,"14":0,"15":0,"16":0,"17":0,"18":0,"19":0,"20":0},"b":{"0":[0,0],"1":[0,0,0],"2":[0,0],"3":[0,0,0],"4":[0,0],"5":[0,0],"6":[0,0,0]},"_coverageSchema":"1a1c01bbd47fc00a2c39e90264f33305004495a9","hash":"fe5553d28ecda8a074d8a9e1d5ef8eb5705ad93c","contentHash":"a8d3e58b1bca8e8bcd440cef84c8337742fd307e07c02ce9350fd35d09675a70"},"C:\\Users\\decla\\GitHub\\professional_planner\\server\\routes\\api\\preferences\\preferences.js":{"path":"C:\\Users\\decla\\GitHub\\professional_planner\\server\\routes\\api\\preferences\\preferences.js","statementMap":{"0":{"start":{"line":1,"column":16},"end":{"line":1,"column":34}},"1":{"start":{"line":2,"column":15},"end":{"line":2,"column":31}},"2":{"start":{"line":4,"column":14},"end":{"line":4,"column":43}},"3":{"start":{"line":5,"column":17},"end":{"line":5,"column":49}},"4":{"start":{"line":6,"column":15},"end":{"line":6,"column":32}},"5":{"start":{"line":15,"column":0},"end":{"line":51,"column":3}},"6":{"start":{"line":16,"column":1},"end":{"line":50,"column":2}},"7":{"start":{"line":17,"column":11},"end":{"line":17,"column":22}},"8":{"start":{"line":20,"column":12},"end":{"line":20,"column":44}},"9":{"start":{"line":21,"column":10},"end":{"line":21,"column":12}},"10":{"start":{"line":23,"column":2},"end":{"line":45,"column":5}},"11":{"start":{"line":25,"column":4},"end":{"line":25,"column":18}},"12":{"start":{"line":26,"column":4},"end":{"line":26,"column":20}},"13":{"start":{"line":30,"column":13},"end":{"line":32,"column":11}},"14":{"start":{"line":33,"column":5},"end":{"line":33,"column":31}},"15":{"start":{"line":34,"column":5},"end":{"line":34,"column":24}},"16":{"start":{"line":37,"column":5},"end":{"line":43,"column":7}},"17":{"start":{"line":47,"column":2},"end":{"line":49,"column":4}},"18":{"start":{"line":60,"column":0},"end":{"line":100,"column":3}},"19":{"start":{"line":61,"column":1},"end":{"line":99,"column":2}},"20":{"start":{"line":62,"column":11},"end":{"line":62,"column":22}},"21":{"start":{"line":65,"column":12},"end":{"line":65,"column":69}},"22":{"start":{"line":66,"column":10},"end":{"line":66,"column":12}},"23":{"start":{"line":68,"column":2},"end":{"line":90,"column":5}},"24":{"start":{"line":70,"column":4},"end":{"line":70,"column":18}},"25":{"start":{"line":71,"column":4},"end":{"line":71,"column":20}},"26":{"start":{"line":75,"column":13},"end":{"line":77,"column":11}},"27":{"start":{"line":78,"column":5},"end":{"line":78,"column":28}},"28":{"start":{"line":79,"column":5},"end":{"line":79,"column":24}},"29":{"start":{"line":82,"column":5},"end":{"line":88,"column":7}},"30":{"start":{"line":92,"column":2},"end":{"line":98,"column":4}},"31":{"start":{"line":111,"column":0},"end":{"line":163,"column":3}},"32":{"start":{"line":112,"column":1},"end":{"line":162,"column":2}},"33":{"start":{"line":113,"column":11},"end":{"line":113,"column":22}},"34":{"start":{"line":115,"column":11},"end":{"line":115,"column":22}},"35":{"start":{"line":116,"column":17},"end":{"line":116,"column":34}},"36":{"start":{"line":117,"column":20},"end":{"line":117,"column":40}},"37":{"start":{"line":118,"column":13},"end":{"line":118,"column":26}},"38":{"start":{"line":120,"column":2},"end":{"line":153,"column":3}},"39":{"start":{"line":121,"column":3},"end":{"line":127,"column":5}},"40":{"start":{"line":130,"column":4},"end":{"line":130,"column":88}},"41":{"start":{"line":131,"column":11},"end":{"line":131,"column":44}},"42":{"start":{"line":133,"column":3},"end":{"line":152,"column":6}},"43":{"start":{"line":135,"column":5},"end":{"line":135,"column":21}},"44":{"start":{"line":139,"column":6},"end":{"line":141,"column":8}},"45":{"start":{"line":144,"column":6},"end":{"line":150,"column":8}},"46":{"start":{"line":155,"column":2},"end":{"line":161,"column":4}},"47":{"start":{"line":172,"column":0},"end":{"line":220,"column":3}},"48":{"start":{"line":173,"column":1},"end":{"line":219,"column":2}},"49":{"start":{"line":174,"column":11},"end":{"line":174,"column":22}},"50":{"start":{"line":176,"column":11},"end":{"line":176,"column":33}},"51":{"start":{"line":178,"column":2},"end":{"line":210,"column":3}},"52":{"start":{"line":179,"column":3},"end":{"line":185,"column":5}},"53":{"start":{"line":187,"column":13},"end":{"line":187,"column":56}},"54":{"start":{"line":188,"column":11},"end":{"line":188,"column":15}},"55":{"start":{"line":190,"column":3},"end":{"line":209,"column":6}},"56":{"start":{"line":192,"column":5},"end":{"line":192,"column":21}},"57":{"start":{"line":196,"column":6},"end":{"line":198,"column":8}},"58":{"start":{"line":201,"column":6},"end":{"line":207,"column":8}},"59":{"start":{"line":212,"column":2},"end":{"line":218,"column":4}},"60":{"start":{"line":222,"column":0},"end":{"line":222,"column":24}}},"fnMap":{"0":{"name":"(anonymous_0)","decl":{"start":{"line":15,"column":16},"end":{"line":15,"column":17}},"loc":{"start":{"line":15,"column":30},"end":{"line":51,"column":1}},"line":15},"1":{"name":"(anonymous_1)","decl":{"start":{"line":24,"column":9},"end":{"line":24,"column":10}},"loc":{"start":{"line":24,"column":21},"end":{"line":27,"column":4}},"line":24},"2":{"name":"(anonymous_2)","decl":{"start":{"line":29,"column":4},"end":{"line":29,"column":5}},"loc":{"start":{"line":29,"column":10},"end":{"line":35,"column":5}},"line":29},"3":{"name":"(anonymous_3)","decl":{"start":{"line":36,"column":4},"end":{"line":36,"column":5}},"loc":{"start":{"line":36,"column":13},"end":{"line":44,"column":5}},"line":36},"4":{"name":"(anonymous_4)","decl":{"start":{"line":60,"column":24},"end":{"line":60,"column":25}},"loc":{"start":{"line":60,"column":38},"end":{"line":100,"column":1}},"line":60},"5":{"name":"(anonymous_5)","decl":{"start":{"line":69,"column":9},"end":{"line":69,"column":10}},"loc":{"start":{"line":69,"column":21},"end":{"line":72,"column":4}},"line":69},"6":{"name":"(anonymous_6)","decl":{"start":{"line":74,"column":4},"end":{"line":74,"column":5}},"loc":{"start":{"line":74,"column":10},"end":{"line":80,"column":5}},"line":74},"7":{"name":"(anonymous_7)","decl":{"start":{"line":81,"column":4},"end":{"line":81,"column":5}},"loc":{"start":{"line":81,"column":13},"end":{"line":89,"column":5}},"line":81},"8":{"name":"(anonymous_8)","decl":{"start":{"line":111,"column":23},"end":{"line":111,"column":24}},"loc":{"start":{"line":111,"column":37},"end":{"line":163,"column":1}},"line":111},"9":{"name":"(anonymous_9)","decl":{"start":{"line":134,"column":10},"end":{"line":134,"column":11}},"loc":{"start":{"line":134,"column":16},"end":{"line":136,"column":5}},"line":134},"10":{"name":"(anonymous_10)","decl":{"start":{"line":138,"column":5},"end":{"line":138,"column":6}},"loc":{"start":{"line":138,"column":11},"end":{"line":142,"column":6}},"line":138},"11":{"name":"(anonymous_11)","decl":{"start":{"line":143,"column":5},"end":{"line":143,"column":6}},"loc":{"start":{"line":143,"column":14},"end":{"line":151,"column":6}},"line":143},"12":{"name":"(anonymous_12)","decl":{"start":{"line":172,"column":23},"end":{"line":172,"column":24}},"loc":{"start":{"line":172,"column":37},"end":{"line":220,"column":1}},"line":172},"13":{"name":"(anonymous_13)","decl":{"start":{"line":191,"column":10},"end":{"line":191,"column":11}},"loc":{"start":{"line":191,"column":16},"end":{"line":193,"column":5}},"line":191},"14":{"name":"(anonymous_14)","decl":{"start":{"line":195,"column":5},"end":{"line":195,"column":6}},"loc":{"start":{"line":195,"column":11},"end":{"line":199,"column":6}},"line":195},"15":{"name":"(anonymous_15)","decl":{"start":{"line":200,"column":5},"end":{"line":200,"column":6}},"loc":{"start":{"line":200,"column":14},"end":{"line":208,"column":6}},"line":200}},"branchMap":{"0":{"loc":{"start":{"line":120,"column":2},"end":{"line":153,"column":3}},"type":"if","locations":[{"start":{"line":120,"column":2},"end":{"line":153,"column":3}},{"start":{"line":120,"column":2},"end":{"line":153,"column":3}}],"line":120},"1":{"loc":{"start":{"line":120,"column":6},"end":{"line":120,"column":55}},"type":"binary-expr","locations":[{"start":{"line":120,"column":6},"end":{"line":120,"column":17}},{"start":{"line":120,"column":21},"end":{"line":120,"column":38}},{"start":{"line":120,"column":42},"end":{"line":120,"column":55}}],"line":120},"2":{"loc":{"start":{"line":178,"column":2},"end":{"line":210,"column":3}},"type":"if","locations":[{"start":{"line":178,"column":2},"end":{"line":210,"column":3}},{"start":{"line":178,"column":2},"end":{"line":210,"column":3}}],"line":178}},"s":{"0":1,"1":1,"2":1,"3":1,"4":1,"5":1,"6":0,"7":0,"8":0,"9":0,"10":0,"11":0,"12":0,"13":0,"14":0,"15":0,"16":0,"17":0,"18":1,"19":0,"20":0,"21":0,"22":0,"23":0,"24":0,"25":0,"26":0,"27":0,"28":0,"29":0,"30":0,"31":1,"32":0,"33":0,"34":0,"35":0,"36":0,"37":0,"38":0,"39":0,"40":0,"41":0,"42":0,"43":0,"44":0,"45":0,"46":0,"47":1,"48":0,"49":0,"50":0,"51":0,"52":0,"53":0,"54":0,"55":0,"56":0,"57":0,"58":0,"59":0,"60":1},"f":{"0":0,"1":0,"2":0,"3":0,"4":0,"5":0,"6":0,"7":0,"8":0,"9":0,"10":0,"11":0,"12":0,"13":0,"14":0,"15":0},"b":{"0":[0,0],"1":[0,0,0],"2":[0,0]},"_coverageSchema":"1a1c01bbd47fc00a2c39e90264f33305004495a9","hash":"5a9afa4ada4705cea8ddebe0690d8485419ab67c","contentHash":"545950a850374206c304576ac7013445bf502ddc9eabc8ffa1038b8c68d7ea5f"},"C:\\Users\\decla\\GitHub\\professional_planner\\server\\routes\\api\\Algorithm\\algorithm.js":{"path":"C:\\Users\\decla\\GitHub\\professional_planner\\server\\routes\\api\\Algorithm\\algorithm.js","statementMap":{"0":{"start":{"line":10,"column":16},"end":{"line":10,"column":34}},"1":{"start":{"line":11,"column":15},"end":{"line":11,"column":31}},"2":{"start":{"line":13,"column":17},"end":{"line":13,"column":49}},"3":{"start":{"line":15,"column":0},"end":{"line":34,"column":3}},"4":{"start":{"line":16,"column":2},"end":{"line":33,"column":3}},"5":{"start":{"line":17,"column":14},"end":{"line":17,"column":31}},"6":{"start":{"line":19,"column":12},"end":{"line":19,"column":58}},"7":{"start":{"line":21,"column":4},"end":{"line":21,"column":26}},"8":{"start":{"line":23,"column":4},"end":{"line":23,"column":23}},"9":{"start":{"line":25,"column":4},"end":{"line":25,"column":21}},"10":{"start":{"line":26,"column":4},"end":{"line":32,"column":6}},"11":{"start":{"line":37,"column":20},"end":{"line":53,"column":3}},"12":{"start":{"line":55,"column":18},"end":{"line":55,"column":20}},"13":{"start":{"line":57,"column":12},"end":{"line":57,"column":51}},"14":{"start":{"line":58,"column":2},"end":{"line":58,"column":13}},"15":{"start":{"line":62,"column":12},"end":{"line":62,"column":14}},"16":{"start":{"line":63,"column":2},"end":{"line":71,"column":3}},"17":{"start":{"line":64,"column":4},"end":{"line":70,"column":7}},"18":{"start":{"line":72,"column":2},"end":{"line":72,"column":13}},"19":{"start":{"line":76,"column":12},"end":{"line":76,"column":30}},"20":{"start":{"line":77,"column":23},"end":{"line":77,"column":58}},"21":{"start":{"line":78,"column":18},"end":{"line":78,"column":56}},"22":{"start":{"line":79,"column":2},"end":{"line":79,"column":37}},"23":{"start":{"line":91,"column":2},"end":{"line":93,"column":3}},"24":{"start":{"line":92,"column":4},"end":{"line":92,"column":16}},"25":{"start":{"line":94,"column":15},"end":{"line":94,"column":46}},"26":{"start":{"line":95,"column":15},"end":{"line":95,"column":46}},"27":{"start":{"line":96,"column":18},"end":{"line":96,"column":44}},"28":{"start":{"line":98,"column":20},"end":{"line":98,"column":21}},"29":{"start":{"line":99,"column":21},"end":{"line":99,"column":69}},"30":{"start":{"line":104,"column":2},"end":{"line":115,"column":3}},"31":{"start":{"line":104,"column":11},"end":{"line":115,"column":3}},"32":{"start":{"line":105,"column":4},"end":{"line":105,"column":38}},"33":{"start":{"line":106,"column":4},"end":{"line":108,"column":5}},"34":{"start":{"line":107,"column":6},"end":{"line":107,"column":12}},"35":{"start":{"line":110,"column":4},"end":{"line":114,"column":5}},"36":{"start":{"line":111,"column":6},"end":{"line":113,"column":7}},"37":{"start":{"line":112,"column":8},"end":{"line":112,"column":22}},"38":{"start":{"line":117,"column":2},"end":{"line":122,"column":3}},"39":{"start":{"line":118,"column":4},"end":{"line":118,"column":55}},"40":{"start":{"line":119,"column":4},"end":{"line":119,"column":41}},"41":{"start":{"line":121,"column":4},"end":{"line":121,"column":19}},"42":{"start":{"line":124,"column":2},"end":{"line":124,"column":14}},"43":{"start":{"line":128,"column":14},"end":{"line":128,"column":51}},"44":{"start":{"line":129,"column":2},"end":{"line":138,"column":3}},"45":{"start":{"line":130,"column":4},"end":{"line":134,"column":5}},"46":{"start":{"line":131,"column":6},"end":{"line":133,"column":7}},"47":{"start":{"line":132,"column":8},"end":{"line":132,"column":49}},"48":{"start":{"line":135,"column":4},"end":{"line":137,"column":5}},"49":{"start":{"line":136,"column":6},"end":{"line":136,"column":38}},"50":{"start":{"line":139,"column":2},"end":{"line":139,"column":15}},"51":{"start":{"line":143,"column":23},"end":{"line":143,"column":60}},"52":{"start":{"line":144,"column":20},"end":{"line":144,"column":51}},"53":{"start":{"line":145,"column":28},"end":{"line":145,"column":59}},"54":{"start":{"line":146,"column":17},"end":{"line":146,"column":42}},"55":{"start":{"line":147,"column":29},"end":{"line":147,"column":30}},"56":{"start":{"line":148,"column":20},"end":{"line":148,"column":24}},"57":{"start":{"line":151,"column":2},"end":{"line":186,"column":3}},"58":{"start":{"line":153,"column":20},"end":{"line":153,"column":70}},"59":{"start":{"line":154,"column":18},"end":{"line":154,"column":66}},"60":{"start":{"line":156,"column":4},"end":{"line":185,"column":5}},"61":{"start":{"line":156,"column":17},"end":{"line":156,"column":37}},"62":{"start":{"line":158,"column":6},"end":{"line":184,"column":7}},"63":{"start":{"line":158,"column":19},"end":{"line":158,"column":28}},"64":{"start":{"line":160,"column":8},"end":{"line":174,"column":9}},"65":{"start":{"line":162,"column":10},"end":{"line":169,"column":12}},"66":{"start":{"line":170,"column":10},"end":{"line":173,"column":11}},"67":{"start":{"line":171,"column":12},"end":{"line":171,"column":35}},"68":{"start":{"line":172,"column":12},"end":{"line":172,"column":18}},"69":{"start":{"line":176,"column":8},"end":{"line":183,"column":9}},"70":{"start":{"line":180,"column":26},"end":{"line":180,"column":30}},"71":{"start":{"line":181,"column":10},"end":{"line":181,"column":66}},"72":{"start":{"line":182,"column":10},"end":{"line":182,"column":32}},"73":{"start":{"line":189,"column":14},"end":{"line":189,"column":57}},"74":{"start":{"line":191,"column":2},"end":{"line":191,"column":15}},"75":{"start":{"line":194,"column":20},"end":{"line":210,"column":1}},"76":{"start":{"line":212,"column":18},"end":{"line":282,"column":1}},"77":{"start":{"line":284,"column":0},"end":{"line":284,"column":24}}},"fnMap":{"0":{"name":"(anonymous_0)","decl":{"start":{"line":15,"column":17},"end":{"line":15,"column":18}},"loc":{"start":{"line":15,"column":37},"end":{"line":34,"column":1}},"line":15},"1":{"name":"testEmpty","decl":{"start":{"line":36,"column":15},"end":{"line":36,"column":24}},"loc":{"start":{"line":36,"column":27},"end":{"line":59,"column":1}},"line":36},"2":{"name":"makeArrayOfEmployees","decl":{"start":{"line":61,"column":9},"end":{"line":61,"column":29}},"loc":{"start":{"line":61,"column":41},"end":{"line":73,"column":1}},"line":61},"3":{"name":"randomEmployee","decl":{"start":{"line":75,"column":9},"end":{"line":75,"column":23}},"loc":{"start":{"line":75,"column":48},"end":{"line":80,"column":1}},"line":75},"4":{"name":"isAvailable","decl":{"start":{"line":82,"column":9},"end":{"line":82,"column":20}},"loc":{"start":{"line":89,"column":2},"end":{"line":125,"column":1}},"line":89},"5":{"name":"createSchedule","decl":{"start":{"line":127,"column":9},"end":{"line":127,"column":23}},"loc":{"start":{"line":127,"column":53},"end":{"line":140,"column":1}},"line":127},"6":{"name":"algorithm","decl":{"start":{"line":142,"column":9},"end":{"line":142,"column":18}},"loc":{"start":{"line":142,"column":53},"end":{"line":192,"column":1}},"line":142}},"branchMap":{"0":{"loc":{"start":{"line":91,"column":2},"end":{"line":93,"column":3}},"type":"if","locations":[{"start":{"line":91,"column":2},"end":{"line":93,"column":3}},{"start":{"line":91,"column":2},"end":{"line":93,"column":3}}],"line":91},"1":{"loc":{"start":{"line":106,"column":4},"end":{"line":108,"column":5}},"type":"if","locations":[{"start":{"line":106,"column":4},"end":{"line":108,"column":5}},{"start":{"line":106,"column":4},"end":{"line":108,"column":5}}],"line":106},"2":{"loc":{"start":{"line":106,"column":8},"end":{"line":106,"column":67}},"type":"binary-expr","locations":[{"start":{"line":106,"column":8},"end":{"line":106,"column":29}},{"start":{"line":106,"column":33},"end":{"line":106,"column":67}}],"line":106},"3":{"loc":{"start":{"line":111,"column":6},"end":{"line":113,"column":7}},"type":"if","locations":[{"start":{"line":111,"column":6},"end":{"line":113,"column":7}},{"start":{"line":111,"column":6},"end":{"line":113,"column":7}}],"line":111},"4":{"loc":{"start":{"line":111,"column":12},"end":{"line":111,"column":44}},"type":"binary-expr","locations":[{"start":{"line":111,"column":12},"end":{"line":111,"column":26}},{"start":{"line":111,"column":30},"end":{"line":111,"column":44}}],"line":111},"5":{"loc":{"start":{"line":117,"column":2},"end":{"line":122,"column":3}},"type":"if","locations":[{"start":{"line":117,"column":2},"end":{"line":122,"column":3}},{"start":{"line":117,"column":2},"end":{"line":122,"column":3}}],"line":117},"6":{"loc":{"start":{"line":170,"column":10},"end":{"line":173,"column":11}},"type":"if","locations":[{"start":{"line":170,"column":10},"end":{"line":173,"column":11}},{"start":{"line":170,"column":10},"end":{"line":173,"column":11}}],"line":170},"7":{"loc":{"start":{"line":176,"column":8},"end":{"line":183,"column":9}},"type":"if","locations":[{"start":{"line":176,"column":8},"end":{"line":183,"column":9}},{"start":{"line":176,"column":8},"end":{"line":183,"column":9}}],"line":176}},"s":{"0":1,"1":1,"2":1,"3":1,"4":0,"5":0,"6":0,"7":0,"8":0,"9":0,"10":0,"11":0,"12":0,"13":0,"14":0,"15":0,"16":0,"17":0,"18":0,"19":0,"20":0,"21":0,"22":0,"23":0,"24":0,"25":0,"26":0,"27":0,"28":0,"29":0,"30":0,"31":0,"32":0,"33":0,"34":0,"35":0,"36":0,"37":0,"38":0,"39":0,"40":0,"41":0,"42":0,"43":0,"44":0,"45":0,"46":0,"47":0,"48":0,"49":0,"50":0,"51":0,"52":0,"53":0,"54":0,"55":0,"56":0,"57":0,"58":0,"59":0,"60":0,"61":0,"62":0,"63":0,"64":0,"65":0,"66":0,"67":0,"68":0,"69":0,"70":0,"71":0,"72":0,"73":0,"74":0,"75":1,"76":1,"77":1},"f":{"0":0,"1":0,"2":0,"3":0,"4":0,"5":0,"6":0},"b":{"0":[0,0],"1":[0,0],"2":[0,0],"3":[0,0],"4":[0,0],"5":[0,0],"6":[0,0],"7":[0,0]},"_coverageSchema":"1a1c01bbd47fc00a2c39e90264f33305004495a9","hash":"565f532a94751b5cefd7515581783b63bd718a06","contentHash":"d4234fd6d8333992bf9f5d8cec74720d243e9eca68dfe15543c53f8f8da0a1b7"}}