{"C:\\Users\\jusbu\\Github\\professional_planner\\server\\app.js":{"path":"C:\\Users\\jusbu\\Github\\professional_planner\\server\\app.js","statementMap":{"0":{"start":{"line":1,"column":14},"end":{"line":1,"column":32}},"1":{"start":{"line":2,"column":11},"end":{"line":2,"column":26}},"2":{"start":{"line":3,"column":19},"end":{"line":3,"column":43}},"3":{"start":{"line":4,"column":13},"end":{"line":4,"column":30}},"4":{"start":{"line":5,"column":11},"end":{"line":5,"column":26}},"5":{"start":{"line":7,"column":18},"end":{"line":7,"column":43}},"6":{"start":{"line":8,"column":17},"end":{"line":8,"column":44}},"7":{"start":{"line":9,"column":14},"end":{"line":9,"column":40}},"8":{"start":{"line":11,"column":10},"end":{"line":11,"column":19}},"9":{"start":{"line":13,"column":0},"end":{"line":13,"column":16}},"10":{"start":{"line":14,"column":0},"end":{"line":14,"column":23}},"11":{"start":{"line":15,"column":0},"end":{"line":15,"column":24}},"12":{"start":{"line":16,"column":0},"end":{"line":16,"column":49}},"13":{"start":{"line":17,"column":0},"end":{"line":17,"column":24}},"14":{"start":{"line":19,"column":0},"end":{"line":19,"column":49}},"15":{"start":{"line":20,"column":0},"end":{"line":20,"column":42}},"16":{"start":{"line":21,"column":0},"end":{"line":21,"column":46}},"17":{"start":{"line":22,"column":0},"end":{"line":22,"column":31}},"18":{"start":{"line":24,"column":0},"end":{"line":24,"column":49}},"19":{"start":{"line":26,"column":0},"end":{"line":26,"column":26}},"20":{"start":{"line":27,"column":0},"end":{"line":27,"column":28}},"21":{"start":{"line":29,"column":0},"end":{"line":29,"column":21}}},"fnMap":{},"branchMap":{},"s":{"0":1,"1":1,"2":1,"3":1,"4":1,"5":1,"6":1,"7":1,"8":1,"9":1,"10":1,"11":1,"12":1,"13":1,"14":1,"15":1,"16":1,"17":1,"18":1,"19":1,"20":1,"21":1},"f":{},"b":{},"_coverageSchema":"1a1c01bbd47fc00a2c39e90264f33305004495a9","hash":"6d376f0464e66d11c9ce70aab7eb72b204c36289","contentHash":"906b707117bb10074468ae2ae5199aefc3e2e7d6ab28538cbeb7f1266bb6ce41"},"C:\\Users\\jusbu\\Github\\professional_planner\\server\\routes\\index.js":{"path":"C:\\Users\\jusbu\\Github\\professional_planner\\server\\routes\\index.js","statementMap":{"0":{"start":{"line":1,"column":14},"end":{"line":1,"column":32}},"1":{"start":{"line":2,"column":13},"end":{"line":2,"column":29}},"2":{"start":{"line":5,"column":0},"end":{"line":7,"column":3}},"3":{"start":{"line":6,"column":1},"end":{"line":6,"column":43}},"4":{"start":{"line":9,"column":0},"end":{"line":9,"column":24}}},"fnMap":{"0":{"name":"(anonymous_0)","decl":{"start":{"line":5,"column":16},"end":{"line":5,"column":17}},"loc":{"start":{"line":5,"column":36},"end":{"line":7,"column":1}},"line":5}},"branchMap":{},"s":{"0":1,"1":1,"2":1,"3":0,"4":1},"f":{"0":0},"b":{},"_coverageSchema":"1a1c01bbd47fc00a2c39e90264f33305004495a9","hash":"f75803e97ea2126929441fb1a42ec33de78db480","contentHash":"864cd6e1ab1827c0920fd9a7dc0825dca7a8970a748b596d290a5cc4339d3c23"},"C:\\Users\\jusbu\\Github\\professional_planner\\server\\routes\\api\\api.js":{"path":"C:\\Users\\jusbu\\Github\\professional_planner\\server\\routes\\api\\api.js","statementMap":{"0":{"start":{"line":1,"column":14},"end":{"line":1,"column":32}},"1":{"start":{"line":2,"column":13},"end":{"line":2,"column":29}},"2":{"start":{"line":4,"column":20},"end":{"line":4,"column":42}},"3":{"start":{"line":5,"column":21},"end":{"line":5,"column":45}},"4":{"start":{"line":6,"column":22},"end":{"line":6,"column":48}},"5":{"start":{"line":7,"column":25},"end":{"line":7,"column":57}},"6":{"start":{"line":8,"column":22},"end":{"line":8,"column":48}},"7":{"start":{"line":9,"column":27},"end":{"line":9,"column":63}},"8":{"start":{"line":10,"column":25},"end":{"line":10,"column":57}},"9":{"start":{"line":11,"column":18},"end":{"line":11,"column":40}},"10":{"start":{"line":13,"column":0},"end":{"line":13,"column":33}},"11":{"start":{"line":14,"column":0},"end":{"line":14,"column":35}},"12":{"start":{"line":15,"column":0},"end":{"line":15,"column":37}},"13":{"start":{"line":16,"column":0},"end":{"line":16,"column":43}},"14":{"start":{"line":17,"column":0},"end":{"line":17,"column":37}},"15":{"start":{"line":18,"column":0},"end":{"line":18,"column":47}},"16":{"start":{"line":19,"column":0},"end":{"line":19,"column":43}},"17":{"start":{"line":21,"column":0},"end":{"line":21,"column":24}}},"fnMap":{},"branchMap":{},"s":{"0":1,"1":1,"2":1,"3":1,"4":1,"5":1,"6":1,"7":1,"8":1,"9":1,"10":1,"11":1,"12":1,"13":1,"14":1,"15":1,"16":1,"17":1},"f":{},"b":{},"_coverageSchema":"1a1c01bbd47fc00a2c39e90264f33305004495a9","hash":"a6b213622a9b9b823293538ce162f6e1e82a47a4","contentHash":"5c6a83adc08cc9f10e1bf48ec168bbae6134f4890934c80dcfbc1bca965bb8e2"},"C:\\Users\\jusbu\\Github\\professional_planner\\server\\routes\\api\\user\\user.js":{"path":"C:\\Users\\jusbu\\Github\\professional_planner\\server\\routes\\api\\user\\user.js","statementMap":{"0":{"start":{"line":1,"column":16},"end":{"line":1,"column":34}},"1":{"start":{"line":2,"column":15},"end":{"line":2,"column":31}},"2":{"start":{"line":4,"column":14},"end":{"line":4,"column":43}},"3":{"start":{"line":5,"column":17},"end":{"line":5,"column":49}},"4":{"start":{"line":6,"column":15},"end":{"line":6,"column":32}},"5":{"start":{"line":7,"column":15},"end":{"line":7,"column":32}},"6":{"start":{"line":8,"column":16},"end":{"line":8,"column":45}},"7":{"start":{"line":18,"column":0},"end":{"line":69,"column":3}},"8":{"start":{"line":19,"column":2},"end":{"line":68,"column":3}},"9":{"start":{"line":20,"column":13},"end":{"line":20,"column":24}},"10":{"start":{"line":23,"column":16},"end":{"line":23,"column":32}},"11":{"start":{"line":25,"column":4},"end":{"line":63,"column":5}},"12":{"start":{"line":26,"column":6},"end":{"line":32,"column":8}},"13":{"start":{"line":34,"column":16},"end":{"line":34,"column":53}},"14":{"start":{"line":35,"column":14},"end":{"line":35,"column":21}},"15":{"start":{"line":37,"column":6},"end":{"line":62,"column":10}},"16":{"start":{"line":39,"column":10},"end":{"line":39,"column":24}},"17":{"start":{"line":40,"column":10},"end":{"line":40,"column":26}},"18":{"start":{"line":44,"column":12},"end":{"line":56,"column":13}},"19":{"start":{"line":45,"column":14},"end":{"line":50,"column":16}},"20":{"start":{"line":52,"column":22},"end":{"line":52,"column":68}},"21":{"start":{"line":53,"column":14},"end":{"line":53,"column":36}},"22":{"start":{"line":55,"column":14},"end":{"line":55,"column":33}},"23":{"start":{"line":59,"column":12},"end":{"line":59,"column":29}},"24":{"start":{"line":60,"column":12},"end":{"line":60,"column":43}},"25":{"start":{"line":65,"column":4},"end":{"line":67,"column":6}},"26":{"start":{"line":79,"column":0},"end":{"line":135,"column":3}},"27":{"start":{"line":80,"column":2},"end":{"line":134,"column":3}},"28":{"start":{"line":81,"column":13},"end":{"line":81,"column":24}},"29":{"start":{"line":82,"column":17},"end":{"line":82,"column":30}},"30":{"start":{"line":84,"column":21},"end":{"line":84,"column":35}},"31":{"start":{"line":86,"column":4},"end":{"line":128,"column":5}},"32":{"start":{"line":87,"column":6},"end":{"line":87,"column":78}},"33":{"start":{"line":89,"column":17},"end":{"line":89,"column":55}},"34":{"start":{"line":91,"column":16},"end":{"line":91,"column":70}},"35":{"start":{"line":92,"column":14},"end":{"line":92,"column":32}},"36":{"start":{"line":94,"column":6},"end":{"line":127,"column":10}},"37":{"start":{"line":96,"column":10},"end":{"line":96,"column":26}},"38":{"start":{"line":99,"column":21},"end":{"line":99,"column":68}},"39":{"start":{"line":100,"column":21},"end":{"line":100,"column":67}},"40":{"start":{"line":102,"column":21},"end":{"line":105,"column":7}},"41":{"start":{"line":107,"column":10},"end":{"line":112,"column":12}},"42":{"start":{"line":115,"column":10},"end":{"line":115,"column":30}},"43":{"start":{"line":119,"column":12},"end":{"line":122,"column":14}},"44":{"start":{"line":125,"column":12},"end":{"line":125,"column":43}},"45":{"start":{"line":130,"column":4},"end":{"line":133,"column":6}},"46":{"start":{"line":146,"column":0},"end":{"line":193,"column":3}},"47":{"start":{"line":147,"column":2},"end":{"line":192,"column":3}},"48":{"start":{"line":148,"column":13},"end":{"line":148,"column":24}},"49":{"start":{"line":149,"column":17},"end":{"line":149,"column":19}},"50":{"start":{"line":151,"column":15},"end":{"line":151,"column":28}},"51":{"start":{"line":152,"column":19},"end":{"line":152,"column":36}},"52":{"start":{"line":154,"column":4},"end":{"line":183,"column":5}},"53":{"start":{"line":155,"column":6},"end":{"line":161,"column":8}},"54":{"start":{"line":163,"column":6},"end":{"line":182,"column":10}},"55":{"start":{"line":165,"column":20},"end":{"line":165,"column":76}},"56":{"start":{"line":166,"column":18},"end":{"line":166,"column":32}},"57":{"start":{"line":168,"column":10},"end":{"line":168,"column":40}},"58":{"start":{"line":171,"column":10},"end":{"line":171,"column":26}},"59":{"start":{"line":175,"column":12},"end":{"line":177,"column":14}},"60":{"start":{"line":180,"column":12},"end":{"line":180,"column":43}},"61":{"start":{"line":185,"column":4},"end":{"line":191,"column":6}},"62":{"start":{"line":202,"column":0},"end":{"line":219,"column":3}},"63":{"start":{"line":203,"column":2},"end":{"line":218,"column":3}},"64":{"start":{"line":204,"column":4},"end":{"line":209,"column":7}},"65":{"start":{"line":205,"column":6},"end":{"line":208,"column":7}},"66":{"start":{"line":205,"column":15},"end":{"line":205,"column":46}},"67":{"start":{"line":207,"column":8},"end":{"line":207,"column":80}},"68":{"start":{"line":211,"column":4},"end":{"line":217,"column":6}},"69":{"start":{"line":229,"column":0},"end":{"line":282,"column":3}},"70":{"start":{"line":230,"column":2},"end":{"line":281,"column":3}},"71":{"start":{"line":231,"column":13},"end":{"line":231,"column":24}},"72":{"start":{"line":233,"column":19},"end":{"line":233,"column":36}},"73":{"start":{"line":234,"column":24},"end":{"line":234,"column":46}},"74":{"start":{"line":235,"column":18},"end":{"line":235,"column":37}},"75":{"start":{"line":237,"column":4},"end":{"line":272,"column":5}},"76":{"start":{"line":238,"column":6},"end":{"line":244,"column":8}},"77":{"start":{"line":247,"column":8},"end":{"line":247,"column":90}},"78":{"start":{"line":248,"column":14},"end":{"line":248,"column":48}},"79":{"start":{"line":250,"column":6},"end":{"line":271,"column":10}},"80":{"start":{"line":252,"column":10},"end":{"line":252,"column":19}},"81":{"start":{"line":256,"column":12},"end":{"line":258,"column":14}},"82":{"start":{"line":261,"column":12},"end":{"line":261,"column":70}},"83":{"start":{"line":262,"column":12},"end":{"line":262,"column":37}},"84":{"start":{"line":263,"column":12},"end":{"line":269,"column":14}},"85":{"start":{"line":274,"column":4},"end":{"line":280,"column":6}},"86":{"start":{"line":295,"column":0},"end":{"line":355,"column":3}},"87":{"start":{"line":296,"column":2},"end":{"line":354,"column":3}},"88":{"start":{"line":297,"column":13},"end":{"line":297,"column":24}},"89":{"start":{"line":300,"column":15},"end":{"line":300,"column":28}},"90":{"start":{"line":301,"column":16},"end":{"line":301,"column":30}},"91":{"start":{"line":302,"column":19},"end":{"line":302,"column":36}},"92":{"start":{"line":303,"column":15},"end":{"line":303,"column":28}},"93":{"start":{"line":304,"column":13},"end":{"line":304,"column":32}},"94":{"start":{"line":305,"column":17},"end":{"line":305,"column":19}},"95":{"start":{"line":307,"column":4},"end":{"line":348,"column":5}},"96":{"start":{"line":314,"column":14},"end":{"line":318,"column":7}},"97":{"start":{"line":319,"column":6},"end":{"line":319,"column":30}},"98":{"start":{"line":321,"column":6},"end":{"line":347,"column":10}},"99":{"start":{"line":324,"column":12},"end":{"line":324,"column":87}},"100":{"start":{"line":325,"column":18},"end":{"line":325,"column":47}},"101":{"start":{"line":327,"column":10},"end":{"line":327,"column":40}},"102":{"start":{"line":330,"column":10},"end":{"line":330,"column":19}},"103":{"start":{"line":334,"column":12},"end":{"line":336,"column":14}},"104":{"start":{"line":339,"column":12},"end":{"line":345,"column":14}},"105":{"start":{"line":350,"column":4},"end":{"line":353,"column":6}},"106":{"start":{"line":365,"column":0},"end":{"line":440,"column":3}},"107":{"start":{"line":366,"column":2},"end":{"line":439,"column":3}},"108":{"start":{"line":367,"column":13},"end":{"line":367,"column":24}},"109":{"start":{"line":370,"column":16},"end":{"line":370,"column":30}},"110":{"start":{"line":371,"column":19},"end":{"line":371,"column":36}},"111":{"start":{"line":373,"column":4},"end":{"line":428,"column":5}},"112":{"start":{"line":374,"column":6},"end":{"line":378,"column":13}},"113":{"start":{"line":380,"column":16},"end":{"line":380,"column":53}},"114":{"start":{"line":381,"column":14},"end":{"line":381,"column":21}},"115":{"start":{"line":383,"column":6},"end":{"line":427,"column":11}},"116":{"start":{"line":385,"column":10},"end":{"line":385,"column":25}},"117":{"start":{"line":386,"column":10},"end":{"line":386,"column":19}},"118":{"start":{"line":389,"column":10},"end":{"line":426,"column":11}},"119":{"start":{"line":390,"column":12},"end":{"line":393,"column":14}},"120":{"start":{"line":395,"column":23},"end":{"line":395,"column":30}},"121":{"start":{"line":397,"column":12},"end":{"line":425,"column":15}},"122":{"start":{"line":398,"column":14},"end":{"line":405,"column":18}},"123":{"start":{"line":399,"column":16},"end":{"line":405,"column":18}},"124":{"start":{"line":406,"column":14},"end":{"line":424,"column":18}},"125":{"start":{"line":407,"column":16},"end":{"line":414,"column":18}},"126":{"start":{"line":416,"column":24},"end":{"line":417,"column":23}},"127":{"start":{"line":418,"column":16},"end":{"line":418,"column":38}},"128":{"start":{"line":419,"column":16},"end":{"line":419,"column":35}},"129":{"start":{"line":421,"column":16},"end":{"line":424,"column":18}},"130":{"start":{"line":430,"column":4},"end":{"line":430,"column":58}},"131":{"start":{"line":431,"column":4},"end":{"line":431,"column":29}},"132":{"start":{"line":432,"column":4},"end":{"line":438,"column":6}},"133":{"start":{"line":452,"column":0},"end":{"line":526,"column":3}},"134":{"start":{"line":453,"column":2},"end":{"line":525,"column":3}},"135":{"start":{"line":454,"column":13},"end":{"line":454,"column":24}},"136":{"start":{"line":457,"column":15},"end":{"line":457,"column":28}},"137":{"start":{"line":458,"column":16},"end":{"line":458,"column":30}},"138":{"start":{"line":459,"column":19},"end":{"line":459,"column":36}},"139":{"start":{"line":460,"column":15},"end":{"line":460,"column":28}},"140":{"start":{"line":463,"column":17},"end":{"line":463,"column":19}},"141":{"start":{"line":465,"column":4},"end":{"line":514,"column":5}},"142":{"start":{"line":466,"column":14},"end":{"line":470,"column":7}},"143":{"start":{"line":471,"column":6},"end":{"line":471,"column":30}},"144":{"start":{"line":473,"column":16},"end":{"line":473,"column":53}},"145":{"start":{"line":474,"column":14},"end":{"line":474,"column":21}},"146":{"start":{"line":476,"column":6},"end":{"line":513,"column":10}},"147":{"start":{"line":478,"column":10},"end":{"line":478,"column":24}},"148":{"start":{"line":480,"column":10},"end":{"line":480,"column":49}},"149":{"start":{"line":483,"column":10},"end":{"line":491,"column":11}},"150":{"start":{"line":484,"column":12},"end":{"line":484,"column":73}},"151":{"start":{"line":487,"column":14},"end":{"line":487,"column":83}},"152":{"start":{"line":488,"column":20},"end":{"line":488,"column":45}},"153":{"start":{"line":490,"column":12},"end":{"line":490,"column":42}},"154":{"start":{"line":494,"column":10},"end":{"line":494,"column":19}},"155":{"start":{"line":498,"column":12},"end":{"line":500,"column":14}},"156":{"start":{"line":503,"column":12},"end":{"line":503,"column":56}},"157":{"start":{"line":504,"column":12},"end":{"line":504,"column":37}},"158":{"start":{"line":505,"column":12},"end":{"line":511,"column":14}},"159":{"start":{"line":516,"column":4},"end":{"line":516,"column":60}},"160":{"start":{"line":517,"column":4},"end":{"line":517,"column":29}},"161":{"start":{"line":518,"column":4},"end":{"line":524,"column":6}},"162":{"start":{"line":536,"column":0},"end":{"line":580,"column":3}},"163":{"start":{"line":537,"column":2},"end":{"line":579,"column":3}},"164":{"start":{"line":538,"column":13},"end":{"line":538,"column":24}},"165":{"start":{"line":539,"column":18},"end":{"line":539,"column":34}},"166":{"start":{"line":540,"column":16},"end":{"line":540,"column":30}},"167":{"start":{"line":542,"column":4},"end":{"line":573,"column":5}},"168":{"start":{"line":543,"column":14},"end":{"line":547,"column":7}},"169":{"start":{"line":548,"column":6},"end":{"line":548,"column":30}},"170":{"start":{"line":550,"column":16},"end":{"line":550,"column":61}},"171":{"start":{"line":551,"column":14},"end":{"line":551,"column":30}},"172":{"start":{"line":553,"column":6},"end":{"line":572,"column":10}},"173":{"start":{"line":555,"column":10},"end":{"line":555,"column":19}},"174":{"start":{"line":559,"column":12},"end":{"line":561,"column":14}},"175":{"start":{"line":564,"column":12},"end":{"line":570,"column":14}},"176":{"start":{"line":575,"column":4},"end":{"line":578,"column":6}},"177":{"start":{"line":589,"column":0},"end":{"line":605,"column":3}},"178":{"start":{"line":590,"column":2},"end":{"line":604,"column":3}},"179":{"start":{"line":591,"column":4},"end":{"line":601,"column":5}},"180":{"start":{"line":592,"column":14},"end":{"line":596,"column":7}},"181":{"start":{"line":598,"column":6},"end":{"line":598,"column":30}},"182":{"start":{"line":600,"column":6},"end":{"line":600,"column":62}},"183":{"start":{"line":603,"column":4},"end":{"line":603,"column":77}},"184":{"start":{"line":614,"column":0},"end":{"line":674,"column":3}},"185":{"start":{"line":615,"column":2},"end":{"line":673,"column":3}},"186":{"start":{"line":616,"column":13},"end":{"line":616,"column":24}},"187":{"start":{"line":619,"column":15},"end":{"line":619,"column":31}},"188":{"start":{"line":621,"column":4},"end":{"line":664,"column":5}},"189":{"start":{"line":622,"column":14},"end":{"line":626,"column":7}},"190":{"start":{"line":628,"column":6},"end":{"line":628,"column":30}},"191":{"start":{"line":631,"column":8},"end":{"line":631,"column":165}},"192":{"start":{"line":632,"column":14},"end":{"line":632,"column":23}},"193":{"start":{"line":634,"column":6},"end":{"line":663,"column":10}},"194":{"start":{"line":636,"column":10},"end":{"line":636,"column":24}},"195":{"start":{"line":637,"column":10},"end":{"line":637,"column":26}},"196":{"start":{"line":641,"column":30},"end":{"line":641,"column":32}},"197":{"start":{"line":642,"column":12},"end":{"line":648,"column":13}},"198":{"start":{"line":643,"column":14},"end":{"line":647,"column":17}},"199":{"start":{"line":650,"column":20},"end":{"line":650,"column":72}},"200":{"start":{"line":651,"column":12},"end":{"line":651,"column":60}},"201":{"start":{"line":653,"column":12},"end":{"line":653,"column":31}},"202":{"start":{"line":656,"column":20},"end":{"line":660,"column":13}},"203":{"start":{"line":661,"column":12},"end":{"line":661,"column":36}},"204":{"start":{"line":666,"column":4},"end":{"line":672,"column":6}},"205":{"start":{"line":677,"column":2},"end":{"line":677,"column":57}},"206":{"start":{"line":681,"column":2},"end":{"line":689,"column":5}},"207":{"start":{"line":682,"column":4},"end":{"line":688,"column":7}},"208":{"start":{"line":683,"column":6},"end":{"line":683,"column":34}},"209":{"start":{"line":683,"column":15},"end":{"line":683,"column":34}},"210":{"start":{"line":684,"column":6},"end":{"line":687,"column":9}},"211":{"start":{"line":685,"column":8},"end":{"line":686,"column":34}},"212":{"start":{"line":685,"column":17},"end":{"line":685,"column":36}},"213":{"start":{"line":686,"column":13},"end":{"line":686,"column":34}},"214":{"start":{"line":692,"column":0},"end":{"line":692,"column":24}}},"fnMap":{"0":{"name":"(anonymous_0)","decl":{"start":{"line":18,"column":28},"end":{"line":18,"column":29}},"loc":{"start":{"line":18,"column":42},"end":{"line":69,"column":1}},"line":18},"1":{"name":"(anonymous_1)","decl":{"start":{"line":38,"column":14},"end":{"line":38,"column":15}},"loc":{"start":{"line":38,"column":26},"end":{"line":41,"column":9}},"line":38},"2":{"name":"(anonymous_2)","decl":{"start":{"line":43,"column":10},"end":{"line":43,"column":11}},"loc":{"start":{"line":43,"column":16},"end":{"line":57,"column":11}},"line":43},"3":{"name":"(anonymous_3)","decl":{"start":{"line":58,"column":10},"end":{"line":58,"column":11}},"loc":{"start":{"line":58,"column":19},"end":{"line":61,"column":11}},"line":58},"4":{"name":"(anonymous_4)","decl":{"start":{"line":79,"column":32},"end":{"line":79,"column":33}},"loc":{"start":{"line":79,"column":46},"end":{"line":135,"column":1}},"line":79},"5":{"name":"(anonymous_5)","decl":{"start":{"line":95,"column":14},"end":{"line":95,"column":15}},"loc":{"start":{"line":95,"column":20},"end":{"line":97,"column":9}},"line":95},"6":{"name":"(anonymous_6)","decl":{"start":{"line":98,"column":14},"end":{"line":98,"column":15}},"loc":{"start":{"line":98,"column":20},"end":{"line":113,"column":9}},"line":98},"7":{"name":"(anonymous_7)","decl":{"start":{"line":114,"column":14},"end":{"line":114,"column":15}},"loc":{"start":{"line":114,"column":20},"end":{"line":116,"column":9}},"line":114},"8":{"name":"(anonymous_8)","decl":{"start":{"line":118,"column":10},"end":{"line":118,"column":11}},"loc":{"start":{"line":118,"column":16},"end":{"line":123,"column":11}},"line":118},"9":{"name":"(anonymous_9)","decl":{"start":{"line":124,"column":10},"end":{"line":124,"column":11}},"loc":{"start":{"line":124,"column":19},"end":{"line":126,"column":11}},"line":124},"10":{"name":"(anonymous_10)","decl":{"start":{"line":146,"column":39},"end":{"line":146,"column":40}},"loc":{"start":{"line":146,"column":53},"end":{"line":193,"column":1}},"line":146},"11":{"name":"(anonymous_11)","decl":{"start":{"line":164,"column":14},"end":{"line":164,"column":15}},"loc":{"start":{"line":164,"column":26},"end":{"line":169,"column":9}},"line":164},"12":{"name":"(anonymous_12)","decl":{"start":{"line":170,"column":14},"end":{"line":170,"column":15}},"loc":{"start":{"line":170,"column":20},"end":{"line":172,"column":9}},"line":170},"13":{"name":"(anonymous_13)","decl":{"start":{"line":174,"column":10},"end":{"line":174,"column":11}},"loc":{"start":{"line":174,"column":16},"end":{"line":178,"column":11}},"line":174},"14":{"name":"(anonymous_14)","decl":{"start":{"line":179,"column":10},"end":{"line":179,"column":11}},"loc":{"start":{"line":179,"column":19},"end":{"line":181,"column":11}},"line":179},"15":{"name":"(anonymous_15)","decl":{"start":{"line":202,"column":23},"end":{"line":202,"column":24}},"loc":{"start":{"line":202,"column":37},"end":{"line":219,"column":1}},"line":202},"16":{"name":"(anonymous_16)","decl":{"start":{"line":204,"column":24},"end":{"line":204,"column":25}},"loc":{"start":{"line":204,"column":33},"end":{"line":209,"column":5}},"line":204},"17":{"name":"(anonymous_17)","decl":{"start":{"line":229,"column":34},"end":{"line":229,"column":35}},"loc":{"start":{"line":229,"column":48},"end":{"line":282,"column":1}},"line":229},"18":{"name":"(anonymous_18)","decl":{"start":{"line":251,"column":14},"end":{"line":251,"column":15}},"loc":{"start":{"line":251,"column":20},"end":{"line":253,"column":9}},"line":251},"19":{"name":"(anonymous_19)","decl":{"start":{"line":255,"column":10},"end":{"line":255,"column":11}},"loc":{"start":{"line":255,"column":16},"end":{"line":259,"column":11}},"line":255},"20":{"name":"(anonymous_20)","decl":{"start":{"line":260,"column":10},"end":{"line":260,"column":11}},"loc":{"start":{"line":260,"column":19},"end":{"line":270,"column":11}},"line":260},"21":{"name":"(anonymous_21)","decl":{"start":{"line":295,"column":28},"end":{"line":295,"column":29}},"loc":{"start":{"line":295,"column":42},"end":{"line":355,"column":1}},"line":295},"22":{"name":"(anonymous_22)","decl":{"start":{"line":322,"column":14},"end":{"line":322,"column":15}},"loc":{"start":{"line":322,"column":24},"end":{"line":328,"column":9}},"line":322},"23":{"name":"(anonymous_23)","decl":{"start":{"line":329,"column":14},"end":{"line":329,"column":15}},"loc":{"start":{"line":329,"column":20},"end":{"line":331,"column":9}},"line":329},"24":{"name":"(anonymous_24)","decl":{"start":{"line":333,"column":10},"end":{"line":333,"column":11}},"loc":{"start":{"line":333,"column":16},"end":{"line":337,"column":11}},"line":333},"25":{"name":"(anonymous_25)","decl":{"start":{"line":338,"column":10},"end":{"line":338,"column":11}},"loc":{"start":{"line":338,"column":19},"end":{"line":346,"column":11}},"line":338},"26":{"name":"(anonymous_26)","decl":{"start":{"line":365,"column":22},"end":{"line":365,"column":23}},"loc":{"start":{"line":365,"column":36},"end":{"line":440,"column":1}},"line":365},"27":{"name":"(anonymous_27)","decl":{"start":{"line":384,"column":14},"end":{"line":384,"column":15}},"loc":{"start":{"line":384,"column":27},"end":{"line":387,"column":9}},"line":384},"28":{"name":"(anonymous_28)","decl":{"start":{"line":388,"column":14},"end":{"line":388,"column":15}},"loc":{"start":{"line":388,"column":20},"end":{"line":427,"column":9}},"line":388},"29":{"name":"(anonymous_29)","decl":{"start":{"line":397,"column":52},"end":{"line":397,"column":53}},"loc":{"start":{"line":397,"column":67},"end":{"line":425,"column":13}},"line":397},"30":{"name":"(anonymous_30)","decl":{"start":{"line":452,"column":28},"end":{"line":452,"column":29}},"loc":{"start":{"line":452,"column":42},"end":{"line":526,"column":1}},"line":452},"31":{"name":"(anonymous_31)","decl":{"start":{"line":477,"column":14},"end":{"line":477,"column":15}},"loc":{"start":{"line":477,"column":26},"end":{"line":481,"column":9}},"line":477},"32":{"name":"(anonymous_32)","decl":{"start":{"line":482,"column":14},"end":{"line":482,"column":15}},"loc":{"start":{"line":482,"column":24},"end":{"line":492,"column":9}},"line":482},"33":{"name":"(anonymous_33)","decl":{"start":{"line":493,"column":14},"end":{"line":493,"column":15}},"loc":{"start":{"line":493,"column":20},"end":{"line":495,"column":9}},"line":493},"34":{"name":"(anonymous_34)","decl":{"start":{"line":497,"column":10},"end":{"line":497,"column":11}},"loc":{"start":{"line":497,"column":16},"end":{"line":501,"column":11}},"line":497},"35":{"name":"(anonymous_35)","decl":{"start":{"line":502,"column":10},"end":{"line":502,"column":11}},"loc":{"start":{"line":502,"column":19},"end":{"line":512,"column":11}},"line":502},"36":{"name":"(anonymous_36)","decl":{"start":{"line":536,"column":23},"end":{"line":536,"column":24}},"loc":{"start":{"line":536,"column":37},"end":{"line":580,"column":1}},"line":536},"37":{"name":"(anonymous_37)","decl":{"start":{"line":554,"column":14},"end":{"line":554,"column":15}},"loc":{"start":{"line":554,"column":20},"end":{"line":556,"column":9}},"line":554},"38":{"name":"(anonymous_38)","decl":{"start":{"line":558,"column":10},"end":{"line":558,"column":11}},"loc":{"start":{"line":558,"column":16},"end":{"line":562,"column":11}},"line":558},"39":{"name":"(anonymous_39)","decl":{"start":{"line":563,"column":10},"end":{"line":563,"column":11}},"loc":{"start":{"line":563,"column":19},"end":{"line":571,"column":11}},"line":563},"40":{"name":"(anonymous_40)","decl":{"start":{"line":589,"column":24},"end":{"line":589,"column":25}},"loc":{"start":{"line":589,"column":38},"end":{"line":605,"column":1}},"line":589},"41":{"name":"(anonymous_41)","decl":{"start":{"line":614,"column":23},"end":{"line":614,"column":24}},"loc":{"start":{"line":614,"column":37},"end":{"line":674,"column":1}},"line":614},"42":{"name":"(anonymous_42)","decl":{"start":{"line":635,"column":14},"end":{"line":635,"column":15}},"loc":{"start":{"line":635,"column":26},"end":{"line":638,"column":9}},"line":635},"43":{"name":"(anonymous_43)","decl":{"start":{"line":640,"column":10},"end":{"line":640,"column":11}},"loc":{"start":{"line":640,"column":16},"end":{"line":654,"column":11}},"line":640},"44":{"name":"(anonymous_44)","decl":{"start":{"line":655,"column":10},"end":{"line":655,"column":11}},"loc":{"start":{"line":655,"column":19},"end":{"line":662,"column":11}},"line":655},"45":{"name":"isEmpty","decl":{"start":{"line":676,"column":9},"end":{"line":676,"column":16}},"loc":{"start":{"line":676,"column":22},"end":{"line":678,"column":1}},"line":676},"46":{"name":"generate_hash","decl":{"start":{"line":680,"column":9},"end":{"line":680,"column":22}},"loc":{"start":{"line":680,"column":41},"end":{"line":690,"column":1}},"line":680},"47":{"name":"(anonymous_47)","decl":{"start":{"line":681,"column":21},"end":{"line":681,"column":22}},"loc":{"start":{"line":681,"column":42},"end":{"line":689,"column":3}},"line":681},"48":{"name":"(anonymous_48)","decl":{"start":{"line":682,"column":27},"end":{"line":682,"column":28}},"loc":{"start":{"line":682,"column":42},"end":{"line":688,"column":5}},"line":682},"49":{"name":"(anonymous_49)","decl":{"start":{"line":684,"column":34},"end":{"line":684,"column":35}},"loc":{"start":{"line":684,"column":49},"end":{"line":687,"column":7}},"line":684}},"branchMap":{"0":{"loc":{"start":{"line":25,"column":4},"end":{"line":63,"column":5}},"type":"if","locations":[{"start":{"line":25,"column":4},"end":{"line":63,"column":5}},{"start":{"line":25,"column":4},"end":{"line":63,"column":5}}],"line":25},"1":{"loc":{"start":{"line":44,"column":12},"end":{"line":56,"column":13}},"type":"if","locations":[{"start":{"line":44,"column":12},"end":{"line":56,"column":13}},{"start":{"line":44,"column":12},"end":{"line":56,"column":13}}],"line":44},"2":{"loc":{"start":{"line":86,"column":4},"end":{"line":128,"column":5}},"type":"if","locations":[{"start":{"line":86,"column":4},"end":{"line":128,"column":5}},{"start":{"line":86,"column":4},"end":{"line":128,"column":5}}],"line":86},"3":{"loc":{"start":{"line":154,"column":4},"end":{"line":183,"column":5}},"type":"if","locations":[{"start":{"line":154,"column":4},"end":{"line":183,"column":5}},{"start":{"line":154,"column":4},"end":{"line":183,"column":5}}],"line":154},"4":{"loc":{"start":{"line":154,"column":8},"end":{"line":154,"column":42}},"type":"binary-expr","locations":[{"start":{"line":154,"column":8},"end":{"line":154,"column":21}},{"start":{"line":154,"column":25},"end":{"line":154,"column":42}}],"line":154},"5":{"loc":{"start":{"line":205,"column":6},"end":{"line":208,"column":7}},"type":"if","locations":[{"start":{"line":205,"column":6},"end":{"line":208,"column":7}},{"start":{"line":205,"column":6},"end":{"line":208,"column":7}}],"line":205},"6":{"loc":{"start":{"line":237,"column":4},"end":{"line":272,"column":5}},"type":"if","locations":[{"start":{"line":237,"column":4},"end":{"line":272,"column":5}},{"start":{"line":237,"column":4},"end":{"line":272,"column":5}}],"line":237},"7":{"loc":{"start":{"line":237,"column":8},"end":{"line":237,"column":71}},"type":"binary-expr","locations":[{"start":{"line":237,"column":8},"end":{"line":237,"column":25}},{"start":{"line":237,"column":29},"end":{"line":237,"column":45}},{"start":{"line":237,"column":49},"end":{"line":237,"column":71}}],"line":237},"8":{"loc":{"start":{"line":307,"column":4},"end":{"line":348,"column":5}},"type":"if","locations":[{"start":{"line":307,"column":4},"end":{"line":348,"column":5}},{"start":{"line":307,"column":4},"end":{"line":348,"column":5}}],"line":307},"9":{"loc":{"start":{"line":308,"column":6},"end":{"line":312,"column":17}},"type":"binary-expr","locations":[{"start":{"line":308,"column":6},"end":{"line":308,"column":19}},{"start":{"line":309,"column":6},"end":{"line":309,"column":20}},{"start":{"line":310,"column":6},"end":{"line":310,"column":23}},{"start":{"line":311,"column":6},"end":{"line":311,"column":19}},{"start":{"line":312,"column":6},"end":{"line":312,"column":17}}],"line":308},"10":{"loc":{"start":{"line":373,"column":4},"end":{"line":428,"column":5}},"type":"if","locations":[{"start":{"line":373,"column":4},"end":{"line":428,"column":5}},{"start":{"line":373,"column":4},"end":{"line":428,"column":5}}],"line":373},"11":{"loc":{"start":{"line":373,"column":8},"end":{"line":373,"column":43}},"type":"binary-expr","locations":[{"start":{"line":373,"column":8},"end":{"line":373,"column":25}},{"start":{"line":373,"column":29},"end":{"line":373,"column":43}}],"line":373},"12":{"loc":{"start":{"line":389,"column":10},"end":{"line":426,"column":11}},"type":"if","locations":[{"start":{"line":389,"column":10},"end":{"line":426,"column":11}},{"start":{"line":389,"column":10},"end":{"line":426,"column":11}}],"line":389},"13":{"loc":{"start":{"line":398,"column":14},"end":{"line":405,"column":18}},"type":"if","locations":[{"start":{"line":398,"column":14},"end":{"line":405,"column":18}},{"start":{"line":398,"column":14},"end":{"line":405,"column":18}}],"line":398},"14":{"loc":{"start":{"line":406,"column":14},"end":{"line":424,"column":18}},"type":"if","locations":[{"start":{"line":406,"column":14},"end":{"line":424,"column":18}},{"start":{"line":406,"column":14},"end":{"line":424,"column":18}}],"line":406},"15":{"loc":{"start":{"line":465,"column":4},"end":{"line":514,"column":5}},"type":"if","locations":[{"start":{"line":465,"column":4},"end":{"line":514,"column":5}},{"start":{"line":465,"column":4},"end":{"line":514,"column":5}}],"line":465},"16":{"loc":{"start":{"line":465,"column":8},"end":{"line":465,"column":43}},"type":"binary-expr","locations":[{"start":{"line":465,"column":8},"end":{"line":465,"column":22}},{"start":{"line":465,"column":26},"end":{"line":465,"column":43}}],"line":465},"17":{"loc":{"start":{"line":483,"column":10},"end":{"line":491,"column":11}},"type":"if","locations":[{"start":{"line":483,"column":10},"end":{"line":491,"column":11}},{"start":{"line":483,"column":10},"end":{"line":491,"column":11}}],"line":483},"18":{"loc":{"start":{"line":542,"column":4},"end":{"line":573,"column":5}},"type":"if","locations":[{"start":{"line":542,"column":4},"end":{"line":573,"column":5}},{"start":{"line":542,"column":4},"end":{"line":573,"column":5}}],"line":542},"19":{"loc":{"start":{"line":542,"column":8},"end":{"line":542,"column":42}},"type":"binary-expr","locations":[{"start":{"line":542,"column":8},"end":{"line":542,"column":24}},{"start":{"line":542,"column":28},"end":{"line":542,"column":42}}],"line":542},"20":{"loc":{"start":{"line":591,"column":4},"end":{"line":601,"column":5}},"type":"if","locations":[{"start":{"line":591,"column":4},"end":{"line":601,"column":5}},{"start":{"line":591,"column":4},"end":{"line":601,"column":5}}],"line":591},"21":{"loc":{"start":{"line":621,"column":4},"end":{"line":664,"column":5}},"type":"if","locations":[{"start":{"line":621,"column":4},"end":{"line":664,"column":5}},{"start":{"line":621,"column":4},"end":{"line":664,"column":5}}],"line":621},"22":{"loc":{"start":{"line":677,"column":9},"end":{"line":677,"column":56}},"type":"binary-expr","locations":[{"start":{"line":677,"column":9},"end":{"line":677,"column":26}},{"start":{"line":677,"column":30},"end":{"line":677,"column":42}},{"start":{"line":677,"column":46},"end":{"line":677,"column":56}}],"line":677},"23":{"loc":{"start":{"line":683,"column":6},"end":{"line":683,"column":34}},"type":"if","locations":[{"start":{"line":683,"column":6},"end":{"line":683,"column":34}},{"start":{"line":683,"column":6},"end":{"line":683,"column":34}}],"line":683},"24":{"loc":{"start":{"line":685,"column":8},"end":{"line":686,"column":34}},"type":"if","locations":[{"start":{"line":685,"column":8},"end":{"line":686,"column":34}},{"start":{"line":685,"column":8},"end":{"line":686,"column":34}}],"line":685}},"s":{"0":1,"1":1,"2":1,"3":1,"4":1,"5":1,"6":1,"7":1,"8":1,"9":1,"10":1,"11":1,"12":0,"13":1,"14":1,"15":1,"16":1,"17":1,"18":1,"19":0,"20":1,"21":1,"22":1,"23":0,"24":0,"25":0,"26":1,"27":1,"28":1,"29":1,"30":1,"31":1,"32":0,"33":1,"34":1,"35":1,"36":1,"37":1,"38":1,"39":1,"40":1,"41":1,"42":1,"43":1,"44":0,"45":0,"46":1,"47":1,"48":1,"49":1,"50":1,"51":1,"52":1,"53":0,"54":1,"55":1,"56":1,"57":1,"58":1,"59":1,"60":0,"61":0,"62":1,"63":1,"64":1,"65":1,"66":0,"67":1,"68":0,"69":1,"70":1,"71":1,"72":1,"73":1,"74":1,"75":0,"76":0,"77":0,"78":0,"79":0,"80":0,"81":0,"82":0,"83":0,"84":0,"85":1,"86":1,"87":1,"88":1,"89":1,"90":1,"91":1,"92":1,"93":1,"94":0,"95":0,"96":0,"97":0,"98":0,"99":0,"100":0,"101":0,"102":0,"103":0,"104":0,"105":1,"106":1,"107":1,"108":1,"109":1,"110":1,"111":1,"112":0,"113":1,"114":1,"115":1,"116":1,"117":1,"118":1,"119":0,"120":1,"121":1,"122":1,"123":0,"124":1,"125":1,"126":1,"127":1,"128":1,"129":0,"130":0,"131":0,"132":0,"133":1,"134":1,"135":1,"136":1,"137":1,"138":1,"139":1,"140":1,"141":1,"142":0,"143":0,"144":1,"145":1,"146":1,"147":1,"148":1,"149":1,"150":0,"151":1,"152":1,"153":1,"154":1,"155":1,"156":0,"157":0,"158":0,"159":0,"160":0,"161":0,"162":1,"163":1,"164":1,"165":1,"166":1,"167":1,"168":0,"169":0,"170":1,"171":1,"172":1,"173":1,"174":1,"175":0,"176":0,"177":1,"178":1,"179":1,"180":0,"181":0,"182":0,"183":1,"184":1,"185":1,"186":1,"187":1,"188":1,"189":1,"190":1,"191":0,"192":0,"193":0,"194":0,"195":0,"196":0,"197":0,"198":0,"199":0,"200":0,"201":0,"202":0,"203":0,"204":0,"205":10,"206":2,"207":2,"208":2,"209":0,"210":2,"211":2,"212":0,"213":2,"214":1},"f":{"0":1,"1":1,"2":1,"3":0,"4":1,"5":1,"6":1,"7":1,"8":1,"9":0,"10":1,"11":1,"12":1,"13":1,"14":0,"15":1,"16":1,"17":1,"18":0,"19":0,"20":0,"21":1,"22":0,"23":0,"24":0,"25":0,"26":1,"27":1,"28":1,"29":1,"30":1,"31":1,"32":1,"33":1,"34":1,"35":0,"36":1,"37":1,"38":1,"39":0,"40":1,"41":1,"42":0,"43":0,"44":0,"45":10,"46":2,"47":2,"48":2,"49":2},"b":{"0":[0,1],"1":[0,1],"2":[0,1],"3":[0,1],"4":[1,1],"5":[0,1],"6":[0,0],"7":[0,0,0],"8":[0,0],"9":[0,0,0,0,0],"10":[0,1],"11":[1,1],"12":[0,1],"13":[0,1],"14":[1,0],"15":[0,1],"16":[1,1],"17":[0,1],"18":[0,1],"19":[1,0],"20":[0,0],"21":[1,0],"22":[10,9,9],"23":[0,2],"24":[0,2]},"_coverageSchema":"1a1c01bbd47fc00a2c39e90264f33305004495a9","hash":"b6303b6a0bebb002d7f14a7b164018fe7ced1caa","contentHash":"d3e20e164035cef018fc3e2f97b2997f19b3f9a6bf72c2a45aba6ffd00ca77dd"},"C:\\Users\\jusbu\\Github\\professional_planner\\server\\routes\\global\\query.js":{"path":"C:\\Users\\jusbu\\Github\\professional_planner\\server\\routes\\global\\query.js","statementMap":{"0":{"start":{"line":2,"column":14},"end":{"line":2,"column":30}},"1":{"start":{"line":6,"column":4},"end":{"line":12,"column":7}},"2":{"start":{"line":16,"column":4},"end":{"line":16,"column":52}},"3":{"start":{"line":17,"column":4},"end":{"line":17,"column":21}},"4":{"start":{"line":18,"column":4},"end":{"line":18,"column":19}},"5":{"start":{"line":19,"column":4},"end":{"line":39,"column":7}},"6":{"start":{"line":20,"column":6},"end":{"line":38,"column":7}},"7":{"start":{"line":21,"column":8},"end":{"line":28,"column":11}},"8":{"start":{"line":22,"column":10},"end":{"line":27,"column":11}},"9":{"start":{"line":23,"column":12},"end":{"line":23,"column":37}},"10":{"start":{"line":24,"column":12},"end":{"line":24,"column":24}},"11":{"start":{"line":26,"column":12},"end":{"line":26,"column":26}},"12":{"start":{"line":30,"column":8},"end":{"line":37,"column":11}},"13":{"start":{"line":31,"column":10},"end":{"line":36,"column":11}},"14":{"start":{"line":32,"column":12},"end":{"line":32,"column":37}},"15":{"start":{"line":33,"column":12},"end":{"line":33,"column":24}},"16":{"start":{"line":35,"column":12},"end":{"line":35,"column":26}},"17":{"start":{"line":43,"column":4},"end":{"line":48,"column":7}},"18":{"start":{"line":44,"column":6},"end":{"line":47,"column":9}},"19":{"start":{"line":45,"column":8},"end":{"line":46,"column":23}},"20":{"start":{"line":45,"column":17},"end":{"line":45,"column":29}},"21":{"start":{"line":46,"column":13},"end":{"line":46,"column":23}},"22":{"start":{"line":52,"column":0},"end":{"line":52,"column":20}}},"fnMap":{"0":{"name":"(anonymous_0)","decl":{"start":{"line":5,"column":2},"end":{"line":5,"column":3}},"loc":{"start":{"line":5,"column":16},"end":{"line":13,"column":3}},"line":5},"1":{"name":"(anonymous_1)","decl":{"start":{"line":15,"column":2},"end":{"line":15,"column":3}},"loc":{"start":{"line":15,"column":23},"end":{"line":40,"column":3}},"line":15},"2":{"name":"(anonymous_2)","decl":{"start":{"line":19,"column":23},"end":{"line":19,"column":24}},"loc":{"start":{"line":19,"column":44},"end":{"line":39,"column":5}},"line":19},"3":{"name":"(anonymous_3)","decl":{"start":{"line":21,"column":32},"end":{"line":21,"column":33}},"loc":{"start":{"line":21,"column":41},"end":{"line":28,"column":9}},"line":21},"4":{"name":"(anonymous_4)","decl":{"start":{"line":30,"column":32},"end":{"line":30,"column":33}},"loc":{"start":{"line":30,"column":47},"end":{"line":37,"column":9}},"line":30},"5":{"name":"(anonymous_5)","decl":{"start":{"line":42,"column":2},"end":{"line":42,"column":3}},"loc":{"start":{"line":42,"column":8},"end":{"line":49,"column":3}},"line":42},"6":{"name":"(anonymous_6)","decl":{"start":{"line":43,"column":23},"end":{"line":43,"column":24}},"loc":{"start":{"line":43,"column":44},"end":{"line":48,"column":5}},"line":43},"7":{"name":"(anonymous_7)","decl":{"start":{"line":44,"column":20},"end":{"line":44,"column":21}},"loc":{"start":{"line":44,"column":29},"end":{"line":47,"column":7}},"line":44}},"branchMap":{"0":{"loc":{"start":{"line":20,"column":6},"end":{"line":38,"column":7}},"type":"if","locations":[{"start":{"line":20,"column":6},"end":{"line":38,"column":7}},{"start":{"line":20,"column":6},"end":{"line":38,"column":7}}],"line":20},"1":{"loc":{"start":{"line":22,"column":10},"end":{"line":27,"column":11}},"type":"if","locations":[{"start":{"line":22,"column":10},"end":{"line":27,"column":11}},{"start":{"line":22,"column":10},"end":{"line":27,"column":11}}],"line":22},"2":{"loc":{"start":{"line":31,"column":10},"end":{"line":36,"column":11}},"type":"if","locations":[{"start":{"line":31,"column":10},"end":{"line":36,"column":11}},{"start":{"line":31,"column":10},"end":{"line":36,"column":11}}],"line":31},"3":{"loc":{"start":{"line":45,"column":8},"end":{"line":46,"column":23}},"type":"if","locations":[{"start":{"line":45,"column":8},"end":{"line":46,"column":23}},{"start":{"line":45,"column":8},"end":{"line":46,"column":23}}],"line":45}},"s":{"0":1,"1":37,"2":30,"3":30,"4":30,"5":30,"6":30,"7":13,"8":13,"9":0,"10":0,"11":13,"12":17,"13":17,"14":0,"15":0,"16":17,"17":29,"18":29,"19":29,"20":0,"21":29,"22":1},"f":{"0":37,"1":30,"2":30,"3":13,"4":17,"5":29,"6":29,"7":29},"b":{"0":[13,17],"1":[0,13],"2":[0,17],"3":[0,29]},"_coverageSchema":"1a1c01bbd47fc00a2c39e90264f33305004495a9","hash":"ef6cb928093433ceda91499e19ba7ed283a50f4c","contentHash":"632fbb10292e7af45508cb827d7d06c7b18df98439afa63894e7c8eb4a84296b"},"C:\\Users\\jusbu\\Github\\professional_planner\\server\\routes\\global\\response.js":{"path":"C:\\Users\\jusbu\\Github\\professional_planner\\server\\routes\\global\\response.js","statementMap":{"0":{"start":{"line":4,"column":4},"end":{"line":10,"column":6}},"1":{"start":{"line":14,"column":0},"end":{"line":14,"column":26}}},"fnMap":{"0":{"name":"(anonymous_0)","decl":{"start":{"line":3,"column":2},"end":{"line":3,"column":3}},"loc":{"start":{"line":3,"column":51},"end":{"line":11,"column":3}},"line":3}},"branchMap":{"0":{"loc":{"start":{"line":3,"column":23},"end":{"line":3,"column":35}},"type":"default-arg","locations":[{"start":{"line":3,"column":31},"end":{"line":3,"column":35}}],"line":3},"1":{"loc":{"start":{"line":3,"column":37},"end":{"line":3,"column":49}},"type":"default-arg","locations":[{"start":{"line":3,"column":45},"end":{"line":3,"column":49}}],"line":3}},"s":{"0":39,"1":1},"f":{"0":39},"b":{"0":[30],"1":[30]},"_coverageSchema":"1a1c01bbd47fc00a2c39e90264f33305004495a9","hash":"5052834478bd41a58c6fca274ed95d80e8553cd7","contentHash":"0af5de2be0fa8d2384389d31e72814c7d7d576524c8a358ec6976f9f61820e98"},"C:\\Users\\jusbu\\Github\\professional_planner\\server\\routes\\global\\email.js":{"path":"C:\\Users\\jusbu\\Github\\professional_planner\\server\\routes\\global\\email.js","statementMap":{"0":{"start":{"line":1,"column":17},"end":{"line":1,"column":38}},"1":{"start":{"line":5,"column":4},"end":{"line":22,"column":5}},"2":{"start":{"line":6,"column":6},"end":{"line":14,"column":9}},"3":{"start":{"line":16,"column":6},"end":{"line":21,"column":9}},"4":{"start":{"line":26,"column":4},"end":{"line":38,"column":7}},"5":{"start":{"line":27,"column":6},"end":{"line":27,"column":38}},"6":{"start":{"line":29,"column":18},"end":{"line":29,"column":70}},"7":{"start":{"line":30,"column":6},"end":{"line":30,"column":25}},"8":{"start":{"line":32,"column":6},"end":{"line":37,"column":9}},"9":{"start":{"line":33,"column":8},"end":{"line":36,"column":32}},"10":{"start":{"line":34,"column":10},"end":{"line":34,"column":35}},"11":{"start":{"line":35,"column":10},"end":{"line":35,"column":22}},"12":{"start":{"line":36,"column":15},"end":{"line":36,"column":32}},"13":{"start":{"line":42,"column":4},"end":{"line":49,"column":7}},"14":{"start":{"line":43,"column":6},"end":{"line":48,"column":7}},"15":{"start":{"line":44,"column":8},"end":{"line":44,"column":29}},"16":{"start":{"line":45,"column":8},"end":{"line":45,"column":18}},"17":{"start":{"line":47,"column":8},"end":{"line":47,"column":20}},"18":{"start":{"line":53,"column":0},"end":{"line":53,"column":23}}},"fnMap":{"0":{"name":"(anonymous_0)","decl":{"start":{"line":4,"column":2},"end":{"line":4,"column":3}},"loc":{"start":{"line":4,"column":22},"end":{"line":23,"column":3}},"line":4},"1":{"name":"(anonymous_1)","decl":{"start":{"line":25,"column":2},"end":{"line":25,"column":3}},"loc":{"start":{"line":25,"column":38},"end":{"line":39,"column":3}},"line":25},"2":{"name":"(anonymous_2)","decl":{"start":{"line":26,"column":23},"end":{"line":26,"column":24}},"loc":{"start":{"line":26,"column":44},"end":{"line":38,"column":5}},"line":26},"3":{"name":"(anonymous_3)","decl":{"start":{"line":32,"column":35},"end":{"line":32,"column":36}},"loc":{"start":{"line":32,"column":53},"end":{"line":37,"column":7}},"line":32},"4":{"name":"(anonymous_4)","decl":{"start":{"line":41,"column":2},"end":{"line":41,"column":3}},"loc":{"start":{"line":41,"column":8},"end":{"line":50,"column":3}},"line":41},"5":{"name":"(anonymous_5)","decl":{"start":{"line":42,"column":23},"end":{"line":42,"column":24}},"loc":{"start":{"line":42,"column":44},"end":{"line":49,"column":5}},"line":42}},"branchMap":{"0":{"loc":{"start":{"line":5,"column":4},"end":{"line":22,"column":5}},"type":"if","locations":[{"start":{"line":5,"column":4},"end":{"line":22,"column":5}},{"start":{"line":5,"column":4},"end":{"line":22,"column":5}}],"line":5},"1":{"loc":{"start":{"line":5,"column":8},"end":{"line":5,"column":47}},"type":"binary-expr","locations":[{"start":{"line":5,"column":8},"end":{"line":5,"column":28}},{"start":{"line":5,"column":32},"end":{"line":5,"column":47}}],"line":5},"2":{"loc":{"start":{"line":33,"column":8},"end":{"line":36,"column":32}},"type":"if","locations":[{"start":{"line":33,"column":8},"end":{"line":36,"column":32}},{"start":{"line":33,"column":8},"end":{"line":36,"column":32}}],"line":33}},"s":{"0":1,"1":1,"2":1,"3":0,"4":1,"5":1,"6":1,"7":1,"8":1,"9":1,"10":0,"11":0,"12":1,"13":1,"14":1,"15":1,"16":1,"17":0,"18":1},"f":{"0":1,"1":1,"2":1,"3":1,"4":1,"5":1},"b":{"0":[1,0],"1":[1,0],"2":[0,1]},"_coverageSchema":"1a1c01bbd47fc00a2c39e90264f33305004495a9","hash":"9e04945b5c761a8fd32ba4a1d39a011f172eb82f","contentHash":"b1d1b018b39d822d326c371a1afc0f4a7e96193ebd1e633691105305f4542b08"},"C:\\Users\\jusbu\\Github\\professional_planner\\server\\routes\\api\\roles\\roles.js":{"path":"C:\\Users\\jusbu\\Github\\professional_planner\\server\\routes\\api\\roles\\roles.js","statementMap":{"0":{"start":{"line":1,"column":16},"end":{"line":1,"column":34}},"1":{"start":{"line":2,"column":15},"end":{"line":2,"column":31}},"2":{"start":{"line":4,"column":14},"end":{"line":4,"column":43}},"3":{"start":{"line":5,"column":17},"end":{"line":5,"column":49}},"4":{"start":{"line":14,"column":0},"end":{"line":57,"column":3}},"5":{"start":{"line":15,"column":1},"end":{"line":56,"column":2}},"6":{"start":{"line":16,"column":11},"end":{"line":16,"column":22}},"7":{"start":{"line":17,"column":16},"end":{"line":17,"column":32}},"8":{"start":{"line":19,"column":2},"end":{"line":50,"column":3}},"9":{"start":{"line":20,"column":11},"end":{"line":24,"column":4}},"10":{"start":{"line":25,"column":3},"end":{"line":25,"column":27}},"11":{"start":{"line":27,"column":13},"end":{"line":27,"column":50}},"12":{"start":{"line":28,"column":11},"end":{"line":28,"column":20}},"13":{"start":{"line":30,"column":3},"end":{"line":49,"column":6}},"14":{"start":{"line":32,"column":5},"end":{"line":32,"column":14}},"15":{"start":{"line":36,"column":6},"end":{"line":38,"column":8}},"16":{"start":{"line":41,"column":6},"end":{"line":47,"column":8}},"17":{"start":{"line":52,"column":2},"end":{"line":55,"column":4}},"18":{"start":{"line":67,"column":0},"end":{"line":113,"column":3}},"19":{"start":{"line":68,"column":1},"end":{"line":112,"column":2}},"20":{"start":{"line":69,"column":11},"end":{"line":69,"column":22}},"21":{"start":{"line":71,"column":13},"end":{"line":71,"column":26}},"22":{"start":{"line":72,"column":20},"end":{"line":72,"column":40}},"23":{"start":{"line":74,"column":2},"end":{"line":106,"column":3}},"24":{"start":{"line":75,"column":3},"end":{"line":81,"column":5}},"25":{"start":{"line":83,"column":13},"end":{"line":83,"column":71}},"26":{"start":{"line":84,"column":11},"end":{"line":84,"column":30}},"27":{"start":{"line":86,"column":3},"end":{"line":105,"column":6}},"28":{"start":{"line":88,"column":5},"end":{"line":88,"column":21}},"29":{"start":{"line":92,"column":6},"end":{"line":94,"column":8}},"30":{"start":{"line":97,"column":6},"end":{"line":103,"column":8}},"31":{"start":{"line":108,"column":2},"end":{"line":111,"column":4}},"32":{"start":{"line":122,"column":0},"end":{"line":163,"column":3}},"33":{"start":{"line":123,"column":1},"end":{"line":162,"column":2}},"34":{"start":{"line":124,"column":11},"end":{"line":124,"column":22}},"35":{"start":{"line":127,"column":12},"end":{"line":127,"column":38}},"36":{"start":{"line":128,"column":10},"end":{"line":128,"column":12}},"37":{"start":{"line":130,"column":2},"end":{"line":153,"column":5}},"38":{"start":{"line":132,"column":4},"end":{"line":132,"column":18}},"39":{"start":{"line":133,"column":4},"end":{"line":133,"column":20}},"40":{"start":{"line":137,"column":13},"end":{"line":139,"column":11}},"41":{"start":{"line":140,"column":5},"end":{"line":140,"column":25}},"42":{"start":{"line":142,"column":5},"end":{"line":142,"column":24}},"43":{"start":{"line":145,"column":5},"end":{"line":151,"column":7}},"44":{"start":{"line":155,"column":2},"end":{"line":161,"column":4}},"45":{"start":{"line":166,"column":1},"end":{"line":166,"column":56}},"46":{"start":{"line":169,"column":0},"end":{"line":169,"column":24}}},"fnMap":{"0":{"name":"(anonymous_0)","decl":{"start":{"line":14,"column":23},"end":{"line":14,"column":24}},"loc":{"start":{"line":14,"column":37},"end":{"line":57,"column":1}},"line":14},"1":{"name":"(anonymous_1)","decl":{"start":{"line":31,"column":10},"end":{"line":31,"column":11}},"loc":{"start":{"line":31,"column":16},"end":{"line":33,"column":5}},"line":31},"2":{"name":"(anonymous_2)","decl":{"start":{"line":35,"column":5},"end":{"line":35,"column":6}},"loc":{"start":{"line":35,"column":11},"end":{"line":39,"column":6}},"line":35},"3":{"name":"(anonymous_3)","decl":{"start":{"line":40,"column":5},"end":{"line":40,"column":6}},"loc":{"start":{"line":40,"column":14},"end":{"line":48,"column":6}},"line":40},"4":{"name":"(anonymous_4)","decl":{"start":{"line":67,"column":23},"end":{"line":67,"column":24}},"loc":{"start":{"line":67,"column":37},"end":{"line":113,"column":1}},"line":67},"5":{"name":"(anonymous_5)","decl":{"start":{"line":87,"column":10},"end":{"line":87,"column":11}},"loc":{"start":{"line":87,"column":16},"end":{"line":89,"column":5}},"line":87},"6":{"name":"(anonymous_6)","decl":{"start":{"line":91,"column":5},"end":{"line":91,"column":6}},"loc":{"start":{"line":91,"column":11},"end":{"line":95,"column":6}},"line":91},"7":{"name":"(anonymous_7)","decl":{"start":{"line":96,"column":5},"end":{"line":96,"column":6}},"loc":{"start":{"line":96,"column":14},"end":{"line":104,"column":6}},"line":96},"8":{"name":"(anonymous_8)","decl":{"start":{"line":122,"column":16},"end":{"line":122,"column":17}},"loc":{"start":{"line":122,"column":30},"end":{"line":163,"column":1}},"line":122},"9":{"name":"(anonymous_9)","decl":{"start":{"line":131,"column":9},"end":{"line":131,"column":10}},"loc":{"start":{"line":131,"column":21},"end":{"line":134,"column":4}},"line":131},"10":{"name":"(anonymous_10)","decl":{"start":{"line":136,"column":4},"end":{"line":136,"column":5}},"loc":{"start":{"line":136,"column":10},"end":{"line":143,"column":5}},"line":136},"11":{"name":"(anonymous_11)","decl":{"start":{"line":144,"column":4},"end":{"line":144,"column":5}},"loc":{"start":{"line":144,"column":13},"end":{"line":152,"column":5}},"line":144},"12":{"name":"isEmpty","decl":{"start":{"line":165,"column":9},"end":{"line":165,"column":16}},"loc":{"start":{"line":165,"column":22},"end":{"line":167,"column":1}},"line":165}},"branchMap":{"0":{"loc":{"start":{"line":19,"column":2},"end":{"line":50,"column":3}},"type":"if","locations":[{"start":{"line":19,"column":2},"end":{"line":50,"column":3}},{"start":{"line":19,"column":2},"end":{"line":50,"column":3}}],"line":19},"1":{"loc":{"start":{"line":74,"column":2},"end":{"line":106,"column":3}},"type":"if","locations":[{"start":{"line":74,"column":2},"end":{"line":106,"column":3}},{"start":{"line":74,"column":2},"end":{"line":106,"column":3}}],"line":74},"2":{"loc":{"start":{"line":166,"column":8},"end":{"line":166,"column":55}},"type":"binary-expr","locations":[{"start":{"line":166,"column":8},"end":{"line":166,"column":25}},{"start":{"line":166,"column":29},"end":{"line":166,"column":41}},{"start":{"line":166,"column":45},"end":{"line":166,"column":55}}],"line":166}},"s":{"0":1,"1":1,"2":1,"3":1,"4":1,"5":1,"6":1,"7":1,"8":1,"9":0,"10":0,"11":1,"12":1,"13":1,"14":1,"15":1,"16":0,"17":0,"18":1,"19":1,"20":1,"21":1,"22":1,"23":1,"24":0,"25":1,"26":1,"27":1,"28":1,"29":1,"30":0,"31":0,"32":1,"33":1,"34":1,"35":1,"36":1,"37":1,"38":1,"39":1,"40":1,"41":1,"42":1,"43":0,"44":0,"45":2,"46":1},"f":{"0":1,"1":1,"2":1,"3":0,"4":1,"5":1,"6":1,"7":0,"8":1,"9":1,"10":1,"11":0,"12":2},"b":{"0":[0,1],"1":[0,1],"2":[2,2,2]},"_coverageSchema":"1a1c01bbd47fc00a2c39e90264f33305004495a9","hash":"bcfec6e83718cc4e8ccc5171d808dc289bff36d4","contentHash":"2a0305f8a9fe65b7fc6768273317a229a95881da3de86f499e3dcb8313fbc96d"},"C:\\Users\\jusbu\\Github\\professional_planner\\server\\routes\\api\\events\\events.js":{"path":"C:\\Users\\jusbu\\Github\\professional_planner\\server\\routes\\api\\events\\events.js","statementMap":{"0":{"start":{"line":1,"column":16},"end":{"line":1,"column":34}},"1":{"start":{"line":2,"column":15},"end":{"line":2,"column":31}},"2":{"start":{"line":4,"column":19},"end":{"line":4,"column":45}},"3":{"start":{"line":5,"column":0},"end":{"line":5,"column":36}},"4":{"start":{"line":7,"column":14},"end":{"line":7,"column":43}},"5":{"start":{"line":8,"column":17},"end":{"line":8,"column":49}},"6":{"start":{"line":17,"column":0},"end":{"line":62,"column":3}},"7":{"start":{"line":18,"column":2},"end":{"line":61,"column":3}},"8":{"start":{"line":19,"column":13},"end":{"line":19,"column":24}},"9":{"start":{"line":21,"column":19},"end":{"line":21,"column":36}},"10":{"start":{"line":23,"column":4},"end":{"line":55,"column":5}},"11":{"start":{"line":24,"column":6},"end":{"line":30,"column":8}},"12":{"start":{"line":32,"column":16},"end":{"line":32,"column":49}},"13":{"start":{"line":33,"column":14},"end":{"line":33,"column":24}},"14":{"start":{"line":35,"column":6},"end":{"line":54,"column":10}},"15":{"start":{"line":37,"column":10},"end":{"line":37,"column":26}},"16":{"start":{"line":41,"column":12},"end":{"line":43,"column":14}},"17":{"start":{"line":46,"column":12},"end":{"line":52,"column":14}},"18":{"start":{"line":57,"column":4},"end":{"line":60,"column":6}},"19":{"start":{"line":78,"column":0},"end":{"line":139,"column":3}},"20":{"start":{"line":79,"column":2},"end":{"line":138,"column":3}},"21":{"start":{"line":80,"column":13},"end":{"line":80,"column":24}},"22":{"start":{"line":82,"column":15},"end":{"line":82,"column":28}},"23":{"start":{"line":83,"column":22},"end":{"line":83,"column":42}},"24":{"start":{"line":84,"column":19},"end":{"line":84,"column":36}},"25":{"start":{"line":85,"column":19},"end":{"line":85,"column":36}},"26":{"start":{"line":86,"column":22},"end":{"line":86,"column":42}},"27":{"start":{"line":87,"column":15},"end":{"line":87,"column":28}},"28":{"start":{"line":88,"column":15},"end":{"line":88,"column":28}},"29":{"start":{"line":90,"column":4},"end":{"line":129,"column":5}},"30":{"start":{"line":97,"column":6},"end":{"line":103,"column":8}},"31":{"start":{"line":106,"column":8},"end":{"line":106,"column":122}},"32":{"start":{"line":107,"column":14},"end":{"line":107,"column":78}},"33":{"start":{"line":109,"column":6},"end":{"line":128,"column":10}},"34":{"start":{"line":111,"column":10},"end":{"line":111,"column":26}},"35":{"start":{"line":115,"column":12},"end":{"line":117,"column":14}},"36":{"start":{"line":120,"column":12},"end":{"line":126,"column":14}},"37":{"start":{"line":131,"column":4},"end":{"line":137,"column":6}},"38":{"start":{"line":148,"column":0},"end":{"line":189,"column":3}},"39":{"start":{"line":149,"column":2},"end":{"line":188,"column":3}},"40":{"start":{"line":150,"column":13},"end":{"line":150,"column":24}},"41":{"start":{"line":154,"column":6},"end":{"line":154,"column":277}},"42":{"start":{"line":155,"column":12},"end":{"line":155,"column":14}},"43":{"start":{"line":157,"column":4},"end":{"line":179,"column":8}},"44":{"start":{"line":159,"column":8},"end":{"line":159,"column":22}},"45":{"start":{"line":160,"column":8},"end":{"line":160,"column":24}},"46":{"start":{"line":164,"column":18},"end":{"line":166,"column":16}},"47":{"start":{"line":167,"column":10},"end":{"line":167,"column":31}},"48":{"start":{"line":168,"column":10},"end":{"line":168,"column":29}},"49":{"start":{"line":171,"column":10},"end":{"line":177,"column":12}},"50":{"start":{"line":181,"column":4},"end":{"line":187,"column":6}},"51":{"start":{"line":198,"column":0},"end":{"line":247,"column":3}},"52":{"start":{"line":199,"column":2},"end":{"line":246,"column":3}},"53":{"start":{"line":200,"column":13},"end":{"line":200,"column":24}},"54":{"start":{"line":203,"column":19},"end":{"line":203,"column":32}},"55":{"start":{"line":205,"column":4},"end":{"line":239,"column":5}},"56":{"start":{"line":206,"column":6},"end":{"line":212,"column":8}},"57":{"start":{"line":215,"column":8},"end":{"line":215,"column":294}},"58":{"start":{"line":216,"column":14},"end":{"line":216,"column":24}},"59":{"start":{"line":218,"column":6},"end":{"line":238,"column":10}},"60":{"start":{"line":220,"column":10},"end":{"line":220,"column":25}},"61":{"start":{"line":221,"column":10},"end":{"line":221,"column":26}},"62":{"start":{"line":225,"column":20},"end":{"line":227,"column":18}},"63":{"start":{"line":228,"column":12},"end":{"line":228,"column":33}},"64":{"start":{"line":229,"column":12},"end":{"line":229,"column":31}},"65":{"start":{"line":232,"column":12},"end":{"line":236,"column":19}},"66":{"start":{"line":241,"column":4},"end":{"line":245,"column":11}},"67":{"start":{"line":256,"column":0},"end":{"line":306,"column":3}},"68":{"start":{"line":257,"column":2},"end":{"line":305,"column":3}},"69":{"start":{"line":258,"column":13},"end":{"line":258,"column":24}},"70":{"start":{"line":261,"column":13},"end":{"line":261,"column":26}},"71":{"start":{"line":263,"column":4},"end":{"line":296,"column":5}},"72":{"start":{"line":264,"column":6},"end":{"line":267,"column":8}},"73":{"start":{"line":270,"column":8},"end":{"line":270,"column":340}},"74":{"start":{"line":271,"column":14},"end":{"line":271,"column":18}},"75":{"start":{"line":273,"column":6},"end":{"line":295,"column":10}},"76":{"start":{"line":275,"column":10},"end":{"line":275,"column":25}},"77":{"start":{"line":276,"column":10},"end":{"line":276,"column":26}},"78":{"start":{"line":280,"column":20},"end":{"line":282,"column":18}},"79":{"start":{"line":283,"column":12},"end":{"line":283,"column":33}},"80":{"start":{"line":284,"column":12},"end":{"line":284,"column":31}},"81":{"start":{"line":287,"column":12},"end":{"line":293,"column":14}},"82":{"start":{"line":298,"column":4},"end":{"line":304,"column":6}},"83":{"start":{"line":315,"column":0},"end":{"line":384,"column":3}},"84":{"start":{"line":316,"column":2},"end":{"line":383,"column":3}},"85":{"start":{"line":317,"column":13},"end":{"line":317,"column":24}},"86":{"start":{"line":320,"column":13},"end":{"line":320,"column":26}},"87":{"start":{"line":322,"column":4},"end":{"line":374,"column":5}},"88":{"start":{"line":323,"column":6},"end":{"line":329,"column":8}},"89":{"start":{"line":332,"column":8},"end":{"line":332,"column":302}},"90":{"start":{"line":333,"column":14},"end":{"line":333,"column":18}},"91":{"start":{"line":335,"column":6},"end":{"line":373,"column":10}},"92":{"start":{"line":337,"column":10},"end":{"line":337,"column":25}},"93":{"start":{"line":338,"column":10},"end":{"line":338,"column":26}},"94":{"start":{"line":358,"column":20},"end":{"line":360,"column":18}},"95":{"start":{"line":361,"column":12},"end":{"line":361,"column":33}},"96":{"start":{"line":362,"column":12},"end":{"line":362,"column":31}},"97":{"start":{"line":365,"column":12},"end":{"line":371,"column":14}},"98":{"start":{"line":376,"column":4},"end":{"line":382,"column":6}},"99":{"start":{"line":397,"column":0},"end":{"line":454,"column":3}},"100":{"start":{"line":398,"column":2},"end":{"line":453,"column":3}},"101":{"start":{"line":399,"column":13},"end":{"line":399,"column":24}},"102":{"start":{"line":401,"column":13},"end":{"line":401,"column":24}},"103":{"start":{"line":402,"column":15},"end":{"line":402,"column":28}},"104":{"start":{"line":403,"column":22},"end":{"line":403,"column":42}},"105":{"start":{"line":404,"column":15},"end":{"line":404,"column":28}},"106":{"start":{"line":405,"column":19},"end":{"line":405,"column":36}},"107":{"start":{"line":407,"column":4},"end":{"line":448,"column":5}},"108":{"start":{"line":414,"column":6},"end":{"line":420,"column":8}},"109":{"start":{"line":423,"column":8},"end":{"line":423,"column":90}},"110":{"start":{"line":424,"column":14},"end":{"line":424,"column":53}},"111":{"start":{"line":426,"column":6},"end":{"line":447,"column":10}},"112":{"start":{"line":428,"column":10},"end":{"line":428,"column":26}},"113":{"start":{"line":432,"column":12},"end":{"line":434,"column":14}},"114":{"start":{"line":437,"column":12},"end":{"line":437,"column":65}},"115":{"start":{"line":438,"column":12},"end":{"line":438,"column":37}},"116":{"start":{"line":439,"column":12},"end":{"line":445,"column":14}},"117":{"start":{"line":450,"column":4},"end":{"line":452,"column":6}},"118":{"start":{"line":457,"column":2},"end":{"line":457,"column":57}},"119":{"start":{"line":460,"column":0},"end":{"line":460,"column":24}}},"fnMap":{"0":{"name":"(anonymous_0)","decl":{"start":{"line":17,"column":23},"end":{"line":17,"column":24}},"loc":{"start":{"line":17,"column":37},"end":{"line":62,"column":1}},"line":17},"1":{"name":"(anonymous_1)","decl":{"start":{"line":36,"column":14},"end":{"line":36,"column":15}},"loc":{"start":{"line":36,"column":20},"end":{"line":38,"column":9}},"line":36},"2":{"name":"(anonymous_2)","decl":{"start":{"line":40,"column":10},"end":{"line":40,"column":11}},"loc":{"start":{"line":40,"column":16},"end":{"line":44,"column":11}},"line":40},"3":{"name":"(anonymous_3)","decl":{"start":{"line":45,"column":10},"end":{"line":45,"column":11}},"loc":{"start":{"line":45,"column":19},"end":{"line":53,"column":11}},"line":45},"4":{"name":"(anonymous_4)","decl":{"start":{"line":78,"column":23},"end":{"line":78,"column":24}},"loc":{"start":{"line":78,"column":37},"end":{"line":139,"column":1}},"line":78},"5":{"name":"(anonymous_5)","decl":{"start":{"line":110,"column":14},"end":{"line":110,"column":15}},"loc":{"start":{"line":110,"column":20},"end":{"line":112,"column":9}},"line":110},"6":{"name":"(anonymous_6)","decl":{"start":{"line":114,"column":10},"end":{"line":114,"column":11}},"loc":{"start":{"line":114,"column":16},"end":{"line":118,"column":11}},"line":114},"7":{"name":"(anonymous_7)","decl":{"start":{"line":119,"column":10},"end":{"line":119,"column":11}},"loc":{"start":{"line":119,"column":19},"end":{"line":127,"column":11}},"line":119},"8":{"name":"(anonymous_8)","decl":{"start":{"line":148,"column":16},"end":{"line":148,"column":17}},"loc":{"start":{"line":148,"column":30},"end":{"line":189,"column":1}},"line":148},"9":{"name":"(anonymous_9)","decl":{"start":{"line":158,"column":12},"end":{"line":158,"column":13}},"loc":{"start":{"line":158,"column":24},"end":{"line":161,"column":7}},"line":158},"10":{"name":"(anonymous_10)","decl":{"start":{"line":163,"column":8},"end":{"line":163,"column":9}},"loc":{"start":{"line":163,"column":14},"end":{"line":169,"column":9}},"line":163},"11":{"name":"(anonymous_11)","decl":{"start":{"line":170,"column":8},"end":{"line":170,"column":9}},"loc":{"start":{"line":170,"column":17},"end":{"line":178,"column":9}},"line":170},"12":{"name":"(anonymous_12)","decl":{"start":{"line":198,"column":19},"end":{"line":198,"column":20}},"loc":{"start":{"line":198,"column":33},"end":{"line":247,"column":1}},"line":198},"13":{"name":"(anonymous_13)","decl":{"start":{"line":219,"column":14},"end":{"line":219,"column":15}},"loc":{"start":{"line":219,"column":27},"end":{"line":222,"column":9}},"line":219},"14":{"name":"(anonymous_14)","decl":{"start":{"line":224,"column":10},"end":{"line":224,"column":11}},"loc":{"start":{"line":224,"column":16},"end":{"line":230,"column":11}},"line":224},"15":{"name":"(anonymous_15)","decl":{"start":{"line":231,"column":10},"end":{"line":231,"column":11}},"loc":{"start":{"line":231,"column":19},"end":{"line":237,"column":11}},"line":231},"16":{"name":"(anonymous_16)","decl":{"start":{"line":256,"column":24},"end":{"line":256,"column":25}},"loc":{"start":{"line":256,"column":38},"end":{"line":306,"column":1}},"line":256},"17":{"name":"(anonymous_17)","decl":{"start":{"line":274,"column":14},"end":{"line":274,"column":15}},"loc":{"start":{"line":274,"column":27},"end":{"line":277,"column":9}},"line":274},"18":{"name":"(anonymous_18)","decl":{"start":{"line":279,"column":10},"end":{"line":279,"column":11}},"loc":{"start":{"line":279,"column":16},"end":{"line":285,"column":11}},"line":279},"19":{"name":"(anonymous_19)","decl":{"start":{"line":286,"column":10},"end":{"line":286,"column":11}},"loc":{"start":{"line":286,"column":19},"end":{"line":294,"column":11}},"line":286},"20":{"name":"(anonymous_20)","decl":{"start":{"line":315,"column":28},"end":{"line":315,"column":29}},"loc":{"start":{"line":315,"column":42},"end":{"line":384,"column":1}},"line":315},"21":{"name":"(anonymous_21)","decl":{"start":{"line":336,"column":14},"end":{"line":336,"column":15}},"loc":{"start":{"line":336,"column":27},"end":{"line":339,"column":9}},"line":336},"22":{"name":"(anonymous_22)","decl":{"start":{"line":341,"column":10},"end":{"line":341,"column":11}},"loc":{"start":{"line":341,"column":16},"end":{"line":363,"column":11}},"line":341},"23":{"name":"(anonymous_23)","decl":{"start":{"line":364,"column":10},"end":{"line":364,"column":11}},"loc":{"start":{"line":364,"column":19},"end":{"line":372,"column":11}},"line":364},"24":{"name":"(anonymous_24)","decl":{"start":{"line":397,"column":23},"end":{"line":397,"column":24}},"loc":{"start":{"line":397,"column":37},"end":{"line":454,"column":1}},"line":397},"25":{"name":"(anonymous_25)","decl":{"start":{"line":427,"column":14},"end":{"line":427,"column":15}},"loc":{"start":{"line":427,"column":20},"end":{"line":429,"column":9}},"line":427},"26":{"name":"(anonymous_26)","decl":{"start":{"line":431,"column":10},"end":{"line":431,"column":11}},"loc":{"start":{"line":431,"column":16},"end":{"line":435,"column":11}},"line":431},"27":{"name":"(anonymous_27)","decl":{"start":{"line":436,"column":10},"end":{"line":436,"column":11}},"loc":{"start":{"line":436,"column":19},"end":{"line":446,"column":11}},"line":436},"28":{"name":"isEmpty","decl":{"start":{"line":456,"column":9},"end":{"line":456,"column":16}},"loc":{"start":{"line":456,"column":22},"end":{"line":458,"column":1}},"line":456}},"branchMap":{"0":{"loc":{"start":{"line":23,"column":4},"end":{"line":55,"column":5}},"type":"if","locations":[{"start":{"line":23,"column":4},"end":{"line":55,"column":5}},{"start":{"line":23,"column":4},"end":{"line":55,"column":5}}],"line":23},"1":{"loc":{"start":{"line":90,"column":4},"end":{"line":129,"column":5}},"type":"if","locations":[{"start":{"line":90,"column":4},"end":{"line":129,"column":5}},{"start":{"line":90,"column":4},"end":{"line":129,"column":5}}],"line":90},"2":{"loc":{"start":{"line":91,"column":6},"end":{"line":95,"column":19}},"type":"binary-expr","locations":[{"start":{"line":91,"column":6},"end":{"line":91,"column":19}},{"start":{"line":92,"column":6},"end":{"line":92,"column":23}},{"start":{"line":93,"column":6},"end":{"line":93,"column":23}},{"start":{"line":94,"column":6},"end":{"line":94,"column":26}},{"start":{"line":95,"column":6},"end":{"line":95,"column":19}}],"line":91},"3":{"loc":{"start":{"line":205,"column":4},"end":{"line":239,"column":5}},"type":"if","locations":[{"start":{"line":205,"column":4},"end":{"line":239,"column":5}},{"start":{"line":205,"column":4},"end":{"line":239,"column":5}}],"line":205},"4":{"loc":{"start":{"line":263,"column":4},"end":{"line":296,"column":5}},"type":"if","locations":[{"start":{"line":263,"column":4},"end":{"line":296,"column":5}},{"start":{"line":263,"column":4},"end":{"line":296,"column":5}}],"line":263},"5":{"loc":{"start":{"line":322,"column":4},"end":{"line":374,"column":5}},"type":"if","locations":[{"start":{"line":322,"column":4},"end":{"line":374,"column":5}},{"start":{"line":322,"column":4},"end":{"line":374,"column":5}}],"line":322},"6":{"loc":{"start":{"line":407,"column":4},"end":{"line":448,"column":5}},"type":"if","locations":[{"start":{"line":407,"column":4},"end":{"line":448,"column":5}},{"start":{"line":407,"column":4},"end":{"line":448,"column":5}}],"line":407},"7":{"loc":{"start":{"line":408,"column":6},"end":{"line":412,"column":23}},"type":"binary-expr","locations":[{"start":{"line":408,"column":6},"end":{"line":408,"column":17}},{"start":{"line":409,"column":6},"end":{"line":409,"column":19}},{"start":{"line":410,"column":6},"end":{"line":410,"column":26}},{"start":{"line":411,"column":6},"end":{"line":411,"column":19}},{"start":{"line":412,"column":6},"end":{"line":412,"column":23}}],"line":408},"8":{"loc":{"start":{"line":457,"column":9},"end":{"line":457,"column":56}},"type":"binary-expr","locations":[{"start":{"line":457,"column":9},"end":{"line":457,"column":19}},{"start":{"line":457,"column":23},"end":{"line":457,"column":40}},{"start":{"line":457,"column":44},"end":{"line":457,"column":56}}],"line":457}},"s":{"0":1,"1":1,"2":1,"3":1,"4":1,"5":1,"6":1,"7":1,"8":1,"9":1,"10":1,"11":0,"12":1,"13":1,"14":1,"15":1,"16":1,"17":0,"18":0,"19":1,"20":1,"21":1,"22":1,"23":1,"24":1,"25":1,"26":1,"27":1,"28":1,"29":1,"30":1,"31":0,"32":0,"33":0,"34":0,"35":0,"36":0,"37":0,"38":1,"39":1,"40":1,"41":1,"42":1,"43":1,"44":1,"45":1,"46":1,"47":1,"48":1,"49":0,"50":0,"51":1,"52":1,"53":1,"54":1,"55":1,"56":0,"57":1,"58":1,"59":1,"60":1,"61":1,"62":1,"63":1,"64":1,"65":0,"66":0,"67":1,"68":1,"69":1,"70":1,"71":1,"72":0,"73":1,"74":1,"75":1,"76":1,"77":1,"78":1,"79":1,"80":1,"81":0,"82":0,"83":1,"84":1,"85":1,"86":1,"87":1,"88":0,"89":1,"90":1,"91":1,"92":1,"93":1,"94":1,"95":1,"96":1,"97":0,"98":0,"99":1,"100":0,"101":0,"102":0,"103":0,"104":0,"105":0,"106":0,"107":0,"108":0,"109":0,"110":0,"111":0,"112":0,"113":0,"114":0,"115":0,"116":0,"117":0,"118":7,"119":1},"f":{"0":1,"1":1,"2":1,"3":0,"4":1,"5":0,"6":0,"7":0,"8":1,"9":1,"10":1,"11":0,"12":1,"13":1,"14":1,"15":0,"16":1,"17":1,"18":1,"19":0,"20":1,"21":1,"22":1,"23":0,"24":0,"25":0,"26":0,"27":0,"28":7},"b":{"0":[0,1],"1":[1,0],"2":[1,1,1,0,0],"3":[0,1],"4":[0,1],"5":[0,1],"6":[0,0],"7":[0,0,0,0,0],"8":[7,7,6]},"_coverageSchema":"1a1c01bbd47fc00a2c39e90264f33305004495a9","hash":"33802a364e80dffd13e8df9adbaf11e01f6010e3","contentHash":"012624de0b23137484b48403910fcdb2cb4a474a320eafcdfecc2c57a7d154dd"},"C:\\Users\\jusbu\\Github\\professional_planner\\server\\routes\\api\\events\\guests\\guests.js":{"path":"C:\\Users\\jusbu\\Github\\professional_planner\\server\\routes\\api\\events\\guests\\guests.js","statementMap":{"0":{"start":{"line":1,"column":16},"end":{"line":1,"column":34}},"1":{"start":{"line":2,"column":15},"end":{"line":2,"column":31}},"2":{"start":{"line":4,"column":14},"end":{"line":4,"column":46}},"3":{"start":{"line":5,"column":17},"end":{"line":5,"column":52}},"4":{"start":{"line":7,"column":0},"end":{"line":56,"column":3}},"5":{"start":{"line":8,"column":2},"end":{"line":55,"column":3}},"6":{"start":{"line":9,"column":13},"end":{"line":9,"column":24}},"7":{"start":{"line":11,"column":18},"end":{"line":11,"column":34}},"8":{"start":{"line":12,"column":22},"end":{"line":12,"column":42}},"9":{"start":{"line":14,"column":4},"end":{"line":46,"column":5}},"10":{"start":{"line":15,"column":6},"end":{"line":21,"column":8}},"11":{"start":{"line":23,"column":16},"end":{"line":23,"column":73}},"12":{"start":{"line":24,"column":14},"end":{"line":24,"column":36}},"13":{"start":{"line":26,"column":6},"end":{"line":45,"column":10}},"14":{"start":{"line":28,"column":10},"end":{"line":28,"column":26}},"15":{"start":{"line":32,"column":12},"end":{"line":34,"column":14}},"16":{"start":{"line":37,"column":12},"end":{"line":43,"column":14}},"17":{"start":{"line":48,"column":4},"end":{"line":54,"column":6}},"18":{"start":{"line":58,"column":0},"end":{"line":107,"column":3}},"19":{"start":{"line":59,"column":2},"end":{"line":106,"column":3}},"20":{"start":{"line":60,"column":13},"end":{"line":60,"column":24}},"21":{"start":{"line":62,"column":18},"end":{"line":62,"column":34}},"22":{"start":{"line":63,"column":22},"end":{"line":63,"column":42}},"23":{"start":{"line":65,"column":4},"end":{"line":97,"column":5}},"24":{"start":{"line":66,"column":6},"end":{"line":72,"column":8}},"25":{"start":{"line":74,"column":16},"end":{"line":74,"column":74}},"26":{"start":{"line":75,"column":14},"end":{"line":75,"column":36}},"27":{"start":{"line":77,"column":6},"end":{"line":96,"column":10}},"28":{"start":{"line":79,"column":10},"end":{"line":79,"column":26}},"29":{"start":{"line":83,"column":12},"end":{"line":85,"column":14}},"30":{"start":{"line":88,"column":12},"end":{"line":94,"column":14}},"31":{"start":{"line":99,"column":4},"end":{"line":105,"column":6}},"32":{"start":{"line":109,"column":0},"end":{"line":162,"column":3}},"33":{"start":{"line":110,"column":2},"end":{"line":161,"column":3}},"34":{"start":{"line":111,"column":13},"end":{"line":111,"column":24}},"35":{"start":{"line":114,"column":13},"end":{"line":114,"column":26}},"36":{"start":{"line":116,"column":4},"end":{"line":152,"column":5}},"37":{"start":{"line":117,"column":6},"end":{"line":123,"column":8}},"38":{"start":{"line":125,"column":16},"end":{"line":125,"column":57}},"39":{"start":{"line":126,"column":14},"end":{"line":126,"column":18}},"40":{"start":{"line":128,"column":6},"end":{"line":151,"column":10}},"41":{"start":{"line":130,"column":10},"end":{"line":130,"column":25}},"42":{"start":{"line":131,"column":10},"end":{"line":131,"column":26}},"43":{"start":{"line":135,"column":20},"end":{"line":137,"column":18}},"44":{"start":{"line":138,"column":12},"end":{"line":138,"column":33}},"45":{"start":{"line":140,"column":12},"end":{"line":140,"column":31}},"46":{"start":{"line":143,"column":12},"end":{"line":149,"column":14}},"47":{"start":{"line":154,"column":4},"end":{"line":160,"column":6}},"48":{"start":{"line":171,"column":0},"end":{"line":224,"column":3}},"49":{"start":{"line":172,"column":2},"end":{"line":223,"column":3}},"50":{"start":{"line":173,"column":13},"end":{"line":173,"column":24}},"51":{"start":{"line":176,"column":13},"end":{"line":176,"column":26}},"52":{"start":{"line":178,"column":4},"end":{"line":214,"column":5}},"53":{"start":{"line":179,"column":6},"end":{"line":185,"column":8}},"54":{"start":{"line":187,"column":16},"end":{"line":187,"column":56}},"55":{"start":{"line":188,"column":14},"end":{"line":188,"column":18}},"56":{"start":{"line":190,"column":6},"end":{"line":213,"column":10}},"57":{"start":{"line":192,"column":10},"end":{"line":192,"column":25}},"58":{"start":{"line":193,"column":10},"end":{"line":193,"column":26}},"59":{"start":{"line":197,"column":20},"end":{"line":199,"column":18}},"60":{"start":{"line":200,"column":12},"end":{"line":200,"column":33}},"61":{"start":{"line":202,"column":12},"end":{"line":202,"column":31}},"62":{"start":{"line":205,"column":12},"end":{"line":211,"column":14}},"63":{"start":{"line":216,"column":4},"end":{"line":222,"column":6}},"64":{"start":{"line":226,"column":0},"end":{"line":265,"column":3}},"65":{"start":{"line":227,"column":2},"end":{"line":264,"column":3}},"66":{"start":{"line":228,"column":13},"end":{"line":228,"column":24}},"67":{"start":{"line":231,"column":14},"end":{"line":231,"column":36}},"68":{"start":{"line":232,"column":12},"end":{"line":232,"column":14}},"69":{"start":{"line":234,"column":4},"end":{"line":255,"column":8}},"70":{"start":{"line":236,"column":8},"end":{"line":236,"column":23}},"71":{"start":{"line":237,"column":8},"end":{"line":237,"column":24}},"72":{"start":{"line":241,"column":18},"end":{"line":241,"column":70}},"73":{"start":{"line":242,"column":10},"end":{"line":242,"column":31}},"74":{"start":{"line":244,"column":10},"end":{"line":244,"column":29}},"75":{"start":{"line":247,"column":10},"end":{"line":253,"column":12}},"76":{"start":{"line":257,"column":4},"end":{"line":263,"column":6}},"77":{"start":{"line":268,"column":2},"end":{"line":268,"column":57}},"78":{"start":{"line":271,"column":0},"end":{"line":271,"column":24}}},"fnMap":{"0":{"name":"(anonymous_0)","decl":{"start":{"line":7,"column":20},"end":{"line":7,"column":21}},"loc":{"start":{"line":7,"column":34},"end":{"line":56,"column":1}},"line":7},"1":{"name":"(anonymous_1)","decl":{"start":{"line":27,"column":14},"end":{"line":27,"column":15}},"loc":{"start":{"line":27,"column":20},"end":{"line":29,"column":9}},"line":27},"2":{"name":"(anonymous_2)","decl":{"start":{"line":31,"column":10},"end":{"line":31,"column":11}},"loc":{"start":{"line":31,"column":16},"end":{"line":35,"column":11}},"line":31},"3":{"name":"(anonymous_3)","decl":{"start":{"line":36,"column":10},"end":{"line":36,"column":11}},"loc":{"start":{"line":36,"column":19},"end":{"line":44,"column":11}},"line":36},"4":{"name":"(anonymous_4)","decl":{"start":{"line":58,"column":23},"end":{"line":58,"column":24}},"loc":{"start":{"line":58,"column":37},"end":{"line":107,"column":1}},"line":58},"5":{"name":"(anonymous_5)","decl":{"start":{"line":78,"column":14},"end":{"line":78,"column":15}},"loc":{"start":{"line":78,"column":20},"end":{"line":80,"column":9}},"line":78},"6":{"name":"(anonymous_6)","decl":{"start":{"line":82,"column":10},"end":{"line":82,"column":11}},"loc":{"start":{"line":82,"column":16},"end":{"line":86,"column":11}},"line":82},"7":{"name":"(anonymous_7)","decl":{"start":{"line":87,"column":10},"end":{"line":87,"column":11}},"loc":{"start":{"line":87,"column":19},"end":{"line":95,"column":11}},"line":87},"8":{"name":"(anonymous_8)","decl":{"start"
[...]
ine":149,"column":14}},"45":{"start":{"line":154,"column":4},"end":{"line":160,"column":6}},"46":{"start":{"line":171,"column":0},"end":{"line":219,"column":3}},"47":{"start":{"line":172,"column":2},"end":{"line":218,"column":3}},"48":{"start":{"line":173,"column":13},"end":{"line":173,"column":24}},"49":{"start":{"line":175,"column":13},"end":{"line":175,"column":35}},"50":{"start":{"line":177,"column":4},"end":{"line":209,"column":5}},"51":{"start":{"line":178,"column":6},"end":{"line":184,"column":8}},"52":{"start":{"line":186,"column":16},"end":{"line":186,"column":59}},"53":{"start":{"line":187,"column":14},"end":{"line":187,"column":18}},"54":{"start":{"line":189,"column":6},"end":{"line":208,"column":10}},"55":{"start":{"line":191,"column":10},"end":{"line":191,"column":26}},"56":{"start":{"line":195,"column":12},"end":{"line":197,"column":14}},"57":{"start":{"line":200,"column":12},"end":{"line":206,"column":14}},"58":{"start":{"line":211,"column":4},"end":{"line":217,"column":6}},"59":{"start":{"line":221,"column":0},"end":{"line":221,"column":24}}},"fnMap":{"0":{"name":"(anonymous_0)","decl":{"start":{"line":15,"column":16},"end":{"line":15,"column":17}},"loc":{"start":{"line":15,"column":30},"end":{"line":51,"column":1}},"line":15},"1":{"name":"(anonymous_1)","decl":{"start":{"line":24,"column":12},"end":{"line":24,"column":13}},"loc":{"start":{"line":24,"column":24},"end":{"line":27,"column":7}},"line":24},"2":{"name":"(anonymous_2)","decl":{"start":{"line":29,"column":8},"end":{"line":29,"column":9}},"loc":{"start":{"line":29,"column":14},"end":{"line":35,"column":9}},"line":29},"3":{"name":"(anonymous_3)","decl":{"start":{"line":36,"column":8},"end":{"line":36,"column":9}},"loc":{"start":{"line":36,"column":17},"end":{"line":44,"column":9}},"line":36},"4":{"name":"(anonymous_4)","decl":{"start":{"line":60,"column":24},"end":{"line":60,"column":25}},"loc":{"start":{"line":60,"column":38},"end":{"line":100,"column":1}},"line":60},"5":{"name":"(anonymous_5)","decl":{"start":{"line":69,"column":12},"end":{"line":69,"column":13}},"loc":{"start":{"line":69,"column":24},"end":{"line":72,"column":7}},"line":69},"6":{"name":"(anonymous_6)","decl":{"start":{"line":74,"column":8},"end":{"line":74,"column":9}},"loc":{"start":{"line":74,"column":14},"end":{"line":80,"column":9}},"line":74},"7":{"name":"(anonymous_7)","decl":{"start":{"line":81,"column":8},"end":{"line":81,"column":9}},"loc":{"start":{"line":81,"column":17},"end":{"line":89,"column":9}},"line":81},"8":{"name":"(anonymous_8)","decl":{"start":{"line":111,"column":23},"end":{"line":111,"column":24}},"loc":{"start":{"line":111,"column":37},"end":{"line":162,"column":1}},"line":111},"9":{"name":"(anonymous_9)","decl":{"start":{"line":133,"column":14},"end":{"line":133,"column":15}},"loc":{"start":{"line":133,"column":20},"end":{"line":135,"column":9}},"line":133},"10":{"name":"(anonymous_10)","decl":{"start":{"line":137,"column":10},"end":{"line":137,"column":11}},"loc":{"start":{"line":137,"column":16},"end":{"line":141,"column":11}},"line":137},"11":{"name":"(anonymous_11)","decl":{"start":{"line":142,"column":10},"end":{"line":142,"column":11}},"loc":{"start":{"line":142,"column":19},"end":{"line":150,"column":11}},"line":142},"12":{"name":"(anonymous_12)","decl":{"start":{"line":171,"column":23},"end":{"line":171,"column":24}},"loc":{"start":{"line":171,"column":37},"end":{"line":219,"column":1}},"line":171},"13":{"name":"(anonymous_13)","decl":{"start":{"line":190,"column":14},"end":{"line":190,"column":15}},"loc":{"start":{"line":190,"column":20},"end":{"line":192,"column":9}},"line":190},"14":{"name":"(anonymous_14)","decl":{"start":{"line":194,"column":10},"end":{"line":194,"column":11}},"loc":{"start":{"line":194,"column":16},"end":{"line":198,"column":11}},"line":194},"15":{"name":"(anonymous_15)","decl":{"start":{"line":199,"column":10},"end":{"line":199,"column":11}},"loc":{"start":{"line":199,"column":19},"end":{"line":207,"column":11}},"line":199}},"branchMap":{"0":{"loc":{"start":{"line":119,"column":4},"end":{"line":152,"column":5}},"type":"if","locations":[{"start":{"line":119,"column":4},"end":{"line":152,"column":5}},{"start":{"line":119,"column":4},"end":{"line":152,"column":5}}],"line":119},"1":{"loc":{"start":{"line":119,"column":8},"end":{"line":119,"column":66}},"type":"binary-expr","locations":[{"start":{"line":119,"column":8},"end":{"line":119,"column":28}},{"start":{"line":119,"column":32},"end":{"line":119,"column":49}},{"start":{"line":119,"column":53},"end":{"line":119,"column":66}}],"line":119},"2":{"loc":{"start":{"line":177,"column":4},"end":{"line":209,"column":5}},"type":"if","locations":[{"start":{"line":177,"column":4},"end":{"line":209,"column":5}},{"start":{"line":177,"column":4},"end":{"line":209,"column":5}}],"line":177}},"s":{"0":1,"1":1,"2":1,"3":1,"4":1,"5":1,"6":1,"7":1,"8":1,"9":1,"10":1,"11":1,"12":1,"13":1,"14":1,"15":1,"16":0,"17":0,"18":1,"19":1,"20":1,"21":1,"22":1,"23":1,"24":1,"25":1,"26":1,"27":1,"28":1,"29":0,"30":0,"31":1,"32":1,"33":1,"34":1,"35":1,"36":1,"37":1,"38":0,"39":0,"40":0,"41":0,"42":0,"43":0,"44":0,"45":1,"46":1,"47":1,"48":1,"49":1,"50":1,"51":0,"52":0,"53":0,"54":0,"55":0,"56":0,"57":0,"58":1,"59":1},"f":{"0":1,"1":1,"2":1,"3":0,"4":1,"5":1,"6":1,"7":0,"8":1,"9":0,"10":0,"11":0,"12":1,"13":0,"14":0,"15":0},"b":{"0":[0,0],"1":[1,0,0],"2":[0,0]},"_coverageSchema":"1a1c01bbd47fc00a2c39e90264f33305004495a9","hash":"b0c269e4a626eaa94cc2130864bf9349c405dddc","contentHash":"2d68ef32617a404946ad2c8d43cba10d453fa52ea741931bb42570ff81999161"},"C:\\Users\\jusbu\\Github\\professional_planner\\server\\routes\\api\\Algorithm\\algorithm.js":{"path":"C:\\Users\\jusbu\\Github\\professional_planner\\server\\routes\\api\\Algorithm\\algorithm.js","statementMap":{"0":{"start":{"line":10,"column":16},"end":{"line":10,"column":34}},"1":{"start":{"line":11,"column":15},"end":{"line":11,"column":31}},"2":{"start":{"line":13,"column":17},"end":{"line":13,"column":49}},"3":{"start":{"line":15,"column":0},"end":{"line":34,"column":3}},"4":{"start":{"line":16,"column":2},"end":{"line":33,"column":3}},"5":{"start":{"line":18,"column":14},"end":{"line":18,"column":53}},"6":{"start":{"line":19,"column":12},"end":{"line":19,"column":58}},"7":{"start":{"line":21,"column":4},"end":{"line":21,"column":26}},"8":{"start":{"line":23,"column":4},"end":{"line":23,"column":23}},"9":{"start":{"line":25,"column":4},"end":{"line":25,"column":21}},"10":{"start":{"line":26,"column":4},"end":{"line":32,"column":6}},"11":{"start":{"line":37,"column":20},"end":{"line":37,"column":22}},"12":{"start":{"line":39,"column":18},"end":{"line":39,"column":20}},"13":{"start":{"line":41,"column":12},"end":{"line":41,"column":51}},"14":{"start":{"line":42,"column":2},"end":{"line":42,"column":13}},"15":{"start":{"line":47,"column":20},"end":{"line":63,"column":3}},"16":{"start":{"line":65,"column":18},"end":{"line":65,"column":20}},"17":{"start":{"line":67,"column":12},"end":{"line":67,"column":51}},"18":{"start":{"line":68,"column":2},"end":{"line":68,"column":13}},"19":{"start":{"line":73,"column":20},"end":{"line":89,"column":3}},"20":{"start":{"line":91,"column":18},"end":{"line":104,"column":3}},"21":{"start":{"line":106,"column":12},"end":{"line":106,"column":51}},"22":{"start":{"line":107,"column":2},"end":{"line":107,"column":13}},"23":{"start":{"line":112,"column":20},"end":{"line":128,"column":3}},"24":{"start":{"line":130,"column":18},"end":{"line":143,"column":3}},"25":{"start":{"line":145,"column":12},"end":{"line":145,"column":51}},"26":{"start":{"line":146,"column":2},"end":{"line":146,"column":13}},"27":{"start":{"line":151,"column":20},"end":{"line":167,"column":3}},"28":{"start":{"line":169,"column":18},"end":{"line":182,"column":3}},"29":{"start":{"line":184,"column":12},"end":{"line":184,"column":51}},"30":{"start":{"line":185,"column":2},"end":{"line":185,"column":13}},"31":{"start":{"line":190,"column":20},"end":{"line":206,"column":3}},"32":{"start":{"line":208,"column":18},"end":{"line":233,"column":3}},"33":{"start":{"line":235,"column":12},"end":{"line":235,"column":51}},"34":{"start":{"line":236,"column":2},"end":{"line":236,"column":13}},"35":{"start":{"line":241,"column":20},"end":{"line":257,"column":3}},"36":{"start":{"line":259,"column":18},"end":{"line":284,"column":3}},"37":{"start":{"line":286,"column":12},"end":{"line":286,"column":51}},"38":{"start":{"line":287,"column":2},"end":{"line":287,"column":13}},"39":{"start":{"line":292,"column":20},"end":{"line":308,"column":3}},"40":{"start":{"line":310,"column":18},"end":{"line":335,"column":3}},"41":{"start":{"line":337,"column":12},"end":{"line":337,"column":51}},"42":{"start":{"line":338,"column":2},"end":{"line":338,"column":13}},"43":{"start":{"line":342,"column":20},"end":{"line":358,"column":3}},"44":{"start":{"line":360,"column":18},"end":{"line":421,"column":3}},"45":{"start":{"line":423,"column":12},"end":{"line":423,"column":51}},"46":{"start":{"line":424,"column":2},"end":{"line":424,"column":13}},"47":{"start":{"line":428,"column":20},"end":{"line":444,"column":3}},"48":{"start":{"line":446,"column":18},"end":{"line":513,"column":3}},"49":{"start":{"line":515,"column":12},"end":{"line":515,"column":51}},"50":{"start":{"line":516,"column":2},"end":{"line":516,"column":13}},"51":{"start":{"line":520,"column":12},"end":{"line":520,"column":14}},"52":{"start":{"line":521,"column":2},"end":{"line":529,"column":3}},"53":{"start":{"line":522,"column":4},"end":{"line":528,"column":7}},"54":{"start":{"line":530,"column":2},"end":{"line":530,"column":13}},"55":{"start":{"line":534,"column":12},"end":{"line":534,"column":30}},"56":{"start":{"line":535,"column":23},"end":{"line":535,"column":58}},"57":{"start":{"line":536,"column":18},"end":{"line":536,"column":56}},"58":{"start":{"line":537,"column":2},"end":{"line":537,"column":37}},"59":{"start":{"line":549,"column":2},"end":{"line":551,"column":3}},"60":{"start":{"line":550,"column":4},"end":{"line":550,"column":16}},"61":{"start":{"line":552,"column":15},"end":{"line":552,"column":46}},"62":{"start":{"line":553,"column":15},"end":{"line":553,"column":46}},"63":{"start":{"line":554,"column":18},"end":{"line":554,"column":44}},"64":{"start":{"line":556,"column":20},"end":{"line":556,"column":21}},"65":{"start":{"line":557,"column":21},"end":{"line":557,"column":69}},"66":{"start":{"line":562,"column":2},"end":{"line":573,"column":3}},"67":{"start":{"line":562,"column":11},"end":{"line":573,"column":3}},"68":{"start":{"line":563,"column":4},"end":{"line":563,"column":38}},"69":{"start":{"line":564,"column":4},"end":{"line":566,"column":5}},"70":{"start":{"line":565,"column":6},"end":{"line":565,"column":12}},"71":{"start":{"line":568,"column":4},"end":{"line":572,"column":5}},"72":{"start":{"line":569,"column":6},"end":{"line":571,"column":7}},"73":{"start":{"line":570,"column":8},"end":{"line":570,"column":22}},"74":{"start":{"line":575,"column":2},"end":{"line":580,"column":3}},"75":{"start":{"line":576,"column":4},"end":{"line":576,"column":55}},"76":{"start":{"line":577,"column":4},"end":{"line":577,"column":41}},"77":{"start":{"line":579,"column":4},"end":{"line":579,"column":19}},"78":{"start":{"line":582,"column":2},"end":{"line":582,"column":14}},"79":{"start":{"line":586,"column":14},"end":{"line":586,"column":51}},"80":{"start":{"line":587,"column":2},"end":{"line":596,"column":3}},"81":{"start":{"line":588,"column":4},"end":{"line":592,"column":5}},"82":{"start":{"line":589,"column":6},"end":{"line":591,"column":7}},"83":{"start":{"line":590,"column":8},"end":{"line":590,"column":49}},"84":{"start":{"line":593,"column":4},"end":{"line":595,"column":5}},"85":{"start":{"line":594,"column":6},"end":{"line":594,"column":38}},"86":{"start":{"line":597,"column":2},"end":{"line":597,"column":15}},"87":{"start":{"line":601,"column":23},"end":{"line":601,"column":60}},"88":{"start":{"line":602,"column":20},"end":{"line":602,"column":51}},"89":{"start":{"line":603,"column":28},"end":{"line":603,"column":59}},"90":{"start":{"line":604,"column":17},"end":{"line":604,"column":42}},"91":{"start":{"line":605,"column":29},"end":{"line":605,"column":30}},"92":{"start":{"line":606,"column":20},"end":{"line":606,"column":24}},"93":{"start":{"line":609,"column":2},"end":{"line":644,"column":3}},"94":{"start":{"line":611,"column":20},"end":{"line":611,"column":70}},"95":{"start":{"line":612,"column":18},"end":{"line":612,"column":66}},"96":{"start":{"line":614,"column":4},"end":{"line":643,"column":5}},"97":{"start":{"line":614,"column":17},"end":{"line":614,"column":37}},"98":{"start":{"line":616,"column":6},"end":{"line":642,"column":7}},"99":{"start":{"line":616,"column":19},"end":{"line":616,"column":28}},"100":{"start":{"line":618,"column":8},"end":{"line":632,"column":9}},"101":{"start":{"line":620,"column":10},"end":{"line":627,"column":12}},"102":{"start":{"line":628,"column":10},"end":{"line":631,"column":11}},"103":{"start":{"line":629,"column":12},"end":{"line":629,"column":35}},"104":{"start":{"line":630,"column":12},"end":{"line":630,"column":18}},"105":{"start":{"line":634,"column":8},"end":{"line":641,"column":9}},"106":{"start":{"line":638,"column":26},"end":{"line":638,"column":30}},"107":{"start":{"line":639,"column":10},"end":{"line":639,"column":66}},"108":{"start":{"line":640,"column":10},"end":{"line":640,"column":32}},"109":{"start":{"line":647,"column":14},"end":{"line":647,"column":57}},"110":{"start":{"line":649,"column":2},"end":{"line":649,"column":15}},"111":{"start":{"line":652,"column":20},"end":{"line":668,"column":1}},"112":{"start":{"line":670,"column":18},"end":{"line":740,"column":1}},"113":{"start":{"line":742,"column":0},"end":{"line":742,"column":24}}},"fnMap":{"0":{"name":"(anonymous_0)","decl":{"start":{"line":15,"column":17},"end":{"line":15,"column":18}},"loc":{"start":{"line":15,"column":37},"end":{"line":34,"column":1}},"line":15},"1":{"name":"testEmptyInput","decl":{"start":{"line":36,"column":15},"end":{"line":36,"column":29}},"loc":{"start":{"line":36,"column":32},"end":{"line":43,"column":1}},"line":36},"2":{"name":"testNoEmployees","decl":{"start":{"line":46,"column":15},"end":{"line":46,"column":30}},"loc":{"start":{"line":46,"column":33},"end":{"line":69,"column":1}},"line":46},"3":{"name":"testOneEmployeeNoConflicts","decl":{"start":{"line":72,"column":15},"end":{"line":72,"column":41}},"loc":{"start":{"line":72,"column":44},"end":{"line":108,"column":1}},"line":72},"4":{"name":"testOneEmployeeOneHourConflict","decl":{"start":{"line":111,"column":15},"end":{"line":111,"column":45}},"loc":{"start":{"line":111,"column":48},"end":{"line":147,"column":1}},"line":111},"5":{"name":"testOneEmployeeMondayConflict","decl":{"start":{"line":150,"column":15},"end":{"line":150,"column":44}},"loc":{"start":{"line":150,"column":47},"end":{"line":186,"column":1}},"line":150},"6":{"name":"testTwoEmployeesNoConflict","decl":{"start":{"line":189,"column":15},"end":{"line":189,"column":41}},"loc":{"start":{"line":189,"column":44},"end":{"line":237,"column":1}},"line":189},"7":{"name":"testTwoEmployeesConflictsLateInWeek","decl":{"start":{"line":240,"column":15},"end":{"line":240,"column":50}},"loc":{"start":{"line":240,"column":53},"end":{"line":288,"column":1}},"line":240},"8":{"name":"testTwoEmployeesBothFullDayConflicts","decl":{"start":{"line":291,"column":15},"end":{"line":291,"column":51}},"loc":{"start":{"line":291,"column":54},"end":{"line":339,"column":1}},"line":291},"9":{"name":"testTenEmployeesNoConflicts","decl":{"start":{"line":341,"column":15},"end":{"line":341,"column":42}},"loc":{"start":{"line":341,"column":45},"end":{"line":425,"column":1}},"line":341},"10":{"name":"testTenEmployeeOneConflictEach","decl":{"start":{"line":427,"column":15},"end":{"line":427,"column":45}},"loc":{"start":{"line":427,"column":48},"end":{"line":517,"column":1}},"line":427},"11":{"name":"makeArrayOfEmployees","decl":{"start":{"line":519,"column":9},"end":{"line":519,"column":29}},"loc":{"start":{"line":519,"column":41},"end":{"line":531,"column":1}},"line":519},"12":{"name":"randomEmployee","decl":{"start":{"line":533,"column":9},"end":{"line":533,"column":23}},"loc":{"start":{"line":533,"column":48},"end":{"line":538,"column":1}},"line":533},"13":{"name":"isAvailable","decl":{"start":{"line":540,"column":9},"end":{"line":540,"column":20}},"loc":{"start":{"line":547,"column":2},"end":{"line":583,"column":1}},"line":547},"14":{"name":"createSchedule","decl":{"start":{"line":585,"column":9},"end":{"line":585,"column":23}},"loc":{"start":{"line":585,"column":53},"end":{"line":598,"column":1}},"line":585},"15":{"name":"algorithm","decl":{"start":{"line":600,"column":9},"end":{"line":600,"column":18}},"loc":{"start":{"line":600,"column":53},"end":{"line":650,"column":1}},"line":600}},"branchMap":{"0":{"loc":{"start":{"line":549,"column":2},"end":{"line":551,"column":3}},"type":"if","locations":[{"start":{"line":549,"column":2},"end":{"line":551,"column":3}},{"start":{"line":549,"column":2},"end":{"line":551,"column":3}}],"line":549},"1":{"loc":{"start":{"line":564,"column":4},"end":{"line":566,"column":5}},"type":"if","locations":[{"start":{"line":564,"column":4},"end":{"line":566,"column":5}},{"start":{"line":564,"column":4},"end":{"line":566,"column":5}}],"line":564},"2":{"loc":{"start":{"line":564,"column":8},"end":{"line":564,"column":67}},"type":"binary-expr","locations":[{"start":{"line":564,"column":8},"end":{"line":564,"column":29}},{"start":{"line":564,"column":33},"end":{"line":564,"column":67}}],"line":564},"3":{"loc":{"start":{"line":569,"column":6},"end":{"line":571,"column":7}},"type":"if","locations":[{"start":{"line":569,"column":6},"end":{"line":571,"column":7}},{"start":{"line":569,"column":6},"end":{"line":571,"column":7}}],"line":569},"4":{"loc":{"start":{"line":569,"column":12},"end":{"line":569,"column":44}},"type":"binary-expr","locations":[{"start":{"line":569,"column":12},"end":{"line":569,"column":26}},{"start":{"line":569,"column":30},"end":{"line":569,"column":44}}],"line":569},"5":{"loc":{"start":{"line":575,"column":2},"end":{"line":580,"column":3}},"type":"if","locations":[{"start":{"line":575,"column":2},"end":{"line":580,"column":3}},{"start":{"line":575,"column":2},"end":{"line":580,"column":3}}],"line":575},"6":{"loc":{"start":{"line":628,"column":10},"end":{"line":631,"column":11}},"type":"if","locations":[{"start":{"line":628,"column":10},"end":{"line":631,"column":11}},{"start":{"line":628,"column":10},"end":{"line":631,"column":11}}],"line":628},"7":{"loc":{"start":{"line":634,"column":8},"end":{"line":641,"column":9}},"type":"if","locations":[{"start":{"line":634,"column":8},"end":{"line":641,"column":9}},{"start":{"line":634,"column":8},"end":{"line":641,"column":9}}],"line":634}},"s":{"0":1,"1":1,"2":1,"3":1,"4":0,"5":0,"6":0,"7":0,"8":0,"9":0,"10":0,"11":0,"12":0,"13":0,"14":0,"15":0,"16":0,"17":0,"18":0,"19":0,"20":0,"21":0,"22":0,"23":0,"24":0,"25":0,"26":0,"27":0,"28":0,"29":0,"30":0,"31":0,"32":0,"33":0,"34":0,"35":0,"36":0,"37":0,"38":0,"39":0,"40":0,"41":0,"42":0,"43":0,"44":0,"45":0,"46":0,"47":0,"48":0,"49":0,"50":0,"51":0,"52":0,"53":0,"54":0,"55":0,"56":0,"57":0,"58":0,"59":0,"60":0,"61":0,"62":0,"63":0,"64":0,"65":0,"66":0,"67":0,"68":0,"69":0,"70":0,"71":0,"72":0,"73":0,"74":0,"75":0,"76":0,"77":0,"78":0,"79":0,"80":0,"81":0,"82":0,"83":0,"84":0,"85":0,"86":0,"87":0,"88":0,"89":0,"90":0,"91":0,"92":0,"93":0,"94":0,"95":0,"96":0,"97":0,"98":0,"99":0,"100":0,"101":0,"102":0,"103":0,"104":0,"105":0,"106":0,"107":0,"108":0,"109":0,"110":0,"111":1,"112":1,"113":1},"f":{"0":0,"1":0,"2":0,"3":0,"4":0,"5":0,"6":0,"7":0,"8":0,"9":0,"10":0,"11":0,"12":0,"13":0,"14":0,"15":0},"b":{"0":[0,0],"1":[0,0],"2":[0,0],"3":[0,0],"4":[0,0],"5":[0,0],"6":[0,0],"7":[0,0]},"_coverageSchema":"1a1c01bbd47fc00a2c39e90264f33305004495a9","hash":"20886662aa3043f564efb4cc2321c26288b4ab6e","contentHash":"525d98d0cef2cec186d0894065731ea55add0c1e2afe9ff78ecca8fd88d06a70"}}